0.00114067
0.11484950
0.94333333
0.04219968
0.00000000
0.02559510
0.03814267
0.92786525
0.79880426
0.98080268
0.00113596
0.37958595
0.35797326
0.50058249
0.98333333
0.99999282
0.24421943
0.17175771
0.61795981
0.25156239
0.01187682
0.35462404
0.06115853
0.94729097
0.99998130
0.72323169
0.19730319
0.31726322
0.12148573
0.02663920
0.56674130
0.92330818
0.12439675
0.88666666
0.97211008
0.29495563
0.90555551
0.64906854
0.98515050
0.96305146
0.65537787
0.89323491
0.00000000
0.19517201
0.06943765
0.77301252
0.64328384
0.00074849
0.99941547
1.00000000
0.00000000
0.50414373
0.01828317
0.99986622
0.80625055
0.99094158
0.11638081
0.99154196
0.63704517
0.13365858
0.97666666
0.16817622
0.07374386
0.99989931
0.00000000
0.76788638
0.83521358
1.00000000
0.79054472
0.61799713
0.62818790
0.00822075
0.98802363
0.82286101
0.00002300
0.04702488
0.06012061
1.00000000
0.04631829
0.00000000
0.06943257
0.00008236
0.86693712
0.28159371
0.00099209
0.00217051
0.93002119
0.69671943
0.71587301
0.28864045
0.40021754
0.25470412
0.39526444
0.15305495
0.98175544
0.99000000
0.00232898
0.00000000
0.99999962
0.03813061
