-1
-1
***
34 45 1 1000 2 5 999
13 46 1 500 2 5 499
14 47 1 250 2 5 249
0 0 1 125 2 5 125
0 0 1 63 2 5 63
0 0 1 32 2 5 32
0 0 1 16 2 5 16
0 0 1 8 2 5 8
0 0 5 8 2 5 4
0 0 5 6 2 5 2
0 0 5 5 2 5 1
11
***
23 77 1 1000 6 7 995
13 78 1 500 6 7 497
14 79 1 250 6 7 247
0 59 1 125 6 7 124
0 60 1 63 6 7 62
0 61 1 32 6 7 31
0 0 1 16 6 7 16
0 0 1 8 6 7 8
0 0 5 8 6 7 4
0 0 7 8 6 7 2
0 0 7 7 6 7 1
35
***
67 77 1 1000 680 681 999
68 68 501 1000 680 681 500
69 69 501 750 680 681 250
0 0 626 750 680 681 125
0 0 626 688 680 681 63
0 0 658 688 680 681 31
0 0 674 688 680 681 15
0 0 674 681 680 681 8
0 0 678 681 680 681 4
0 0 680 681 680 681 2
0 0 681 681 680 681 1
162
-1
-1
-1
-1
-1
***
45 131 1 1000 351 353 992
46 121 1 500 351 353 496
0 111 251 500 351 353 249
0 112 251 375 351 353 124
0 113 314 375 351 353 61
0 114 345 375 351 353 30
0 115 345 360 351 353 15
0 0 353 360 351 353 8
0 0 353 356 351 353 4
0 0 353 354 351 353 2
0 0 353 353 351 353 1
0 116 345 352 351 353 7
0 117 349 352 351 353 3
0 0 351 352 351 353 2
0 0 352 352 351 353 1
0 0 351 351 351 353 1
9
-1
-1
-1
-1
-1
-1
-1
***
164 252 1 1000 442 445 992
143 231 1 500 442 445 496
111 221 251 500 442 445 249
0 222 376 500 442 445 124
0 223 439 500 442 445 61
0 0 439 469 442 445 31
0 0 439 454 442 445 16
0 0 439 446 442 445 8
0 0 443 446 442 445 4
0 0 445 446 442 445 2
0 0 445 445 442 445 1
0 0 443 444 442 445 2
0 0 444 444 442 445 1
14
***
88 285 1 1000 1 5 982
78 264 1 500 1 5 492
79 265 1 250 1 5 244
59 266 1 125 1 5 122
60 267 1 63 1 5 60
61 147 1 32 1 5 31
0 148 1 16 1 5 15
0 0 1 8 1 5 8
0 0 5 8 1 5 4
0 0 5 6 1 5 2
0 0 5 5 1 5 1
11
-1
***
252 362 1 1000 442 443 990
231 352 1 500 442 443 496
221 353 251 500 442 443 249
222 222 376 500 442 443 125
223 223 439 500 442 443 62
0 0 439 469 442 443 31
0 0 439 454 442 443 16
0 0 439 446 442 443 8
0 0 443 446 442 443 4
0 0 443 444 442 443 2
0 0 443 443 442 443 1
10
***
77 362 1 1000 2 5 974
78 352 1 500 2 5 489
79 342 1 250 2 5 242
59 343 1 125 2 5 121
60 344 1 63 2 5 59
61 345 1 32 2 5 30
0 346 1 16 2 5 14
0 0 1 8 2 5 8
0 0 5 8 2 5 4
0 0 5 6 2 5 2
0 0 5 5 2 5 1
0 0 1 4 2 5 4
0 0 3 4 2 5 2
0 0 4 4 2 5 1
7
***
164 362 1 1000 4 9 982
143 352 1 500 4 9 492
144 342 1 250 4 9 244
145 343 1 125 4 9 122
146 344 1 63 4 9 60
147 345 1 32 4 9 31
148 346 1 16 4 9 15
149 347 9 16 4 9 7
150 150 9 12 4 9 4
0 0 9 10 4 9 2
0 0 9 9 4 9 1
0 0 1 8 4 9 8
0 0 5 8 4 9 4
0 0 7 8 4 9 2
0 0 8 8 4 9 1
0 0 7 7 4 9 1
35
***
175 384 1 1000 718 720 981
176 385 501 1000 718 720 490
155 386 501 750 718 720 243
0 189 626 750 718 720 124
0 0 689 750 718 720 62
0 0 720 750 718 720 31
0 0 720 735 718 720 16
0 0 720 727 718 720 8
0 0 720 723 718 720 4
0 0 720 721 718 720 2
0 0 720 720 718 720 1
117
-1
***
186 439 1 1000 1 4 977
143 418 1 500 1 4 489
144 419 1 250 1 4 242
145 420 1 125 1 4 120
146 344 1 63 1 4 60
147 345 1 32 1 4 31
148 346 1 16 1 4 15
0 0 1 8 1 4 8
0 0 1 4 1 4 4
0 0 3 4 1 4 2
0 0 1 2 1 4 2
0 0 2 2 1 4 1
2
-1
-1
-1
-1
-1
-1
-1
-1
-1
***
384 516 1 1000 1 5 988
374 484 1 500 1 5 494
342 485 1 250 1 5 245
343 464 1 125 1 5 121
344 454 1 63 1 5 62
345 345 1 32 1 5 32
346 346 1 16 1 5 16
0 0 1 8 1 5 8
0 0 5 8 1 5 4
0 0 5 6 1 5 2
0 0 5 5 1 5 1
0 0 1 4 1 5 4
0 0 3 4 1 5 2
0 0 4 4 1 5 1
7
***
285 538 1 1000 289 293 977
264 539 1 500 289 293 489
221 474 251 500 289 293 247
112 376 251 375 289 293 123
0 377 251 313 289 293 62
0 0 283 313 289 293 31
0 0 283 298 289 293 16
0 0 291 298 289 293 8
0 0 291 294 289 293 4
0 0 293 294 289 293 2
0 0 293 293 289 293 1
266
-1
-1
***
472 571 1 1000 526 526 991
440 572 501 1000 526 526 494
430 518 501 750 526 526 248
387 519 501 625 526 526 123
388 388 501 563 526 526 63
389 389 501 532 526 526 32
390 390 517 532 526 526 16
391 391 525 532 526 526 8
392 392 525 528 526 526 4
0 0 525 526 526 526 2
0 0 526 526 526 526 1
234
***
120 571 1 1000 5 12 959
121 550 1 500 5 12 482
122 540 1 250 5 12 237
59 541 1 125 5 12 116
60 454 1 63 5 12 58
61 345 1 32 5 12 30
0 346 1 16 5 12 14
0 347 9 16 5 12 6
0 150 9 12 5 12 3
0 151 11 12 5 12 1
0 0 9 10 5 12 2
0 0 10 10 5 12 1
209
-1
***
483 593 1 1000 4 6 990
484 583 1 500 4 6 497
485 584 1 250 4 6 248
464 541 1 125 4 6 124
454 454 1 63 4 6 63
345 345 1 32 4 6 32
346 346 1 16 4 6 16
0 0 1 8 4 6 8
0 0 5 8 4 6 4
0 0 5 6 4 6 2
0 0 6 6 4 6 1
0 0 5 5 4 6 1
11
-1
***
351 593 1 1000 2 4 978
352 583 1 500 2 4 490
342 584 1 250 2 4 243
343 541 1 125 2 4 120
344 454 1 63 2 4 62
345 345 1 32 2 4 32
346 346 1 16 2 4 16
0 0 1 8 2 4 8
0 0 1 4 2 4 4
0 0 3 4 2 4 2
0 0 4 4 2 4 1
7
***
472 604 1 1000 133 138 988
473 605 1 500 133 138 495
463 584 1 250 133 138 247
310 585 126 250 133 138 123
212 487 126 188 133 138 62
50 50 126 157 133 138 32
51 51 126 141 133 138 16
0 0 134 141 133 138 8
0 0 138 141 133 138 4
0 0 138 139 133 138 2
0 0 138 138 133 138 1
0 0 134 137 133 138 4
0 0 136 137 133 138 2
0 0 134 135 133 138 2
0 0 135 135 133 138 1
0 0 134 134 133 138 1
82
-1
-1
***
450 626 1 1000 2 9 984
451 605 1 500 2 9 493
452 584 1 250 2 9 246
453 541 1 125 2 9 123
454 454 1 63 2 9 63
345 345 1 32 2 9 32
346 346 1 16 2 9 16
347 347 9 16 2 9 8
150 150 9 12 2 9 4
0 0 9 10 2 9 2
0 0 9 9 2 9 1
0 0 1 8 2 9 8
0 0 5 8 2 9 4
0 0 7 8 2 9 2
0 0 8 8 2 9 1
0 0 7 7 2 9 1
35
-1
-1
***
450 659 1 1000 947 948 981
440 660 501 1000 947 948 489
441 661 751 1000 947 948 243
409 618 876 1000 947 948 123
410 619 939 1000 947 948 60
279 576 939 969 947 948 30
280 280 939 954 947 948 16
0 0 947 954 947 948 8
0 0 947 950 947 948 4
0 0 947 948 947 948 2
0 0 948 948 947 948 1
293
-1
***
109 692 1 1000 501 503 947
100 660 501 1000 501 503 472
69 639 501 750 501 503 237
70 596 501 625 501 503 115
71 597 501 563 501 503 56
39 389 501 532 501 503 28
40 291 501 516 501 503 14
41 259 501 508 501 503 7
42 260 501 504 501 503 3
43 261 503 504 501 503 1
0 262 503 503 501 503 0
0 0 501 502 501 503 2
0 0 502 502 501 503 1
0 0 501 501 501 503 1
17
***
659 692 1 1000 718 723 997
660 660 501 1000 718 723 500
639 639 501 750 718 723 250
640 640 626 750 718 723 125
432 432 689 750 718 723 62
0 0 720 750 718 723 31
0 0 720 735 718 723 16
0 0 720 727 718 723 8
0 0 720 723 718 723 4
0 0 722 723 718 723 2
0 0 720 721 718 723 2
0 0 721 721 718 723 1
156
***
88 692 1 1000 133 136 945
78 693 1 500 133 136 474
79 672 1 250 133 136 234
80 585 126 250 133 136 119
49 487 126 188 133 136 61
50 50 126 157 133 136 32
51 51 126 141 133 136 16
0 0 134 141 133 136 8
0 0 134 137 133 136 4
0 0 136 137 133 136 2
0 0 136 136 133 136 1
0 0 134 135 133 136 2
0 0 135 135 133 136 1
0 0 134 134 133 136 1
82
***
77 692 1 1000 1 5 944
78 693 1 500 1 5 474
79 672 1 250 1 5 234
59 673 1 125 1 5 115
60 674 1 63 1 5 57
61 675 1 32 1 5 29
0 676 1 16 1 5 13
0 677 1 8 1 5 7
0 0 5 8 1 5 4
0 0 5 6 1 5 2
0 0 5 5 1 5 1
11
-1
***
77 692 1 1000 548 548 944
68 660 501 1000 548 548 470
69 639 501 750 548 548 237
70 596 501 625 548 548 115
71 597 501 563 548 548 56
72 598 533 563 548 548 28
0 599 533 548 548 548 14
0 600 541 548 548 548 6
0 161 545 548 548 548 3
0 0 547 548 548 548 2
0 0 548 548 548 548 1
19
***
99 692 1 1000 51 56 946
78 693 1 500 51 56 474
79 672 1 250 51 56 234
59 673 1 125 51 56 115
60 674 1 63 51 56 57
0 455 33 63 51 56 28
0 456 49 63 51 56 13
0 457 49 56 51 56 7
0 458 53 56 51 56 3
0 0 49 52 51 56 4
0 0 51 52 51 56 2
0 0 52 52 51 56 1
98
***
560 692 1 1000 51 56 988
550 693 1 500 51 56 494
540 672 1 250 51 56 248
541 673 1 125 51 56 124
454 674 1 63 51 56 62
455 455 33 63 51 56 31
456 456 49 63 51 56 15
457 457 49 56 51 56 8
458 458 53 56 51 56 4
0 0 55 56 51 56 2
459 459 53 54 51 56 2
460 460 54 54 51 56 1
186
***
505 692 1 1000 351 354 983
484 693 1 500 351 354 492
474 694 251 500 351 354 245
376 684 251 375 351 354 124
355 355 314 375 351 354 62
114 114 345 375 351 354 31
115 115 345 360 351 354 16
0 0 353 360 351 354 8
0 0 353 356 351 354 4
0 0 353 354 351 354 2
116 116 345 352 351 354 8
117 117 349 352 351 354 4
0 0 351 352 351 354 2
0 0 352 352 351 354 1
0 0 351 351 351 354 1
9
-1
-1
***
670 703 1 1000 113 116 997
671 704 1 500 113 116 497
672 705 1 250 113 116 249
673 706 1 125 113 116 124
542 542 64 125 113 116 62
543 543 95 125 113 116 31
423 423 111 125 113 116 15
424 424 111 118 113 116 8
425 425 115 118 113 116 4
426 426 115 116 113 116 2
0 0 111 114 113 116 4
0 0 113 114 113 116 2
0 0 114 114 113 116 1
0 0 113 113 113 116 1
173
***
450 725 1 1000 178 178 975
451 715 1 500 178 178 487
452 705 1 250 178 178 244
310 585 126 250 178 178 123
212 487 126 188 178 178 62
213 488 158 188 178 178 30
0 489 174 188 178 178 14
0 490 174 181 178 178 7
0 0 178 181 178 178 4
0 0 178 179 178 178 2
0 0 178 178 178 178 1
22
-1
***
703 747 1 1000 1 6 996
704 748 1 500 1 6 498
705 705 1 250 1 6 250
706 706 1 125 1 6 125
707 707 1 63 1 6 63
708 708 1 32 1 6 32
676 676 1 16 1 6 16
677 677 1 8 1 6 8
0 0 5 8 1 6 4
0 0 5 6 1 6 2
678 678 1 4 1 6 4
679 679 3 4 1 6 2
680 680 4 4 1 6 1
0 0 3 3 1 6 1
5
***
593 747 1 1000 409 410 986
583 748 1 500 409 410 492
551 749 251 500 409 410 244
552 717 376 500 409 410 121
476 718 376 438 409 410 61
0 0 408 438 409 410 31
0 0 408 423 409 410 16
0 0 408 415 409 410 8
0 0 408 411 409 410 4
0 0 410 411 409 410 2
0 0 410 410 409 410 1
0 0 408 409 409 410 2
0 0 409 409 409 410 1
452
-1
-1
-1
***
692 791 1 1000 548 551 991
660 792 501 1000 548 551 495
639 782 501 750 548 551 248
596 772 501 625 548 551 124
597 773 501 563 548 551 62
598 598 533 563 548 551 31
335 335 549 563 548 551 15
336 336 549 556 548 551 8
0 0 549 552 548 551 4
0 0 551 552 548 551 2
0 0 551 551 548 551 1
484
-1
-1
***
439 856 1 1000 862 862 962
440 824 501 1000 862 862 483
441 825 751 1000 862 862 239
442 739 751 875 862 862 119
179 740 814 875 862 862 58
180 565 845 875 862 862 28
137 533 861 875 862 862 14
138 138 861 868 862 862 8
139 139 861 864 862 862 4
140 140 861 862 862 862 2
141 141 862 862 862 862 1
131
-1
-1
-1
-1
-1
-1
-1
***
395 986 1 1000 1 4 946
396 977 1 500 1 4 471
397 891 1 250 1 4 238
398 892 1 125 1 4 118
344 893 1 63 1 4 59
345 708 1 32 1 4 30
346 676 1 16 1 4 15
0 677 1 8 1 4 7
0 678 1 4 1 4 3
0 679 3 4 1 4 1
0 0 1 2 1 4 2
0 0 2 2 1 4 1
0 0 1 1 1 4 1
1
***
45 997 1 1000 2 4 913
46 998 1 500 2 4 455
47 999 1 250 2 4 226
0 1000 1 125 2 4 111
0 1001 1 63 2 4 53
0 1002 1 32 2 4 26
0 1003 1 16 2 4 12
0 677 1 8 2 4 7
0 678 1 4 2 4 3
0 679 3 4 2 4 1
0 680 4 4 2 4 0
0 0 3 3 2 4 1
5
-1
***
252 997 1 1000 289 293 932
231 998 1 500 289 293 464
221 978 251 500 289 293 231
112 979 251 375 289 293 119
0 849 251 313 289 293 60
0 0 283 313 289 293 31
0 0 283 298 289 293 16
0 0 291 298 289 293 8
0 0 291 294 289 293 4
0 0 293 294 289 293 2
0 0 293 293 289 293 1
0 0 291 292 289 293 2
0 0 292 292 289 293 1
114
***
153 1008 1 1000 1 3 922
143 998 1 500 1 3 460
144 999 1 250 1 3 230
145 1000 1 125 1 3 113
146 1001 1 63 1 3 55
147 1002 1 32 1 3 28
148 1003 1 16 1 3 13
0 677 1 8 1 3 7
0 678 1 4 1 3 3
0 679 3 4 1 3 1
0 0 3 3 1 3 1
0 0 1 2 1 3 2
0 0 2 2 1 3 1
2
***
516 1019 1 1000 818 820 954
517 1009 501 1000 818 820 480
507 825 751 1000 818 820 240
508 739 751 875 818 820 120
509 740 814 875 818 820 59
28 741 814 844 818 820 30
0 742 814 829 818 820 15
0 743 814 821 818 820 7
0 0 818 821 818 820 4
0 0 820 821 818 820 2
0 0 820 820 818 820 1
0 0 818 819 818 820 2
0 0 819 819 818 820 1
529
-1
***
1030 1041 1 1000 442 448 999
1031 1031 1 500 442 448 500
978 978 251 500 442 448 250
968 968 376 500 442 448 125
969 969 439 500 442 448 62
970 970 439 469 442 448 31
960 960 439 454 442 448 16
765 765 447 454 442 448 8
0 0 447 450 442 448 4
0 0 447 448 442 448 2
961 961 439 446 442 448 8
962 962 443 446 442 448 4
963 963 445 446 442 448 2
0 0 446 446 442 448 1
55
***
175 1041 1 1000 289 292 921
143 1031 1 500 289 292 458
111 978 251 500 289 292 230
112 979 251 375 289 292 119
0 849 251 313 289 292 60
0 0 283 313 289 292 31
0 0 283 298 289 292 16
0 0 291 298 289 292 8
0 0 291 294 289 292 4
0 0 291 292 289 292 2
0 0 283 290 289 292 8
0 0 287 290 289 292 4
0 0 289 290 289 292 2
0 0 290 290 289 292 1
67
***
285 1052 1 1000 223 223 930
264 1031 1 500 223 223 463
265 1032 1 250 223 223 232
211 1022 126 250 223 223 118
201 871 189 250 223 223 58
0 807 220 250 223 223 29
0 313 220 235 223 223 15
0 314 220 227 223 223 7
0 0 220 223 223 223 4
0 0 222 223 223 223 2
0 0 223 223 223 223 1
28
***
889 1063 1 1000 157 158 984
890 1031 1 500 157 158 493
891 1032 1 250 157 158 247
870 1022 126 250 157 158 124
838 1023 126 188 157 158 62
488 488 158 188 157 158 31
214 214 158 173 157 158 16
0 0 158 165 157 158 8
0 0 158 161 157 158 4
0 0 158 159 157 158 2
0 0 158 158 157 158 1
283
***
88 1074 1 1000 1 6 910
78 1031 1 500 1 6 455
79 1032 1 250 1 6 226
59 1033 1 125 1 6 111
60 1034 1 63 1 6 53
61 1002 1 32 1 6 27
0 1003 1 16 1 6 12
0 677 1 8 1 6 7
0 0 5 8 1 6 4
0 0 5 6 1 6 2
0 0 6 6 1 6 1
0 0 5 5 1 6 1
11
***
911 1074 1 1000 442 442 985
890 1031 1 500 442 442 493
880 978 251 500 442 442 246
881 968 376 500 442 442 122
882 969 439 500 442 442 59
817 970 439 469 442 442 28
818 960 439 454 442 442 15
819 961 439 446 442 442 7
820 820 439 442 442 442 4
0 0 441 442 442 442 2
0 0 442 442 442 442 1
8
-1
***
505 1085 1 1000 2 4 947
484 1031 1 500 2 4 473
485 1032 1 250 2 4 239
464 1033 1 125 2 4 119
454 1034 1 63 2 4 58
345 1002 1 32 2 4 29
346 1003 1 16 2 4 14
0 677 1 8 2 4 7
0 678 1 4 2 4 3
0 679 3 4 2 4 1
0 680 4 4 2 4 0
0 0 3 3 2 4 1
5
***
450 1107 1 1000 2 2 940
451 1097 1 500 2 2 469
452 1032 1 250 2 2 237
453 1033 1 125 2 2 118
454 1034 1 63 2 2 58
345 1002 1 32 2 2 29
346 1003 1 16 2 2 14
0 677 1 8 2 2 7
0 678 1 4 2 2 3
0 0 1 2 2 2 2
0 0 2 2 2 2 1
2
-1
-1
***
285 1140 1 1000 1 7 922
264 1141 1 500 1 7 461
265 1142 1 250 1 7 231
266 1033 1 125 1 7 114
267 1034 1 63 1 7 56
147 1002 1 32 1 7 28
148 1003 1 16 1 7 13
0 677 1 8 1 7 7
0 0 5 8 1 7 4
0 0 7 8 1 7 2
0 0 7 7 1 7 1
0 0 5 6 1 7 2
0 0 6 6 1 7 1
32
***
747 1195 1 1000 2 4 959
748 1174 1 500 2 4 479
705 1164 1 250 2 4 240
706 1165 1 125 2 4 120
707 1034 1 63 2 4 60
708 1002 1 32 2 4 31
676 1003 1 16 2 4 15
677 677 1 8 2 4 8
678 678 1 4 2 4 4
679 679 3 4 2 4 2
680 680 4 4 2 4 1
7
-1
***
1096 1217 1 1000 411 413 989
1097 1218 1 500 411 413 494
1098 1175 251 500 411 413 249
968 968 376 500 411 413 125
718 718 376 438 411 413 63
0 0 408 438 411 413 31
0 0 408 423 411 413 16
0 0 408 415 411 413 8
0 0 412 415 411 413 4
0 0 412 413 411 413 2
0 0 413 413 411 413 1
0 0 412 412 411 413 1
319
***
670 1228 1 1000 4 4 949
671 1229 1 500 4 4 471
672 1230 1 250 4 4 236
673 1209 1 125 4 4 118
674 1034 1 63 4 4 59
675 1002 1 32 4 4 30
676 1003 1 16 4 4 15
677 677 1 8 4 4 8
678 678 1 4 4 4 4
679 679 3 4 4 4 2
680 680 4 4 4 4 1
7
***
164 1228 1 1000 4 5 903
143 1229 1 500 4 5 450
144 1230 1 250 4 5 222
145 1209 1 125 4 5 109
146 1034 1 63 4 5 54
147 1002 1 32 4 5 28
148 1003 1 16 4 5 13
0 677 1 8 4 5 7
0 0 5 8 4 5 4
0 0 5 6 4 5 2
0 0 5 5 4 5 1
11
-1
-1
-1
-1
-1
-1
-1
***
932 1327 1 1000 1 4 964
923 1317 1 500 1 4 481
891 1318 1 250 1 4 238
892 1319 1 125 1 4 118
893 1265 1 63 1 4 60
708 1266 1 32 1 4 30
676 1267 1 16 1 4 14
677 1268 1 8 1 4 7
678 1269 1 4 1 4 3
679 1270 3 4 1 4 1
0 0 1 2 1 4 2
0 0 2 2 1 4 1
0 0 1 1 1 4 1
1
-1
-1
***
976 1338 1 1000 208 213 967
977 1317 1 500 208 213 484
891 1318 1 250 208 213 238
870 1297 126 250 208 213 120
871 1144 189 250 208 213 61
872 1145 189 219 208 213 30
588 1146 205 219 208 213 14
0 0 213 219 208 213 7
0 0 213 216 208 213 4
0 0 213 214 208 213 2
0 0 213 213 208 213 1
589 1147 205 212 208 213 7
205 1148 209 212 208 213 3
206 206 211 212 208 213 2
207 207 212 212 208 213 1
0 0 211 211 208 213 1
731
***
878 1338 1 1000 905 910 958
824 1339 501 1000 905 910 479
825 1329 751 1000 905 910 243
826 1330 876 1000 905 910 121
92 1331 876 938 905 910 61
0 1277 908 938 905 910 30
0 1278 908 923 905 910 15
0 1279 908 915 905 910 7
0 1280 908 911 905 910 3
0 1281 910 911 905 910 1
0 1282 910 910 905 910 0
0 0 908 909 905 910 2
93 1332 876 907 905 910 31
0 1333 892 907 905 910 15
0 0 900 907 905 910 8
0 0 904 907 905 910 4
0 0 906 907 905 910 2
0 0 904 905 905 910 2
0 0 905 905 905 910 1
3
-1
***
692 1459 1 1000 769 772 930
660 1460 501 1000 769 772 465
661 1428 751 1000 769 772 235
662 1352 751 875 769 772 120
663 1353 751 813 769 772 61
323 323 751 782 769 772 32
324 324 767 782 769 772 16
325 325 767 774 769 772 8
326 326 771 774 769 772 4
0 0 771 772 769 772 2
0 0 767 770 769 772 4
0 0 769 770 769 772 2
0 0 770 770 769 772 1
0 0 769 769 769 772 1
4
-1
-1
-1
***
637 1547 1 1000 570 570 917
638 1526 501 1000 570 570 461
639 1461 501 750 570 570 230
596 1451 501 625 570 570 115
520 1452 564 625 570 570 58
521 1453 564 594 570 570 27
522 522 564 579 570 570 16
0 0 564 571 570 570 8
0 0 568 571 570 570 4
0 0 570 571 570 570 2
0 0 570 570 570 570 1
37
-1
-1
-1
-1
***
494 1602 1 1000 113 116 899
484 1603 1 500 113 116 448
485 1604 1 250 113 116 222
464 1605 1 125 113 116 111
465 1320 64 125 113 116 57
422 1321 95 125 113 116 27
423 1322 111 125 113 116 13
424 1158 111 118 113 116 7
425 1159 115 118 113 116 3
426 426 115 116 113 116 2
0 0 111 114 113 116 4
0 0 113 114 113 116 2
0 0 114 114 113 116 1
393
-1
-1
-1
***
571 1657 1 1000 351 351 901
550 1658 1 500 351 351 447
551 1659 251 500 351 351 224
376 1660 251 375 351 351 114
355 1617 314 375 351 351 57
114 1618 345 375 351 351 29
115 753 345 360 351 351 15
116 116 345 352 351 351 8
117 117 349 352 351 351 4
0 0 351 352 351 351 2
0 0 351 351 351 351 1
9
-1
***
834 1657 1 1000 5 6 925
835 1658 1 500 5 6 460
836 1604 1 250 5 6 228
706 1605 1 125 5 6 114
707 1606 1 63 5 6 56
708 1497 1 32 5 6 29
676 1498 1 16 5 6 13
677 1268 1 8 5 6 7
0 0 5 8 5 6 4
0 0 5 6 5 6 2
0 0 6 6 5 6 1
0 0 5 5 5 6 1
11
-1
-1
-1
-1
***
692 1734 1 1000 501 505 905
660 1724 501 1000 501 505 455
639 1725 501 750 501 505 226
596 1715 501 625 501 505 113
597 1342 501 563 501 505 57
389 1189 501 532 501 505 28
291 1190 501 516 501 505 14
259 950 501 508 501 505 7
0 0 505 508 501 505 4
0 0 505 506 501 505 2
0 0 505 505 501 505 1
260 951 501 504 501 505 3
261 261 503 504 501 505 2
44 44 504 504 501 505 1
262 262 503 503 501 505 1
192
***
1206 1734 1 1000 985 988 952
1196 1724 501 1000 985 988 477
1131 1703 751 1000 985 988 237
1121 1528 876 1000 985 988 119
1122 1122 939 1000 985 988 62
620 620 970 1000 985 988 31
0 0 986 1000 985 988 15
0 0 986 993 985 988 8
0 0 986 989 985 988 4
0 0 988 989 985 988 2
0 0 988 988 985 988 1
0 0 986 987 985 988 2
0 0 987 987 985 988 1
476
-1
***
593 1745 1 1000 584 590 895
594 1724 501 1000 584 590 451
595 1725 501 750 584 590 225
596 1715 501 625 584 590 113
520 1716 564 625 584 590 56
521 1453 564 594 584 590 27
500 1454 580 594 584 590 11
303 1455 588 594 584 590 4
0 1456 588 591 584 590 2
0 1457 590 591 584 590 0
0 1458 590 590 584 590 0
0 0 588 589 584 590 2
501 1070 580 587 584 590 7
502 502 584 587 584 590 4
0 0 586 587 584 590 2
503 503 584 585 584 590 2
0 0 585 585 584 590 1
504 504 584 584 584 590 1
48
***
1690 1745 1 1000 584 586 995
1691 1724 501 1000 584 586 497
1692 1725 501 750 584 586 248
1583 1715 501 625 584 586 124
1584 1716 564 625 584 586 61
1453 1453 564 594 584 586 31
1454 1454 580 594 584 586 15
1070 1070 580 587 584 586 8
502 502 584 587 584 586 4
0 0 586 587 584 586 2
0 0 586 586 584 586 1
503 503 584 585 584 586 2
0 0 585 585 584 586 1
75
-1
-1
-1
***
1228 1854 1 1000 289 294 943
1229 1855 1 500 289 294 470
1175 1856 251 500 289 294 237
1176 1792 251 375 289 294 118
1100 1793 251 313 289 294 59
0 1794 283 313 289 294 29
0 0 283 298 289 294 16
0 0 291 298 289 294 8
0 0 291 294 289 294 4
0 0 293 294 289 294 2
0 0 291 292 289 294 2
0 0 292 292 289 294 1
0 0 291 291 289 294 1
85
***
230 1854 1 1000 2 6 852
231 1855 1 500 2 6 424
232 1812 1 250 2 6 208
233 1813 1 125 2 6 102
234 1814 1 63 2 6 48
147 1739 1 32 2 6 25
148 1498 1 16 2 6 11
0 1268 1 8 2 6 6
0 0 5 8 2 6 4
0 0 5 6 2 6 2
0 0 6 6 2 6 1
32
***
1327 1854 1 1000 289 293 952
1317 1855 1 500 289 293 475
1285 1856 251 500 289 293 239
1242 1792 251 375 289 293 119
1100 1793 251 313 289 293 59
0 1794 283 313 289 293 29
0 0 283 298 289 293 16
0 0 291 298 289 293 8
0 0 291 294 289 293 4
0 0 293 294 289 293 2
0 0 293 293 289 293 1
0 0 291 292 289 293 2
0 0 283 290 289 293 8
0 0 287 290 289 293 4
0 0 289 290 289 293 2
0 0 290 290 289 293 1
0 0 289 289 289 293 1
29
-1
***
362 1876 1 1000 5 6 862
352 1855 1 500 5 6 428
342 1812 1 250 5 6 211
343 1813 1 125 5 6 104
344 1814 1 63 5 6 50
345 1739 1 32 5 6 26
346 1498 1 16 5 6 12
0 1268 1 8 5 6 6
0 0 5 8 5 6 4
0 0 5 6 5 6 2
0 0 6 6 5 6 1
32
-1
-1
***
1085 1975 1 1000 178 178 919
1031 1976 1 500 178 178 455
1032 1977 1 250 178 178 221
1022 1956 126 250 178 178 110
1023 1957 126 188 178 178 54
488 1958 158 188 178 178 26
489 1300 174 188 178 178 13
490 1235 174 181 178 178 7
0 1236 178 181 178 178 3
0 0 178 179 178 178 2
0 0 178 178 178 178 1
22
-1
-1
***
88 1986 1 1000 985 986 827
89 1965 501 1000 985 986 418
90 1966 751 1000 985 986 208
91 1967 876 1000 985 986 108
0 1122 939 1000 985 986 52
0 620 970 1000 985 986 29
0 0 986 1000 985 986 15
0 0 986 993 985 986 8
0 0 986 989 985 986 4
0 0 986 987 985 986 2
0 0 986 986 985 986 1
0 621 970 985 985 986 14
0 622 978 985 985 986 7
0 0 982 985 985 986 4
0 0 984 985 985 986 2
0 0 985 985 985 986 1
64
***
318 1986 1 1000 703 704 848
319 1965 501 1000 703 704 430
298 1867 501 750 703 704 215
189 1846 626 750 703 704 110
0 1847 689 750 703 704 55
0 1848 689 719 703 704 27
0 1465 689 704 703 704 13
0 1466 697 704 703 704 7
0 1467 701 704 703 704 3
0 0 703 704 703 704 2
0 0 704 704 703 704 1
0 0 703 703 703 704 1
265
-1
-1
-1
***
1690 2008 1 1000 223 223 971
1680 2009 1 500 223 223 483
1670 1988 1 250 223 223 238
1671 1989 126 250 223 223 119
1672 1990 189 250 223 223 59
1673 1991 220 250 223 223 28
1575 1762 220 235 223 223 14
1576 1752 220 227 223 223 7
1577 1577 220 223 223 223 4
1578 1578 222 223 223 223 2
1579 1579 223 223 223 223 1
28
-1
-1
-1
-1
-1
-1
-1
-1
***
1019 2074 1 1000 1 5 904
1020 2075 1 500 1 5 449
1021 2076 1 250 1 5 217
1000 2077 1 125 1 5 108
1001 1946 1 63 1 5 54
1002 1739 1 32 1 5 29
1003 1498 1 16 1 5 14
677 1268 1 8 1 5 7
0 0 5 8 1 5 4
0 0 5 6 1 5 2
0 0 5 5 1 5 1
678 1269 1 4 1 5 3
679 1270 3 4 1 5 1
680 680 4 4 1 5 1
7
-1
-1
-1
***
483 2096 1 1000 442 444 853
484 2097 1 500 442 444 422
474 2098 251 500 442 444 215
475 2055 376 500 442 444 105
223 1683 439 500 442 444 49
0 1684 439 469 442 444 22
0 1685 439 454 442 444 11
0 1686 439 446 442 444 4
0 962 443 446 442 444 3
0 0 443 444 442 444 2
0 0 444 444 442 444 1
0 0 443 443 442 444 1
10
***
1063 2162 1 1000 2 6 900
1031 2152 1 500 2 6 447
1032 2076 1 250 2 6 218
1033 2077 1 125 2 6 109
1034 1946 1 63 2 6 55
1002 1739 1 32 2 6 29
1003 1498 1 16 2 6 14
677 1268 1 8 2 6 7
0 0 5 8 2 6 4
0 0 5 6 2 6 2
0 0 6 6 2 6 1
32
***
986 2184 1 1000 584 591 891
987 2185 501 1000 584 591 448
988 2186 501 750 584 591 222
989 2132 501 625 584 591 112
904 2034 564 625 584 591 55
905 2002 564 594 584 591 27
906 1454 580 594 584 591 12
907 1455 588 594 584 591 5
908 1456 588 591 584 591 3
501 1070 580 587 584 591 7
502 502 584 587 584 591 4
0 0 586 587 584 591 2
503 503 584 585 584 591 2
0 0 585 585 584 591 1
75
-1
***
428 2195 1 1000 98 100 839
418 2174 1 500 98 100 415
419 2076 1 250 98 100 204
420 2077 1 125 98 100 101
421 2078 64 125 98 100 52
422 1980 95 125 98 100 25
401 1212 95 110 98 100 14
402 1213 95 102 98 100 7
403 1214 99 102 98 100 3
404 404 99 100 98 100 2
0 0 100 100 98 100 1
430
-1
-1
-1
-1
-1
-1
-1
***
362 2206 1 1000 442 447 832
352 2207 1 500 442 447 411
353 2208 251 500 442 447 209
222 2209 376 500 442 447 102
223 2210 439 500 442 447 47
0 2211 439 469 442 447 20
0 2212 439 454 442 447 9
0 765 447 454 442 447 7
0 0 447 450 442 447 4
0 0 447 448 442 447 2
0 0 447 447 442 447 1
367
-1
-1
-1
-1
-1
***
648 2261 1 1000 857 857 853
638 2262 501 1000 857 857 431
628 2230 751 1000 857 857 219
629 2220 751 875 857 857 109
564 1880 814 875 857 857 55
565 1706 845 875 857 857 28
566 1135 845 860 857 857 15
182 182 853 860 857 857 8
183 183 857 860 857 857 4
184 184 857 858 857 857 2
0 0 857 857 857 857 1
325
***
747 2261 1 1000 771 774 862
737 2262 501 1000 771 774 434
738 2230 751 1000 771 774 222
739 2220 751 875 771 774 111
663 2221 751 813 771 774 55
323 2222 751 782 771 774 29
324 1641 767 782 771 774 15
325 1642 767 774 771 774 7
326 326 771 774 771 774 4
327 327 773 774 771 774 2
0 0 771 772 771 774 2
0 0 772 772 771 774 1
42
-1
***
153 2272 1 1000 265 266 807
143 2273 1 500 265 266 401
111 2252 251 500 265 266 206
112 2176 251 375 265 266 106
0 2177 251 313 265 266 53
0 2178 251 282 265 266 25
0 2179 251 266 265 266 13
0 852 259 266 265 266 6
0 853 263 266 265 266 3
0 854 265 266 265 266 1
0 0 266 266 265 266 1
459
-1
***
1964 2272 1 1000 289 289 972
1954 2273 1 500 289 289 487
1889 2252 251 500 289 289 242
1792 2176 251 375 289 289 121
1793 2177 251 313 289 289 61
1794 2156 283 313 289 289 30
0 2157 283 298 289 289 15
0 2158 283 290 289 289 7
0 2159 287 290 289 289 3
0 0 289 290 289 289 2
0 0 289 289 289 289 1
29
-1
-1
***
1261 2294 1 1000 1 4 906
1262 2273 1 500 1 4 453
1263 2274 1 250 1 4 224
1264 2275 1 125 1 4 112
1265 2276 1 63 1 4 55
1266 1739 1 32 1 4 30
1267 1498 1 16 1 4 15
1268 1268 1 8 1 4 8
1269 1269 1 4 1 4 4
1270 1270 3 4 1 4 2
680 680 4 4 1 4 1
1271 1271 3 3 1 4 1
5
-1
-1
-1
***
373 2349 1 1000 190 193 820
374 2339 1 500 190 193 407
342 2274 1 250 190 193 201
310 1989 126 250 190 193 103
311 1990 189 250 190 193 52
202 1145 189 219 190 193 28
126 873 189 204 190 193 15
127 127 189 196 190 193 8
128 128 193 196 190 193 4
129 129 193 194 190 193 2
130 130 193 193 190 193 1
0 0 189 192 190 193 4
0 0 191 192 190 193 2
0 0 189 190 190 193 2
0 0 190 190 190 193 1
627
-1
-1
-1
-1
***
461 2393 1 1000 133 137 824
462 2394 1 500 133 137 409
463 2362 1 250 133 137 204
310 1989 126 250 133 137 103
212 1957 126 188 133 137 51
50 1903 126 157 133 137 26
51 1904 126 141 133 137 13
0 1026 134 141 133 137 6
0 1027 134 137 133 137 3
0 1028 136 137 133 137 1
0 0 134 135 133 137 2
0 0 135 135 133 137 1
0 0 134 134 133 137 1
82
-1
***
2371 2393 1 1000 709 711 998
2372 2383 501 1000 709 711 499
2351 2351 501 750 709 711 250
2352 2352 626 750 709 711 125
2353 2353 689 750 709 711 62
2123 2123 689 719 709 711 31
2124 2124 705 719 709 711 15
0 0 705 712 709 711 8
0 0 709 712 709 711 4
0 0 711 712 709 711 2
0 0 711 711 709 711 1
340
***
1327 2404 1 1000 769 776 902
1328 2405 501 1000 769 776 451
1329 2406 751 1000 769 776 226
1253 2407 751 875 769 776 112
1045 2408 751 813 769 776 55
323 2409 751 782 769 776 28
324 2410 767 782 769 776 14
171 2411 775 782 769 776 7
0 2412 775 778 769 776 3
0 2413 775 776 769 776 1
325 1642 767 774 769 776 7
326 326 771 774 769 776 4
327 327 773 774 769 776 2
0 0 771 772 769 776 2
0 0 772 772 769 776 1
0 0 771 771 769 776 1
39
-1
-1
-1
-1
-1
-1
-1
-1
-1
-1
***
1745 2503 1 1000 442 447 931
1746 2504 1 500 442 447 466
1681 2461 251 500 442 447 233
1682 2341 376 500 442 447 117
1683 2309 439 500 442 447 58
1684 2310 439 469 442 447 28
1685 2212 439 454 442 447 14
765 765 447 454 442 447 8
0 0 447 450 442 447 4
0 0 447 448 442 447 2
0 0 447 447 442 447 1
1686 2213 439 446 442 447 6
962 2214 443 446 442 447 2
1687 1687 439 442 442 447 4
1688 1688 441 442 442 447 2
1689 1689 442 442 442 447 1
8
-1
***
219 2503 1 1000 147 150 792
220 2504 1 500 147 150 395
210 2505 1 250 147 150 193
211 2451 126 250 147 150 100
212 2441 126 188 147 150 50
50 2442 126 157 147 150 25
0 2443 142 157 147 150 12
0 2444 150 157 147 150 4
0 1555 150 153 147 150 3
0 0 150 151 147 150 2
0 0 150 150 147 150 1
0 0 142 149 147 150 8
0 0 146 149 147 150 4
0 0 148 149 147 150 2
0 0 149 149 147 150 1
0 0 148 148 147 150 1
158
-1
-1
-1
***
1228 2580 1 1000 524 529 877
1196 2526 501 1000 524 529 440
1197 2516 501 750 524 529 223
1187 2517 501 625 524 529 112
1188 2133 501 563 524 529 58
1189 2134 501 532 524 529 30
992 2135 517 532 524 529 15
776 2136 525 532 524 529 7
0 2137 529 532 524 529 3
0 0 529 530 524 529 2
0 0 529 529 524 529 1
777 777 525 528 524 529 4
393 393 527 528 524 529 2
778 778 525 526 524 529 2
779 779 526 526 524 529 1
234
***
1514 2635 1 1000 309 309 898
1515 2636 1 500 309 309 443
1417 2637 251 500 309 309 220
1396 2638 251 375 309 309 109
1397 2639 251 313 309 309 54
1398 2640 283 313 309 309 25
1399 2322 299 313 309 309 13
0 1796 307 313 309 309 6
0 0 307 310 309 309 4
0 0 309 310 309 309 2
0 0 309 309 309 309 1
163
***
1745 2635 1 1000 4 5 919
1746 2636 1 500 4 5 456
1747 2615 1 250 4 5 230
1737 2506 1 125 4 5 115
1738 2276 1 63 4 5 59
1739 1739 1 32 4 5 32
1498 1498 1 16 4 5 16
1268 1268 1 8 4 5 8
0 0 5 8 4 5 4
0 0 5 6 4 5 2
0 0 5 5 4 5 1
11
-1
-1
-1
-1
-1
***
472 2745 1 1000 1 7 793
473 2735 1 500 1 7 391
463 2670 1 250 1 7 195
464 2671 1 125 1 7 98
454 2276 1 63 1 7 49
345 1739 1 32 1 7 26
346 1498 1 16 1 7 12
0 1268 1 8 1 7 6
0 0 5 8 1 7 4
0 0 7 8 1 7 2
0 0 7 7 1 7 1
0 0 5 6 1 7 2
0 0 6 6 1 7 1
32
***
560 2745 1 1000 640 644 801
561 2746 501 1000 640 644 407
518 2747 501 750 640 644 204
431 2715 626 750 640 644 101
190 2199 626 688 640 644 51
191 2189 626 657 640 644 28
0 2190 642 657 640 644 13
0 2191 642 649 640 644 7
0 2192 642 645 640 644 3
0 2193 644 645 640 644 1
0 0 644 644 640 644 1
0 0 642 643 640 644 2
0 0 643 643 640 644 1
184
-1
-1
***
2723 2767 1 1000 208 212 996
2691 2757 1 500 208 212 498
2670 2670 1 250 208 212 250
2660 2660 126 250 208 212 125
2562 2562 189 250 208 212 62
2563 2563 189 219 208 212 31
2564 2564 205 219 208 212 15
2565 2565 205 212 208 212 8
1148 1148 209 212 208 212 4
206 206 211 212 208 212 2
207 207 212 212 208 212 1
0 0 211 211 208 212 1
731
***
997 2800 1 1000 5 11 836
998 2801 1 500 5 11 415
999 2670 1 250 5 11 205
1000 2671 1 125 5 11 103
1001 2276 1 63 5 11 53
1002 1739 1 32 5 11 29
1003 1498 1 16 5 11 14
1004 1499 9 16 5 11 7
150 1500 9 12 5 11 3
151 151 11 12 5 11 2
152 152 11 11 5 11 1
0 1501 9 10 5 11 1
677 1268 1 8 5 11 7
0 0 5 8 5 11 4
0 0 7 8 5 11 2
0 0 5 6 5 11 2
0 0 6 6 5 11 1
32
***
791 2844 1 1000 113 115 813
759 2834 1 500 113 115 400
705 2835 1 250 113 115 199
706 2836 1 125 113 115 100
542 2837 64 125 113 115 49
543 2673 95 125 113 115 24
423 1981 111 125 113 115 11
424 1982 111 118 113 115 6
425 1159 115 118 113 115 3
426 426 115 116 113 115 2
0 0 115 115 113 115 1
0 1983 111 114 113 115 3
0 1984 113 114 113 115 1
0 1985 114 114 113 115 0
0 0 113 113 113 115 1
173
***
1063 2877 1 1000 351 358 835
1031 2878 1 500 351 358 413
978 2813 251 500 351 358 209
979 2803 251 375 351 358 103
980 2606 314 375 351 358 53
752 2607 345 375 351 358 28
753 1784 345 360 351 358 15
754 1785 353 360 351 358 7
755 755 357 360 351 358 4
756 756 357 358 351 358 2
0 1786 353 356 351 358 3
0 1787 355 356 351 358 1
0 0 353 354 351 358 2
0 0 354 354 351 358 1
146
***
2448 2877 1 1000 927 928 961
2427 2867 501 1000 927 928 484
2428 2868 751 1000 927 928 242
2429 2528 876 1000 927 928 123
2430 2430 876 938 927 928 63
2431 2431 908 938 927 928 31
2432 2432 924 938 927 928 15
2433 2433 924 931 927 928 8
2434 2434 928 931 927 928 4
0 0 928 929 927 928 2
0 0 928 928 927 928 1
0 0 924 927 927 928 4
0 0 926 927 927 928 2
0 0 927 927 927 928 1
268
***
2316 2888 1 1000 584 588 948
2295 2867 501 1000 584 588 477
2263 2846 501 750 584 588 240
2242 2847 501 625 584 588 118
2243 2848 564 625 584 588 58
2244 2849 564 594 584 588 29
1454 1454 580 594 584 588 15
1455 1455 588 594 584 588 7
1456 1456 588 591 584 588 4
0 0 588 589 584 588 2
0 0 588 588 584 588 1
1070 1070 580 587 584 588 8
502 502 584 587 584 588 4
0 0 586 587 584 588 2
503 503 584 585 584 588 2
0 0 585 585 584 588 1
75
***
1492 2888 1 1000 133 136 873
1493 2889 1 500 133 136 429
1494 2890 1 250 133 136 214
1363 2891 126 250 133 136 106
1298 2661 126 188 133 136 53
1222 2618 126 157 133 136 27
1025 2619 126 141 133 136 14
1026 2620 134 141 133 136 7
1027 2621 134 137 133 136 3
1028 1028 136 137 133 136 2
0 0 136 136 133 136 1
0 2622 134 135 133 136 1
0 0 135 135 133 136 1
121
-1
-1
***
2195 2953 1 1000 4 5 931
2174 2954 1 500 4 5 463
2076 2890 1 250 4 5 235
2077 2880 1 125 4 5 118
1946 2881 1 63 4 5 61
1739 1739 1 32 4 5 32
1498 1498 1 16 4 5 16
1268 1268 1 8 4 5 8
0 0 5 8 4 5 4
0 0 5 6 4 5 2
0 0 5 5 4 5 1
11
***
2294 2953 1 1000 769 780 940
2295 2932 501 1000 769 780 474
2296 2868 751 1000 769 780 237
2286 2869 751 875 769 780 117
2221 2870 751 813 769 780 57
2222 2475 751 782 769 780 29
1641 2476 767 782 769 780 13
171 2422 775 782 769 780 6
172 172 779 782 769 780 4
0 0 779 780 769 780 2
0 0 780 780 769 780 1
0 0 779 779 769 780 1
553
-1
***
2261 2964 1 1000 133 137 936
2251 2954 1 500 133 137 465
2076 2890 1 250 133 137 235
1989 2891 126 250 133 137 117
1957 2661 126 188 133 137 59
1903 2618 126 157 133 137 30
1904 2619 126 141 133 137 15
1026 2620 134 141 133 137 7
1027 2621 134 137 133 137 3
1905 1905 126 133 133 137 8
53 53 130 133 133 137 4
0 0 132 133 133 137 2
0 0 133 133 133 137 1
31
***
954 2986 1 1000 2 2 815
955 2976 1 500 2 2 403
891 2890 1 250 2 2 200
892 2880 1 125 2 2 100
893 2881 1 63 2 2 51
708 1739 1 32 2 2 28
676 1498 1 16 2 2 13
677 1268 1 8 2 2 7
678 1269 1 4 2 2 3
0 0 1 2 2 2 2
0 0 2 2 2 2 1
2
***
2272 3052 1 1000 2 5 929
2273 2998 1 500 2 5 464
2274 2999 1 250 2 5 235
2275 3000 1 125 2 5 118
2276 3001 1 63 2 5 61
1739 3002 1 32 2 5 31
1498 1498 1 16 2 5 16
1268 1268 1 8 2 5 8
0 0 5 8 2 5 4
0 0 5 6 2 5 2
0 0 5 5 2 5 1
1269 1269 1 4 2 5 4
1270 1270 3 4 2 5 2
680 680 4 4 2 5 1
7
-1
***
1338 3063 1 1000 4 11 843
1317 3064 1 500 4 11 419
1318 2999 1 250 4 11 211
1319 3000 1 125 4 11 106
1265 3001 1 63 4 11 53
1266 3002 1 32 4 11 29
1267 1498 1 16 4 11 15
1004 1499 9 16 4 11 7
150 1500 9 12 4 11 3
151 151 11 12 4 11 2
152 152 11 11 4 11 1
0 1501 9 10 4 11 1
1268 1268 1 8 4 11 8
0 0 5 8 4 11 4
0 0 7 8 4 11 2
0 0 5 6 4 11 2
0 0 6 6 4 11 1
0 0 5 5 4 11 1
11
-1
-1
***
384 3118 1 1000 442 444 751
374 3119 1 500 442 444 370
375 3098 251 500 442 444 185
222 3066 376 500 442 444 89
223 3067 439 500 442 444 39
0 2947 439 469 442 444 15
0 2575 439 454 442 444 7
0 2213 439 446 442 444 2
0 2214 443 446 442 444 1
0 2149 443 444 442 444 1
0 0 444 444 442 444 1
14
-1
-1
-1
-1
***
516 3173 1 1000 731 733 758
517 3174 501 1000 731 733 385
518 3175 501 750 731 733 194
431 3176 626 750 731 733 97
432 3177 689 750 731 733 47
0 3178 720 750 731 733 22
0 3179 720 735 731 733 10
0 3180 728 735 731 733 4
0 3181 732 735 731 733 1
0 3182 732 733 731 733 1
0 3183 733 733 731 733 0
0 0 732 732 731 733 1
589
***
2393 3173 1 1000 651 653 929
2383 3174 501 1000 651 653 467
2351 3175 501 750 651 653 236
2352 3176 626 750 651 653 120
2199 2924 626 688 651 653 62
2189 2189 626 657 651 653 32
2190 2190 642 657 651 653 16
2114 2114 650 657 651 653 8
2115 2115 650 653 651 653 4
0 0 652 653 651 653 2
2116 2116 650 651 651 653 2
2117 2117 651 651 651 653 1
169
***
197 3173 1 1000 4 5 729
198 3152 1 500 4 5 359
199 3120 1 250 4 5 180
145 3000 1 125 4 5 88
146 3001 1 63 4 5 43
147 3002 1 32 4 5 24
148 1498 1 16 4 5 11
0 1268 1 8 4 5 6
0 0 5 8 4 5 4
0 0 5 6 4 5 2
0 0 5 5 4 5 1
11
***
2591 3173 1 1000 4 12 947
2592 3152 1 500 4 12 472
2560 3120 1 250 4 12 240
2506 3000 1 125 4 12 120
2276 3001 1 63 4 12 61
1739 3002 1 32 4 12 31
1498 1498 1 16 4 12 16
1499 1499 9 16 4 12 8
1500 1500 9 12 4 12 4
1268 1268 1 8 4 12 8
0 0 5 8 4 12 4
0 0 7 8 4 12 2
0 0 5 6 4 12 2
0 0 6 6 4 12 1
0 0 5 5 4 12 1
11
***
2569 3173 1 1000 419 421 945
2570 3152 1 500 419 421 470
2571 3153 251 500 419 421 230
2572 3154 376 500 419 421 114
2342 3155 376 438 419 421 56
2343 3134 408 438 419 421 26
2344 2981 408 423 419 421 14
0 2982 416 423 419 421 7
0 2983 420 423 419 421 3
0 2984 420 421 419 421 1
0 0 416 419 419 421 4
0 0 418 419 419 421 2
0 0 419 419 419 421 1
33
-1
***
3151 3206 1 1000 542 543 995
3108 3207 501 1000 542 543 495
3043 3175 501 750 542 543 249
3044 3044 501 625 542 543 125
3023 3023 501 563 542 543 63
3024 3024 533 563 542 543 31
2828 2828 533 548 542 543 16
2752 2752 541 548 542 543 8
1873 1873 541 544 542 543 4
602 602 543 544 542 543 2
0 0 543 543 542 543 1
1874 1874 541 542 542 543 2
1875 1875 542 542 542 543 1
135
***
1580 3206 1 1000 2 4 852
1570 3152 1 500 2 4 423
1571 3120 1 250 2 4 216
1517 3000 1 125 2 4 108
1518 3001 1 63 2 4 55
1497 3002 1 32 2 4 30
1498 1498 1 16 2 4 16
1268 1268 1 8 2 4 8
1269 1269 1 4 2 4 4
1270 1270 3 4 2 4 2
680 680 4 4 2 4 1
7
***
3206 3206 1 1000 2 4 1000
3152 3152 1 500 2 4 500
3120 3120 1 250 2 4 250
3000 3000 1 125 2 4 125
3001 3001 1 63 2 4 63
3002 3002 1 32 2 4 32
1498 1498 1 16 2 4 16
1268 1268 1 8 2 4 8
1269 1269 1 4 2 4 4
1270 1270 3 4 2 4 2
680 680 4 4 2 4 1
1271 1271 3 3 2 4 1
5
-1
-1
***
2404 3228 1 1000 4 4 925
2394 3152 1 500 4 4 462
2362 3120 1 250 4 4 235
2363 3000 1 125 4 4 119
2276 3001 1 63 4 4 61
1739 3002 1 32 4 4 31
1498 1498 1 16 4 4 16
1268 1268 1 8 4 4 8
1269 1269 1 4 4 4 4
1270 1270 3 4 4 4 2
680 680 4 4 4 4 1
7
-1
-1
-1
-1
***
1140 3261 1 1000 680 685 807
1130 3251 501 1000 680 685 407
1109 3252 501 750 680 685 205
1110 3231 626 750 680 685 103
1078 3232 626 688 680 685 53
1079 3222 658 688 680 685 25
1080 3223 674 688 680 685 12
0 3224 682 688 680 685 5
0 3225 682 685 680 685 3
1081 2026 674 681 680 685 7
1082 2027 678 681 680 685 3
0 2028 680 681 680 685 1
0 2029 681 681 680 685 0
0 0 680 680 680 685 1
36
***
3063 3272 1 1000 584 590 981
3053 3273 501 1000 584 590 489
3043 3252 501 750 584 590 246
3044 3253 501 625 584 590 124
3045 3254 564 625 584 590 61
3046 3046 564 594 584 590 31
1454 1454 580 594 584 590 15
1455 1455 588 594 584 590 7
1456 1456 588 591 584 590 4
1457 1457 590 591 584 590 2
1458 1458 590 590 584 590 1
0 0 588 589 584 590 2
1070 1070 580 587 584 590 8
502 502 584 587 584 590 4
0 0 586 587 584 590 2
503 503 584 585 584 590 2
0 0 585 585 584 590 1
75
-1
***
954 3282 1 1000 98 100 788
955 3283 1 500 98 100 392
891 3284 1 250 98 100 196
892 3242 1 125 98 100 98
542 3243 64 125 98 100 48
543 2673 95 125 98 100 24
544 2674 95 110 98 100 13
402 1213 95 102 98 100 7
403 1214 99 102 98 100 3
404 404 99 100 98 100 2
0 0 95 98 98 100 4
0 0 97 98 98 100 2
0 0 98 98 98 100 1
76
-1
***
997 3293 1 1000 257 258 791
998 3283 1 500 257 258 395
978 3263 251 500 257 258 198
979 3264 251 375 257 258 99
849 3265 251 313 257 258 47
850 3266 251 282 257 258 25
851 2806 251 266 257 258 13
0 2741 251 258 257 258 6
0 2742 255 258 257 258 2
0 2182 257 258 257 258 1
0 0 258 258 257 258 1
66
***
2294 3315 1 1000 818 821 907
2295 3316 501 1000 818 821 453
2296 3317 751 1000 818 821 223
2286 3318 751 875 818 821 113
2287 3319 814 875 818 821 57
2288 3320 814 844 818 821 28
1882 2773 814 829 818 821 15
1883 1883 814 821 818 821 8
1884 1884 818 821 818 821 4
0 0 820 821 818 821 2
1885 1885 818 819 818 821 2
1886 1886 819 819 818 821 1
529
***
3206 3326 1 1000 98 100 989
3152 3327 1 500 98 100 496
3120 3284 1 250 98 100 248
3000 3242 1 125 98 100 124
2837 3243 64 125 98 100 61
2673 2673 95 125 98 100 31
2674 2674 95 110 98 100 16
1213 1213 95 102 98 100 8
1214 1214 99 102 98 100 4
404 404 99 100 98 100 2
0 0 95 98 98 100 4
0 0 97 98 98 100 2
0 0 98 98 98 100 1
76
-1
-1
-1
***
3162 3326 1 1000 524 526 985
3163 3316 501 1000 524 526 489
3043 3295 501 750 524 526 245
3044 3296 501 625 524 526 123
3023 3023 501 563 524 526 63
2684 2684 501 532 524 526 32
2685 2685 517 532 524 526 16
2686 2686 525 532 524 526 8
777 777 525 528 524 526 4
778 778 525 526 524 526 2
779 779 526 526 524 526 1
234
-1
-1
-1
***
3261 3326 1 1000 444 446 994
3262 3327 1 500 444 446 498
3263 3328 251 500 444 446 249
3154 3154 376 500 444 446 125
3067 3067 439 500 444 446 62
2947 2947 439 469 444 446 31
2575 2575 439 454 444 446 16
2213 2213 439 446 444 446 8
2214 2214 443 446 444 446 4
2215 2215 445 446 444 446 2
2216 2216 446 446 444 446 1
55
***
2349 3326 1 1000 769 772 911
2350 3316 501 1000 769 772 455
2296 3317 751 1000 769 772 223
2286 3318 751 875 769 772 113
2221 3166 751 813 769 772 56
2222 3167 751 782 769 772 28
1641 2476 767 782 769 772 13
1642 2477 767 774 769 772 7
326 326 771 774 769 772 4
0 0 771 772 769 772 2
0 0 772 772 769 772 1
0 0 771 771 769 772 1
39
-1
***
626 3370 1 1000 133 136 750
605 3371 1 500 133 136 369
584 3372 1 250 133 136 188
585 3373 126 250 133 136 93
487 3352 126 188 133 136 46
50 3287 126 157 133 136 23
51 3288 126 141 133 136 11
0 3289 134 141 133 136 4
0 2621 134 137 133 136 2
0 1028 136 137 133 136 1
0 0 136 136 133 136 1
138
-1
-1
***
2448 3436 1 1000 282 282 910
2449 3415 1 500 282 282 453
2395 3394 251 500 282 282 222
2396 3340 251 375 282 282 112
2320 3330 251 313 282 282 54
2178 3266 251 282 282 282 29
1663 3267 267 282 282 282 15
1565 1565 275 282 282 282 8
1566 1566 279 282 282 282 4
1567 1567 281 282 282 282 2
1568 1568 282 282 282 282 1
241
-1
***
2679 3491 1 1000 605 609 926
2680 3492 501 1000 605 609 461
2681 3493 501 750 605 609 232
2682 3494 501 625 605 609 114
2518 3495 564 625 605 609 54
2035 3496 595 625 605 609 26
2036 3299 595 610 605 609 14
2037 3300 603 610 605 609 7
0 0 607 610 605 609 4
0 0 609 610 605 609 2
0 0 609 609 605 609 1
0 0 607 608 605 609 2
2038 3301 603 606 605 609 3
2039 3302 605 606 605 609 1
0 3303 606 606 605 609 0
2040 2040 605 605 605 609 1
223
-1
-1
***
3315 3524 1 1000 640 641 981
3316 3525 501 1000 640 641 494
3295 3526 501 750 640 641 247
3231 3527 626 750 640 641 124
3232 3528 626 688 640 641 62
3233 3529 626 657 640 641 31
1696 3530 626 641 640 641 15
1697 1697 634 641 640 641 8
1698 1698 638 641 640 641 4
1699 1699 640 641 640 641 2
0 0 641 641 640 641 1
1700 1700 640 640 640 641 1
34
-1
***
2338 3535 1 1000 223 227 891
2339 3536 1 500 223 227 443
2274 3515 1 250 223 227 225
1989 3516 126 250 223 227 109
1990 3517 189 250 223 227 54
1991 3518 220 250 223 227 29
1762 1762 220 235 223 227 16
1752 1752 220 227 223 227 8
1753 1753 224 227 223 227 4
1577 1577 220 223 223 227 4
1578 1578 222 223 223 227 2
1579 1579 223 223 223 227 1
28
-1
-1
***
2448 3557 1 1000 4 7 899
2449 3558 1 500 4 7 445
2450 3559 1 250 4 7 226
2363 3560 1 125 4 7 115
2276 3451 1 63 4 7 60
1739 3452 1 32 4 7 30
1498 3453 1 16 4 7 15
1268 1268 1 8 4 7 8
0 0 5 8 4 7 4
0 0 7 8 4 7 2
0 0 7 7 4 7 1
0 0 5 6 4 7 2
0 0 6 6 4 7 1
32
-1
***
1821 3579 1 1000 351 352 840
1811 3580 1 500 351 352 416
1791 3537 251 500 351 352 205
1792 3538 251 375 351 352 105
1782 3539 314 375 351 352 54
1783 3540 345 375 351 352 29
1784 3541 345 360 351 352 15
116 116 345 352 351 352 8
117 117 349 352 351 352 4
0 0 351 352 351 352 2
0 0 352 352 351 352 1
79
***
3326 3579 1 1000 289 295 977
3327 3580 1 500 289 295 483
3328 3537 251 500 289 295 244
3329 3538 251 375 289 295 123
3330 3330 251 313 289 295 63
3331 3331 283 313 289 295 31
3332 3332 283 298 289 295 16
3333 3333 291 298 289 295 8
2588 2588 295 298 289 295 4
2589 2589 295 296 289 295 2
2590 2590 295 295 289 295 1
3334 3334 291 294 289 295 4
3335 3335 293 294 289 295 2
2907 2907 291 292 289 295 2
2645 2645 292 292 289 295 1
114
-1
***
1624 3623 1 1000 344 345 818
1625 3591 1 500 344 345 405
1626 3537 251 500 344 345 201
1616 3538 251 375 344 345 102
1617 3539 314 375 344 345 53
1618 3540 345 375 344 345 28
753 3541 345 360 344 345 14
116 116 345 352 344 345 8
0 0 345 348 344 345 4
0 0 345 346 344 345 2
0 0 345 345 344 345 1
1244 3342 314 344 344 345 25
982 3091 330 344 344 345 12
983 3092 338 344 344 345 4
984 2104 342 344 344 345 2
985 985 344 344 344 345 1
147
-1
-1
-1
-1
***
109 3722 1 1000 1 6 671
110 3690 1 500 1 6 330
79 3680 1 250 1 6 160
59 3648 1 125 1 6 81
60 3649 1 63 1 6 40
61 3650 1 32 1 6 21
0 3453 1 16 1 6 9
0 1268 1 8 1 6 6
0 0 5 8 1 6 4
0 0 5 6 1 6 2
0 1269 1 4 1 6 2
0 1270 3 4 1 6 0
0 0 1 2 1 6 2
0 0 2 2 1 6 1
0 0 1 1 1 6 1
1
-1
-1
-1
***
1953 3733 1 1000 4 13 838
1954 3690 1 500 4 13 418
1955 3680 1 250 4 13 212
1945 3648 1 125 4 13 108
1946 3649 1 63 4 13 58
1739 3650 1 32 4 13 29
1498 3453 1 16 4 13 15
1499 3454 9 16 4 13 7
1005 3455 13 16 4 13 3
1006 1006 13 14 4 13 2
350 350 13 13 4 13 1
1500 1500 9 12 4 13 4
1268 1268 1 8 4 13 8
0 0 5 8 4 13 4
0 0 7 8 4 13 2
0 0 5 6 4 13 2
0 0 6 6 4 13 1
0 0 5 5 4 13 1
11
-1
-1
-1
***
1261 3755 1 1000 442 446 773
1262 3756 1 500 442 446 382
1241 3757 251 500 442 446 192
968 3758 376 500 442 446 94
969 3759 439 500 442 446 45
970 3397 439 469 442 446 21
960 2575 439 454 442 446 10
961 2213 439 446 442 446 4
962 2214 443 446 442 446 2
963 2215 445 446 442 446 1
0 2216 446 446 442 446 0
964 964 445 445 442 446 1
15
***
2734 3788 1 1000 289 294 904
2735 3756 1 500 289 294 453
2736 3757 251 500 289 294 227
2737 3692 251 375 289 294 116
2738 3330 251 313 289 294 58
2640 3331 283 313 289 294 28
2641 3332 283 298 289 294 14
2642 3333 291 298 289 294 6
2643 3334 291 294 289 294 2
0 3335 293 294 289 294 1
2644 2907 291 292 289 294 1
2645 2645 292 292 289 294 1
114
-1
-1
***
3744 3810 1 1000 329 329 994
3745 3811 1 500 329 329 498
3691 3812 251 500 329 329 248
3692 3813 251 375 329 329 124
3693 3693 314 375 329 329 62
3694 3694 314 344 329 329 31
3695 3695 314 329 329 329 16
3696 3696 322 329 329 329 8
3697 3697 326 329 329 329 4
3698 3698 328 329 329 329 2
3699 3699 329 329 329 329 1
56
-1
-1
-1
-1
-1
***
3755 3876 1 1000 442 442 989
3756 3822 1 500 442 442 498
3757 3823 251 500 442 442 248
3758 3758 376 500 442 442 125
3759 3759 439 500 442 442 62
3397 3397 439 469 442 442 31
2575 2575 439 454 442 442 16
2213 2213 439 446 442 442 8
1687 1687 439 442 442 442 4
1688 1688 441 442 442 442 2
1689 1689 442 442 442 442 1
8
-1
-1
-1
-1
-1
***
1437 3931 1 1000 501 503 773
1438 3921 501 1000 501 503 389
1439 3922 501 750 501 503 197
1407 3923 501 625 501 503 96
1342 3902 501 563 501 503 54
1189 3903 501 532 501 503 28
1190 1827 501 516 501 503 15
950 1828 501 508 501 503 7
951 951 501 504 501 503 4
261 261 503 504 501 503 2
262 262 503 503 501 503 1
952 952 501 502 501 503 2
0 0 502 502 501 503 1
953 953 501 501 501 503 1
17
-1
***
2646 3931 1 1000 548 552 883
2526 3921 501 1000 548 552 438
2516 3922 501 750 548 552 220
2517 3923 501 625 548 552 106
2133 3902 501 563 548 552 57
1870 3837 533 563 548 552 27
1344 3838 549 563 548 552 13
1345 3839 549 556 548 552 7
1346 3840 549 552 548 552 3
1347 1347 551 552 548 552 2
0 0 552 552 548 552 1
1348 1348 551 551 548 552 1
484
-1
-1
-1
***
3788 3964 1 1000 770 771 984
3789 3965 501 1000 770 771 488
3790 3966 751 1000 770 771 243
3725 3967 751 875 770 771 122
3726 3913 751 813 770 771 61
3727 3727 751 782 770 771 32
2476 2476 767 782 770 771 16
2477 2477 767 774 770 771 8
326 326 771 774 770 771 4
0 0 771 772 770 771 2
0 0 771 771 770 771 1
39
-1
-1
-1
***
1184 4041 1 1000 4 4 740
1174 4031 1 500 4 4 371
1164 3988 1 250 4 4 184
1165 3934 1 125 4 4 95
1034 3935 1 63 4 4 49
1002 3936 1 32 4 4 25
1003 3453 1 16 4 4 13
677 1268 1 8 4 4 7
678 1269 1 4 4 4 3
679 1270 3 4 4 4 1
680 680 4 4 4 4 1
7
-1
-1
-1
-1
-1
-1
-1
-1
-1
-1
***
560 4217 1 1000 113 114 667
550 4218 1 500 113 114 330
540 4208 1 250 113 114 165
541 4198 1 125 113 114 84
542 4144 64 125 113 114 43
543 3562 95 125 113 114 23
423 1981 111 125 113 114 11
424 1982 111 118 113 114 6
0 1983 111 114 113 114 3
0 1984 113 114 113 114 1
0 1985 114 114 113 114 0
0 0 113 113 113 114 1
173
-1
-1
-1
-1
-1
-1
***
3436 4261 1 1000 1 11 925
3415 4262 1 500 1 11 462
3416 4252 1 250 1 11 227
3242 4198 1 125 1 11 114
3001 4199 1 63 1 11 57
3002 4200 1 32 1 11 26
1498 4113 1 16 1 11 14
1499 4114 9 16 1 11 6
1500 4115 9 12 1 11 3
151 4116 11 12 1 11 1
152 152 11 11 1 11 1
1501 1501 9 10 1 11 2
1268 1268 1 8 1 11 8
0 0 5 8 1 11 4
0 0 7 8 1 11 2
0 0 5 6 1 11 2
0 0 6 6 1 11 1
0 0 5 5 1 11 1
11
***
2997 4261 1 1000 2 4 885
2998 4262 1 500 2 4 444
2999 4252 1 250 2 4 220
3000 4198 1 125 2 4 113
3001 4199 1 63 2 4 57
3002 4200 1 32 2 4 26
1498 4113 1 16 2 4 14
1268 1268 1 8 2 4 8
1269 1269 1 4 2 4 4
1270 1270 3 4 2 4 2
680 680 4 4 2 4 1
1271 1271 3 3 2 4 1
5
-1
***
3810 4326 1 1000 651 653 953
3800 4316 501 1000 651 653 476
3779 4153 501 750 651 653 237
3769 4154 626 750 651 653 116
3616 4045 626 688 651 653 61
3617 3980 626 657 651 653 31
3618 3618 642 657 651 653 16
3619 3619 650 657 651 653 8
2115 2115 650 653 651 653 4
0 0 652 653 651 653 2
0 0 653 653 651 653 1
0 0 652 652 651 653 1
275
-1
-1
***
252 4326 1 1000 4 5 629
231 4327 1 500 4 5 310
232 4328 1 250 4 5 152
233 4198 1 125 4 5 77
234 4199 1 63 4 5 38
147 4200 1 32 4 5 18
148 4113 1 16 4 5 9
0 1268 1 8 4 5 6
0 0 5 8 4 5 4
0 0 5 6 4 5 2
0 0 5 5 4 5 1
11
***
593 4337 1 1000 442 445 659
583 4338 1 500 442 445 323
551 4339 251 500 442 445 161
552 4340 376 500 442 445 77
553 4265 439 500 442 445 35
554 3397 439 469 442 445 15
0 2575 439 454 442 445 7
0 2213 439 446 442 445 2
0 2214 443 446 442 445 1
0 2215 445 446 442 445 0
0 964 445 445 442 445 0
0 2149 443 444 442 445 1
0 0 444 444 442 445 1
14
-1
-1
-1
***
461 4414 1 1000 905 908 640
440 4415 501 1000 905 908 326
441 4416 751 1000 905 908 162
409 4417 876 1000 905 908 78
92 4286 876 938 905 908 41
0 4079 908 938 905 908 20
0 3948 908 923 905 908 9
0 3949 908 915 905 908 3
0 3115 908 911 905 908 1
0 3116 908 909 905 908 1
0 0 908 908 905 908 1
93 4287 876 907 905 908 21
0 3805 892 907 905 908 11
0 3443 900 907 905 908 5
0 1390 904 907 905 908 3
0 0 906 907 905 908 2
0 1391 904 905 905 908 1
0 0 905 905 905 908 1
3
-1
-1
-1
-1
-1
***
4403 4556 1 1000 4 4 986
4404 4557 1 500 4 4 491
4405 4547 1 250 4 4 248
4373 4548 1 125 4 4 124
4199 4199 1 63 4 4 63
4200 4200 1 32 4 4 32
4113 4113 1 16 4 4 16
1268 1268 1 8 4 4 8
1269 1269 1 4 4 4 4
1270 1270 3 4 4 4 2
680 680 4 4 4 4 1
7
***
997 4567 1 1000 501 506 675
987 4514 501 1000 501 506 344
988 4493 501 750 501 506 172
989 4494 501 625 501 506 89
990 4495 501 563 501 506 49
991 4496 501 532 501 506 25
949 4003 501 516 501 506 13
950 1828 501 508 501 506 7
0 1829 505 508 501 506 3
0 0 505 506 501 506 2
951 951 501 504 501 506 4
261 261 503 504 501 506 2
44 44 504 504 501 506 1
215
-1
***
2063 4578 1 1000 769 773 771
2064 4579 501 1000 769 773 389
1966 4515 751 1000 769 773 194
1934 4318 751 875 769 773 103
1935 4319 751 813 769 773 48
1772 4320 751 782 769 773 25
1641 4321 767 782 769 773 12
1642 4322 767 774 769 773 6
326 326 771 774 769 773 4
327 327 773 774 769 773 2
328 328 773 773 769 773 1
0 0 771 772 769 773 2
0 0 772 772 769 773 1
42
-1
***
164 4611 1 1000 2 7 595
143 4590 1 500 2 7 290
144 4547 1 250 2 7 144
145 4548 1 125 2 7 74
146 4199 1 63 2 7 37
147 4200 1 32 2 7 18
148 4113 1 16 2 7 9
0 1268 1 8 2 7 6
0 0 5 8 2 7 4
0 0 7 8 2 7 2
0 0 7 7 2 7 1
0 0 5 6 2 7 2
0 0 6 6 2 7 1
32
-1
***
3502 4611 1 1000 429 429 899
3503 4590 1 500 429 429 447
3504 4591 251 500 429 429 224
3505 4559 376 500 429 429 113
3473 4396 376 438 429 429 57
3134 4342 408 438 429 429 29
3135 3135 424 438 429 429 15
3136 3136 424 431 429 429 8
3137 3137 428 431 429 429 4
3138 3138 428 429 429 429 2
3139 3139 429 429 429 429 1
431
***
4118 4611 1 1000 178 179 955
4108 4590 1 500 178 179 470
4109 4547 1 250 178 179 236
3989 4461 126 250 178 179 116
3682 4462 126 188 178 179 57
3683 4463 158 188 178 179 28
3684 4464 174 188 178 179 12
3685 4465 174 181 178 179 6
3686 3686 178 181 178 179 4
0 0 178 179 178 179 2
0 0 179 179 178 179 1
0 0 178 178 178 179 1
22
***
791 4611 1 1000 2 2 652
759 4590 1 500 2 2 317
705 4547 1 250 2 2 159
706 4548 1 125 2 2 84
707 4199 1 63 2 2 43
708 4200 1 32 2 2 21
676 4113 1 16 2 2 11
677 1268 1 8 2 2 7
678 1269 1 4 2 2 3
0 0 1 2 2 2 2
0 0 2 2 2 2 1
2
***
802 4633 1 1000 351 351 651
803 4590 1 500 351 351 318
760 4591 251 500 351 351 158
750 4592 251 375 351 351 81
751 4571 314 375 351 351 42
752 4572 345 375 351 351 23
753 4310 345 360 351 351 12
116 4311 345 352 351 351 6
117 4312 349 352 351 351 2
0 4313 351 352 351 351 1
0 0 351 351 351 351 1
9
-1
-1
-1
-1
***
3755 4677 1 1000 442 444 916
3756 4590 1 500 442 444 460
3757 4591 251 500 442 444 227
3758 4559 376 500 442 444 114
3759 4560 439 500 442 444 57
3397 4539 439 469 442 444 28
2575 4540 439 454 442 444 14
2213 2213 439 446 442 444 8
2214 2214 443 446 442 444 4
2149 2149 443 444 442 444 2
0 0 444 444 442 444 1
2150 2150 443 443 442 444 1
10
-1
-1
***
4710 4710 1 1000 351 352 1000
4700 4700 1 500 351 352 500
4701 4701 251 500 351 352 250
4702 4702 251 375 351 352 125
4703 4703 314 375 351 352 62
4704 4704 345 375 351 352 31
4310 4310 345 360 351 352 16
4311 4311 345 352 351 352 8
4312 4312 349 352 351 352 4
4313 4313 351 352 351 352 2
4314 4314 352 352 351 352 1
0 0 351 351 351 352 1
9
-1
***
4173 4765 1 1000 351 357 946
4174 4744 1 500 351 357 470
4175 4745 251 500 351 357 233
4176 4746 251 375 351 357 117
4034 4747 314 375 351 357 57
3892 4748 345 375 351 357 27
3827 4310 345 360 351 357 15
3542 3542 353 360 351 357 8
755 755 357 360 351 357 4
756 756 357 358 351 357 2
0 0 357 357 351 357 1
3543 3543 353 356 351 357 4
1787 1787 355 356 351 357 2
3544 3544 353 354 351 357 2
0 0 354 354 351 357 1
146
***
2646 4787 1 1000 442 444 805
2647 4777 1 500 442 444 405
2637 4778 251 500 442 444 199
2627 4779 376 500 442 444 98
2573 4780 439 500 442 444 48
2574 4539 439 469 442 444 25
2575 4540 439 454 442 444 14
2213 2213 439 446 442 444 8
2214 2214 443 446 442 444 4
2149 2149 443 444 442 444 2
0 0 444 444 442 444 1
2150 2150 443 443 442 444 1
10
-1
-1
-1
-1
***
3326 4831 1 1000 584 589 863
3316 4832 501 1000 584 589 432
3295 4833 501 750 584 589 214
3296 4823 501 625 584 589 110
3297 4736 564 625 584 589 54
3046 4737 564 594 584 589 28
1454 3431 580 594 584 589 14
1455 1455 588 594 584 589 7
1456 1456 588 591 584 589 4
0 0 588 589 584 589 2
0 0 589 589 584 589 1
202
***
4765 4831 1 1000 257 257 994
4744 4799 1 500 257 257 498
4745 4800 251 500 257 257 248
4746 4801 251 375 257 257 124
4593 4802 251 313 257 257 62
4068 4068 251 282 257 257 32
2806 2806 251 266 257 257 16
2741 2741 251 258 257 257 8
2742 2742 255 258 257 257 4
2182 2182 257 258 257 257 2
2183 2183 257 257 257 257 1
40
-1
-1
***
1074 4864 1 1000 157 157 655
1031 4865 1 500 157 157 324
1032 4855 1 250 157 157 163
1022 4691 126 250 157 157 78
1023 4692 126 188 157 157 38
1024 4693 126 157 157 157 19
0 4409 142 157 157 157 10
0 2444 150 157 157 157 4
0 2445 154 157 157 157 1
0 2446 156 157 157 157 1
0 0 157 157 157 157 1
91
***
1701 4897 1 1000 265 268 709
1680 4876 1 500 265 268 353
1681 4877 251 500 265 268 172
1660 4878 251 375 265 268 85
1661 4879 251 313 265 268 41
1662 4880 251 282 265 268 24
1663 4881 267 282 265 268 12
1664 4882 267 274 265 268 6
1665 3269 267 270 265 268 3
1666 1666 267 268 265 268 2
0 0 268 268 265 268 1
1667 1667 267 267 265 268 1
751
***
1118 4930 1 1000 385 387 653
1097 4909 1 500 385 387 323
1098 4910 251 500 385 387 160
968 4779 376 500 385 387 82
718 4396 376 438 385 387 43
719 4397 376 407 385 387 21
720 4299 376 391 385 387 13
721 721 384 391 385 387 8
722 722 384 387 385 387 4
723 723 386 387 385 387 2
0 0 384 385 385 387 2
0 0 385 385 385 387 1
107
***
3436 5007 1 1000 178 181 857
3415 4986 1 500 178 181 429
3416 4954 1 250 178 181 217
3417 4691 126 250 178 181 108
3385 4692 126 188 178 181 54
3353 4463 158 188 178 181 27
1300 4464 174 188 178 181 11
1235 4465 174 181 178 181 5
1236 3686 178 181 178 181 3
1237 3687 180 181 178 181 1
0 0 178 179 178 181 2
0 0 179 179 178 181 1
0 0 178 178 178 181 1
22
-1
-1
-1
-1
-1
-1
-1
-1
-1
-1
***
2888 5194 1 1000 68 70 790
2889 5173 1 500 68 70 398
2890 5174 1 250 68 70 205
2880 5164 1 125 68 70 105
2837 5165 64 125 68 70 51
2838 4858 64 94 68 70 24
2047 4859 64 79 68 70 10
2048 3751 64 71 68 70 7
0 3752 68 71 68 70 3
0 3753 70 71 68 70 1
0 0 70 70 68 70 1
0 0 68 69 68 70 2
0 0 69 69 68 70 1
797
-1
***
692 5249 1 1000 351 357 585
693 5250 1 500 351 357 289
694 5218 251 500 351 357 140
684 5219 251 375 351 357 70
355 5220 314 375 351 357 36
114 5221 345 375 351 357 18
115 5222 345 360 351 357 10
0 5223 353 360 351 357 4
0 5224 357 360 351 357 2
0 756 357 358 351 357 1
0 0 357 357 351 357 1
0 3543 353 356 351 357 2
0 1787 355 356 351 357 1
0 3544 353 354 351 357 1
0 0 354 354 351 357 1
146
***
3931 5260 1 1000 208 211 879
3932 5250 1 500 208 211 440
3933 5251 1 250 208 211 225
3681 5175 126 250 208 211 112
3671 5176 189 250 208 211 57
3573 4353 189 219 208 211 29
3376 4212 205 219 208 211 14
3377 4213 205 212 208 211 7
1148 4214 209 212 208 211 3
206 4215 211 212 208 211 1
0 4216 211 211 208 211 0
1149 1149 209 210 208 211 2
3378 3378 205 208 208 211 4
3379 3379 207 208 208 211 2
3380 3380 208 208 208 211 1
41
-1
-1
-1
-1
-1
***
77 5325 1 1000 4 6 522
78 5326 1 500 4 6 260
79 5327 1 250 4 6 130
59 5328 1 125 4 6 65
60 5329 1 63 4 6 33
61 4200 1 32 4 6 17
0 4113 1 16 4 6 8
0 1268 1 8 4 6 6
0 0 5 8 4 6 4
0 0 5 6 4 6 2
0 0 6 6 4 6 1
32
***
3909 5336 1 1000 4 4 870
3888 5326 1 500 4 4 436
3746 5327 1 250 4 4 221
3747 5328 1 125 4 4 110
3649 5329 1 63 4 4 56
3650 4200 1 32 4 4 28
3453 4113 1 16 4 4 15
1268 1268 1 8 4 4 8
1269 1269 1 4 4 4 4
1270 1270 3 4 4 4 2
680 680 4 4 4 4 1
7
***
3810 5347 1 1000 2 6 860
3811 5348 1 500 2 6 433
3746 5327 1 250 2 6 221
3747 5328 1 125 2 6 110
3649 5329 1 63 2 6 56
3650 4200 1 32 2 6 28
3453 4113 1 16 2 6 15
1268 1268 1 8 2 6 8
0 0 5 8 2 6 4
0 0 5 6 2 6 2
1269 1269 1 4 2 6 4
1270 1270 3 4 2 6 2
680 680 4 4 2 6 1
1271 1271 3 3 2 6 1
5
-1
-1
-1
***
2041 5369 1 1000 769 775 697
2031 5370 501 1000 769 775 346
1966 5338 751 1000 769 775 175
1934 5230 751 875 769 775 94
1935 5066 751 813 769 775 47
1772 5067 751 782 769 775 24
1641 5068 767 782 769 775 11
171 5069 775 782 769 775 5
0 5070 775 778 769 775 1
0 5071 775 776 769 775 0
0 2414 775 775 769 775 0
1642 4322 767 774 769 775 6
326 326 771 774 769 775 4
327 327 773 774 769 775 2
0 0 771 772 769 775 2
0 0 772 772 769 775 1
42
***
4337 5391 1 1000 770 774 904
4316 5381 501 1000 770 774 449
4317 5382 751 1000 770 774 228
4318 5383 751 875 770 774 115
4319 5384 751 813 770 774 61
4320 5385 751 782 770 774 30
4321 5386 767 782 770 774 14
4322 4322 767 774 770 774 8
326 326 771 774 770 774 4
327 327 773 774 770 774 2
0 0 771 772 770 774 2
0 0 772 772 770 774 1
0 0 771 771 770 774 1
39
-1
-1
***
1162 5424 1 1000 769 774 612
1130 5425 501 1000 769 774 308
1131 5426 751 1000 769 774 155
1132 5427 751 875 769 774 81
1045 5428 751 813 769 774 39
323 5385 751 782 769 774 21
324 5386 767 782 769 774 9
325 4322 767 774 769 774 5
326 326 771 774 769 774 4
327 327 773 774 769 774 2
0 0 771 772 769 774 2
0 0 772 772 769 774 1
0 0 771 771 769 774 1
39
-1
-1
-1
***
4458 5435 1 1000 1 4 911
4459 5414 1 500 1 4 461
4460 5415 1 250 1 4 233
4373 5405 1 125 1 4 113
4199 5395 1 63 1 4 58
4200 4200 1 32 1 4 32
4113 4113 1 16 1 4 16
1268 1268 1 8 1 4 8
1269 1269 1 4 1 4 4
1270 1270 3 4 1 4 2
0 0 1 2 1 4 2
0 0 2 2 1 4 1
2
***
1778 5512 1 1000 770 774 660
1768 5480 501 1000 770 774 330
1769 5481 751 1000 770 774 167
1770 5438 751 875 770 774 88
1771 5428 751 813 770 774 44
1772 5385 751 782 770 774 23
1641 5386 767 782 770 774 10
1642 4322 767 774 770 774 6
326 326 771 774 770 774 4
327 327 773 774 770 774 2
0 0 774 774 770 774 1
77
***
2272 5523 1 1000 234 236 704
2273 5524 1 500 234 236 352
2274 5514 1 250 234 236 181
1989 5515 126 250 234 236 88
1990 5516 189 250 234 236 44
1991 5517 220 250 234 236 23
1992 5518 236 250 234 236 9
1993 4246 236 243 234 236 6
0 4247 236 239 234 236 3
0 0 236 237 234 236 2
0 0 236 236 234 236 1
1762 5178 220 235 234 236 14
1763 5179 228 235 234 236 6
0 5180 232 235 234 236 2
0 3599 234 235 234 236 1
0 0 235 235 234 236 1
581
-1
-1
***
1305 5545 1 1000 524 526 614
1306 5480 501 1000 524 526 309
1307 5470 501 750 524 526 154
1308 5471 501 625 524 526 79
1309 5461 501 563 524 526 43
1189 5462 501 532 524 526 23
992 5375 517 532 524 526 10
776 5376 525 532 524 526 4
777 777 525 528 524 526 4
778 778 525 526 524 526 2
993 5299 517 524 524 526 6
370 5300 521 524 524 526 3
0 5301 523 524 524 526 1
0 0 524 524 524 526 1
43
-1
-1
-1
-1
***
3799 5578 1 1000 1 4 838
3756 5579 1 500 1 4 419
3746 5580 1 250 1 4 212
3747 5570 1 125 1 4 106
3649 5395 1 63 1 4 54
3650 4200 1 32 1 4 28
3453 4113 1 16 1 4 15
1268 1268 1 8 1 4 8
1269 1269 1 4 1 4 4
1270 1270 3 4 1 4 2
0 0 1 2 1 4 2
0 0 2 2 1 4 1
0 0 1 1 1 4 1
1
-1
-1
***
5106 5611 1 1000 4 6 954
5096 5612 1 500 4 6 474
5097 5591 1 250 4 6 233
5098 5570 1 125 4 6 117
4956 5395 1 63 4 6 60
4200 4200 1 32 4 6 32
4113 4113 1 16 4 6 16
1268 1268 1 8 4 6 8
0 0 5 8 4 6 4
0 0 5 6 4 6 2
0 0 6 6 4 6 1
32
-1
***
593 5644 1 1000 985 986 540
594 5645 501 1000 985 986 277
573 5558 751 1000 985 986 141
574 5559 876 1000 985 986 66
575 5560 939 1000 985 986 31
411 5341 970 1000 985 986 15
0 4168 986 1000 985 986 10
0 4169 986 993 985 986 4
0 3664 986 989 985 986 2
0 3665 986 987 985 986 1
0 0 986 986 985 986 1
196
***
692 5655 1 1000 905 905 548
660 5656 501 1000 905 905 280
661 5657 751 1000 905 905 143
618 5559 876 1000 905 905 67
92 5483 876 938 905 905 35
93 5484 876 907 905 905 17
0 5189 892 907 905 905 8
0 4673 900 907 905 905 3
0 4674 904 907 905 905 1
0 1391 904 905 905 905 1
0 0 905 905 905 905 1
3
-1
***
2393 5688 1 1000 918 918 700
2383 5689 501 1000 918 918 352
2384 5668 751 1000 918 918 176
2385 5559 876 1000 918 918 85
2298 5483 876 938 918 918 44
2090 4660 908 938 918 918 23
2091 3948 908 923 918 918 13
2092 3081 916 923 918 918 7
0 3082 916 919 918 918 3
0 0 918 919 918 918 2
0 0 918 918 918 918 1
102
