871934124
958265533
486021459
696666988
655852223
861422625
-579307063
823510536
286470554
290940495
799286375
-413172620
-162583606
603061633
204848229
538056061
608780656
-187569588
-248996375
399037985
825823147
-158254567
558760168
-647292216
-26963856
-727056512
37304193
380938060
1070328913
623994624
579356506
270242618
1233189767
145162723
-96941864
102330724
528300325
829617488
-658953093
710052294
172575892
877675676
280475413
30470584
652385031
1187739600
314808971
320346470
931215382
231280153
908749272
1734932720
-101577576
1135575603
398420267
-981030556
475471236
-100594442
-280944477
-126865451
-14894641
-142592336
1202736484
-881188449
545117560
715560211
125323575
-808386520
-265575903
700052449
823382983
-808386520
613207166
976498894
-612433530
949038865
234185440
421519614
680133460
740708796
-13158761
692297276
-872995314
-839203651
839347446
84269480
-879448894
-679626590
-445191095
99731480
763541684
-521062872
225977815
149300405
-85890030
34881145
-188649018
634888060
-25354747
-225353772
122813469
185170346
401829395
713641737
543090030
786713841
606389730
-615947898
66907928
821821046
-926499374
-193452629
58274978
-416885596
-502249775
272387778
674796331
25051964
582197824
735680328
555717288
-544745098
412097083
-297474422
772010846
201741141
980103536
-454020767
401829395
909990001
55491496
-909202432
-294179475
54603459
-797161690
26437630
990960737
725982615
472470485
964943956
-92277966
-232413989
-332553339
-393563366
78280178
-314451382
669579044
685625164
-153829473
622318538
619153103
1650911007
894855138
-428417222
-305373500
910454370
338114151
477569628
1899726509
-296694433
770519699
773787215
16645163
291414980
535303514
184261497
254118771
-758533652
639178520
682077226
664050730
-587886134
79792898
896239744
575399506
-10300892
-238058255
-387872196
-39884839
-455304289
786772191
391686008
416505080
-454072394
-62443122
25051964
-204777854
83999956
-4053535
673011205
719904780
212793204
715353428
-342434787
491737773
1046361419
563185967
-859224478
571509252
925179775
-659595811
-35664549
131831759
905953396
47381023
1288277445
377032471
792506105
751968260
809253010
-179668720
-422575729
718233351
36846362
1082585110
-240380020
-630382151
71565610
360404526
771976710
983087079
752680002
-871783063
382318773
319155739
-346271128
230291470
787049109
-909202432
609652629
867743643
-85890030
-77095708
920466139
115567423
1295863275
664733956
24164202
691540774
445924672
-74448678
-155415854
-384869747
389363074
37761792
-858672327
-212824959
-67317051
-162792503
-977669941
107519099
-244319665
288325471
996765257
927747590
866089543
66217096
900106401
349015847
189435695
682382220
497405165
-191124668
23326042
470240466
-522672822
847612029
740092256
684697191
-713890937
-486541420
105890092
-189517652
335980414
1121810347
-149169021
696379555
-161242536
1336244834
195173334
996971121
423404755
490267935
-566793310
-462722725
582197824
-168261404
885123084
781879344
-618178616
98137702
-397737686
516375284
710353831
738518780
132507521
924043568
908576683
840496962
874044509
414361616
202851948
701244724
281751752
-862384822
705357816
1598553144
-71573490
646592147
-121027189
-583673988
625188637
-49518682
934067449
977253760
569933884
-666395620
338890151
209290501
320346470
526385117
288501034
969897609
968048228
535545624
551936994
-255163132
-913183435
-589774346
484340969
1381197554
788557537
241569560
109558541
-108481748
193533779
685117059
162359489
702602451
1084979426
-848828671
-148526297
758015333
-199071650
-31727606
-473367155
-280718115
-81849171
230856779
616840476
-718711312
-270333040
85004578
130214133
688052810
-546095556
76766617
-15901736
1381487576
-517348131
453248973
734695165
1567209089
-587574081
995086240
-797427484
1000058499
-54042049
161831188
-56561554
331944574
478768607
-702853674
-404925267
218059375
-85625798
341433392
-794336048
1122604944
980436520
-920303068
-621578028
488776416
-108886555
-81342477
482187760
-24673751
-33114621
1048241367
369145938
1130395218
543060037
-209255379
-147297575
874315060
862564131
-445561555
675415906
371796142
-726280841
845129951
193176055
-823562907
520304019
417146157
473391047
1101763629
-730493580
1481219796
674349510
1129827696
-245833364
-619331649
-776489867
199215647
1051691960
983492969
98160107
-26184472
-360650
-122498051
-118113986
550454815
-422581179
-391228260
1700503587
35870224
-520457558
659132604
723676105
450710170
155727596
-384869747
5879427
-205333474
-256250690
-80914264
-431565604
334880934
903220857
54910389
527036057
641354923
423404755
-319992335
566955393
-345568722
303707105
238581997
962834978
-437710814
528819169
906249199
668457794
-790078049
73546019
-998490374
-863758156
838806171
-839203651
45851798
-445769357
-228870877
1072300728
779018510
827937907
671133535
-9967577
-657771419
679027202
341811611
375880
441778187
406619254
-256731504
233261316
441778187
21162389
767353349
495190223
-653293220
697284471
993317017
626726840
562582377
-289690688
-115138117
-453243260
470362662
-275668154
656174953
315283178
-604467480
801645545
102330724
641987818
417423716
-630382151
491687221
459647889
213534116
237766572
468976953
-48849372
128204736
105890092
1737390363
307980652
816485649
641354923
-14400940
844331133
213824300
912771962
1106440567
846844937
833490805
639176183
770705425
777920041
345698255
883848796
-250846177
-688233236
488376103
325459280
304417396
638835268
76404986
-168254600
713717334
1106440567
662787673
-10448721
91039578
58377464
-418342885
450584886
960043375
722256167
-298860363
633079455
-24243951
-421801546
781856596
-333260212
-821690850
1748255285
1639566702
689003942
920008563
-420362283
283156742
967212813
546234792
-404925267
10133891
463585293
972641494
745149784
925471784
-528285526
10987177
-381316707
344502965
-659603894
-348167205
472997593
379845666
-42711658
404665844
609676593
-641143540
-493910849
931255518
66340309
-901348448
282441575
-695577140
849639598
-872855627
429419936
-317438375
1351434459
182172573
145708447
-72309119
304024042
-496005503
1344829724
-84741915
-681497375
550454815
467990249
708539
-22034005
893640344
792041369
-201670411
-456692459
960598114
-392627073
632104870
-458678079
-908296478
134013178
-290487990
942314555
949341721
450561655
-957477577
647491683
-46359033
-527228271
45965825
-91115758
-24243951
953834429
802868760
94946982
446708677
782438217
207866417
612715155
-453602126
427260326
783941154
-673917071
-569483466
22044043
547325423
-422575729
-215284550
35681989
1597973482
-64236299
-83646070
1212906313
176571800
1079504954
-462722725
159618475
98136338
967340896
-942799856
283286930
696102761
799056580
-84605608
574960648
-905797334
161629311
-615924732
-662589510
621118475
58851007
712268502
175691668
-783247356
788557537
349015847
385987857
414853381
-32676908
549870018
-250854084
829941746
-370315505
-714746510
844023208
98137702
-922832131
37761792
-114964300
-308304326
869737429
757804882
794669002
-244813985
68244235
714189251
243772687
795914117
718372783
220205467
762653759
-38696024
260215864
466430839
-53306607
-673917071
2438378
689119661
770705425
856758552
-844701049
725414672
-432588530
813044651
1044813820
-31132711
895839031
-47028388
262374104
-97494617
662580292
-447658035
-366257564
-270333040
-777179429
622609055
700719364
290228653
42953574
321858581
576484044
1115998888
575335000
668287399
-643207583
511849572
-845484164
-442715585
77817681
545337925
-32179346
83601984
56592475
993317017
865561223
837082479
417578528
569267898
-317438375
-86965890
496368343
1639101942
26437630
-4178897
463585293
307980652
794617184
1116772427
-950390777
204320646
153831861
-583066808
634129135
906249199
-953216534
1109080195
692037135
-877358430
-413172620
293409701
-644845246
11572158
205095090
390632727
490612411
-392627073
-938761111
890553221
301522287
669057653
251303009
671007736
-940541381
404298350
290516588
301522287
-253777841
-811470706
-888579605
894041648
-695046768
867545115
913402239
-103246327
218059375
405306351
-698148587
738613912
291915241
-231549228
979699068
537423976
607369341
-983634475
-975629020
-304880944
481827698
-30258993
132112782
496411410
766765032
-95703705
626110158
584968149
17443420
-200741953
983367079
-446472098
-184887386
425907426
811312581
3890124
329073808
259379219
500172943
477000061
535228883
871627472
609438106
1147911573
768157688
-147126996
-309370774
707268247
687344544
839337594
-872855627
-781455377
759557631
5879427
59950028
-898538219
-527504481
-646556975
256499854
518008296
916816966
728994403
695807406
290940495
-593555862
327833904
-982043814
310425514
835067704
-621993642
-793878265
718564567
545117560
-235377416
-446472098
-474356241
975259752
648114899
-381173791
1499342110
377544321
-10016735
247481994
1636623981
326773800
807588451
56810389
-976521571
984311007
710568163
332386237
379845666
204848229
579016882
255338892
949779384
-498572570
-385616680
-200815417
605982927
-505775964
404951830
521365296
694466475
538359943
-78044389
890177271
794889105
16580372
646686103
-844701049
1131120255
1782659845
-390798228
820372165
512181374
927712051
-161562505
300215132
243603580
700597826
-166909838
-155955974
301631744
-200877149
1748255285
946017475
-715797687
-374909110
109457817
54603459
-10008710
-85631889
27298835
115736365
702692970
1811570440
502296461
805932641
698638278
-140486813
113287394
-38696024
917362057
862616150
513796557
574022813
-621578028
-470408773
982810021
60591735
806944913
559293598
-86891584
-148065071
282535900
-957291963
557784398
-514112997
-30258993
-402671899
-444103896
839337594
311278270
514196161
817934410
497825636
24413716
758700962
595005088
732837995
218363567
846478551
63548004
98670260
31781718
-917058487
-661954714
-392977412
597610362
-659595811
477957447
399037985
873567797
-182745965
-54042049
382496768
815218598
809947069
697177110
816889216
14885567
-981030556
320346470
-613082900
-716433332
-692738308
-20667805
508644581
808676177
1159107161
-326098349
192848716
162841860
812662895
-496700511
553915680
-492388279
606353709
973668440
675747340
-137904190
64550979
117180019
429419936
9503851
-448236468
967212813
-499067229
91400264
15567615
786150384
1056829069
252632215
375271509
378548715
974638622
450572827
-130449554
739374631
849067075
748293003
-695733132
560331407
871326290
934098536
613887684
633527134
911114963
778697275
78699759
-552829715
-675341323
106423789
-951067652
889413490
674682613
402131240
216394247
-458678079
36462395
-256838889
642702048
-346769743
-126777388
794617184
924471829
-123196274
-3074959
292218286
109376133
173490739
-499879677
931548520
920468163
669962039
20027220
-21812885
-721332434
650376075
826973819
239024820
-105057074
657072559
437102527
-884558030
-728568829
-78044389
-136775066
726205219
457660144
740649894
116665481
-289685869
-462069536
571509252
-15854912
668408178
648669489
-335457933
871326290
613057435
155732012
170870390
-356143718
-328213188
-539840600
669053409
949655841
-827820007
-63039135
-526285832
24164202
-485527482
121725877
666008691
886878410
18231455
-424217721
898955657
1540670731
689119661
-221805868
717064586
337561713
628865976
892528724
-785743357
-235377416
-94439793
34881145
-55304567
-252824843
-260531553
55071770
42543802
-945769155
548310926
-713187145
-824403606
754967676
626726840
-998507541
-622448347
281685793
593575397
-147375543
1167358390
783823596
-582613442
-6450660
854829664
-258295053
837836655
-909202432
1358815648
-11634686
418977967
801616507
-88239618
547325423
717107834
346990362
-730738035
-263920015
-161559917
199215647
199215647
583350597
440856689
120300083
656161353
1335612402
-229540643
-360789494
486318022
987135611
-230679739
362755753
-378901278
321858581
295903348
-499067229
348499704
505504273
35870224
138027816
-21594272
-197241397
296653055
532141221
13836620
-1363096
-168342208
607963815
-37371695
213475547
773943830
718233351
408965468
254422851
-298860363
508156406
234880449
954774670
645883559
275167776
-458913821
321069886
-967457537
888500380
723763974
641178306
916944597
460445107
-289690688
-235073043
17278800
1382007914
138130219
1377898312
-78044389
992817574
254142118
783941154
238581997
975589548
295251186
933325113
575335000
563002832
98136338
487924425
565484753
-773638158
678846302
684437924
-851493136
-10111051
-724506039
-625436073
524836367
326452283
479314768
924043568
926623529
412097083
42552595
477628355
795251224
945965588
293286702
327833904
898570026
156418652
863276388
117920497
718205694
346941069
-939445293
-287052513
-701883491
518008296
638409115
171289398
993317017
586395085
807893023
705394825
232316426
332436382
-876563299
-398790576
-820399825
115984909
-102823980
-1624057
367750688
377544321
10133891
535545624
13029707
528303486
-549037341
-347580722
33159063
-838327278
438843407
-903640108
-221560477
727953736
-508400725
949330163
541445454
-199071650
787625672
126373768
-476526946
996238958
2587686
48931990
-558274857
673565449
46894637
-308561047
-290182387
723768524
262582024
1451262399
-134676681
1146337503
850967270
-926705829
-844587242
922404042
457660144
426275147
839970631
-12148126
486318022
-284463662
566955393
689003942
471596219
619453692
-402724493
581531928
-982043814
958248615
-938761111
706168499
-361290821
221532205
41589278
-370691287
693194990
-14774102
700327560
-761567023
-804028400
203852555
516049844
-234594582
740708796
146723593
308528218
-595836893
205859384
838806171
-485521221
-84018582
-319992335
1133230976
877660733
-877358430
1382007914
-358179373
-779781447
-681489110
759783966
193672481
-226246223
-170129806
-367412179
522862119
114667142
607474544
921477105
588115784
1202736484
-488369413
311509071
720491887
-39884839
334466302
-308007686
394962473
1336244834
405306351
160224744
353321640
-909202432
1056352519
-26711361
404951830
678846302
-170145797
802868760
933230910
952298214
21860266
987346
897810517
778310446
-86188847
-346769743
-78001491
-286142630
-449869660
858883893
-818761160
471885908
9551405
-2445185
1160182934
-221560477
-149598033
-994051724
-244197928
464811667
252814805
854023558
414853381
-2445185
-67994624
945143088
-322558354
358877232
751020778
-299881083
886044675
-143103563
-730738035
-323560835
687344544
885123084
379235056
883749382
455494606
-846170115
551936994
-720360189
620297287
676211904
46713107
898271054
777281977
-507012562
-803293271
-348480323
-510492934
722256167
338099558
-61273249
-469788039
-386025995
2011072
-68410077
639176183
704223942
500172943
588901865
49462542
-161775439
-127082980
1357059060
938647866
781890250
941459773
-964612299
-618178616
504832911
521623081
-446458558
244745051
-424217721
25987601
781856596
925179775
8501910
651082340
784627779
-111453367
941232017
649370305
-397328399
605100167
46012360
565484753
656055067
-529235412
771739516
-391389124
205218210
-582613442
390856433
-628557252
619202360
386185254
-122132797
683672866
4673472
-285840195
768439891
1500057294
757205909
-872995314
760197231
619316406
997624155
73546019
-272349423
-294179475
-26657147
127403696
734446301
649393158
974307029
-891191756
97817483
-52215619
282372964
563498717
-278342870
-909202432
183608917
265183130
194701730
570066338
-239881166
925531725
432743433
1850273853
675002529
839056398
-523031063
698638278
511849572
-507197175
895102477
-322558354
208240395
70526070
771739516
734297357
-120284659
661926154
263524075
820782951
63548004
771500215
1302443259
308528218
832781951
799542346
-816409730
185112041
-93242824
968061905
248133295
795472058
449672213
1087215184
-139624623
46360663
421080458
794019811
852207905
263303387
-224293461
-42727841
634309005
728994403
831971532
491687221
-462319580
689326279
-235377416
623994624
-355466132
-582420416
19717667
-354985925
363750148
581198587
25987601
-583221495
1571727800
763926100
-11153422
318533154
482906957
526689265
526842099
973535594
32908095
775612998
544235815
-19949549
613433675
565604941
36462395
36166909
-338765468
566218528
575897932
-427163120
544991784
767194054
-357241345
565845039
751020778
382489692
-950390777
557770411
970391045
162359489
1024333516
193672481
-161775439
756051887
103694850
573975365
-376498873
744074319
915276871
-140721318
-165423441
1117427138
489290354
-204769777
980810498
908715457
134783451
779613847
-593628306
-869693372
884958686
-192402082
-863958542
90967939
287754536
-843416668
911474324
-96237456
577668923
-118113986
575399506
-15854912
894844193
661926154
-797281258
-766217082
105565771
744933307
751068284
881992371
5070951
76404986
241569560
-470392969
-887113771
637276092
185492352
638799208
583350597
1005872874
1840370010
65957128
1189751815
211041011
510439820
277342553
793589252
903072463
753406235
484340969
680621163
-831885749
217161238
867596589
335980414
-559585358
828393233
449672213
-790602215
-378596900
583718522
-19286457
-957291963
660757597
-101042218
295316896
-31132711
-700093155
1943965055
-202969934
-712228555
-392977412
368208272
702038024
735904256
-43948323
-583623498
-530126945
-951736510
769709236
16645163
969892364
-133919354
773817213
268723288
228180427
666008691
912762840
877902191
607963815
-72094051
768981110
521690927
479650944
-84018582
-729046420
-495858977
-72256879
-1372081
753406235
585226421
-12148126
-122498051
-46950796
-37832905
84441608
-129606226
1455811866
-698148587
35100258
-420897212
862277278
-220860963
748293003
-249081218
648293752
-285099833
770637284
968061905
-6450660
1269726043
864748149
290570795
838257018
322676322
486110620
692248304
533087945
-489258425
480908394
-114341978
827937907
-417820709
837082479
379223423
875081418
666630920
758212895
290469831
760197231
351643885
-196485846
270906048
265345001
-646474839
-933331126
115614025
29918150
107065546
81158141
-70401892
594426882
86826024
541209771
518008296
934098536
1186762988
889361290
29918150
-357792315
650203660
346567609
235491934
989184461
-272349423
18206172
629046151
208851052
-829695911
-9042471
-114384799
776098574
-234294590
-595485324
367811172
796581577
26437630
156220579
-796698153
-848250153
272886880
-96237456
580164245
-625180951
-620186454
748713736
-101042218
8184186
-133314258
686422121
441863123
172712269
998017125
988528122
880854195
159836334
-949877843
88854852
985551033
319259951
-820898448
793706094
1150370758
-700690423
218363567
912435204
-514739492
240727275
480908394
596800779
664993198
581531928
331944574
748861856
-61751707
634293381
-542168482
680556362
720418719
696344674
-34558505
-998281444
-704366394
172346220
-980772595
504832911
423404755
220505002
-312223737
-133291871
-778049005
-22209359
757479192
-698555164
1748255285
-132290612
73627430
419481739
-654942459
66907928
917362057
-39224911
650558926
-653120371
-32179346
-123196274
-684072286
-112157913
-301448746
-71454777
875380573
-522554224
-30488816
62466961
-734049189
282418390
-727056512
543060037
84269480
905953396
680520964
-417739120
-22209359
828393233
-915503145
1202200664
-646738579
545215904
389103272
-55221621
320778507
139962984
-37832905
-698681040
-565510852
87183859
1204496609
-85631889
225182165
890553221
-351693161
118748294
-676416275
304959853
689632479
304233055
368434434
924471829
-133971276
838806171
207447322
246857729
396652101
657072559
457534400
-614004636
83999956
37304193
830411530
509769909
276810368
625536666
415501512
-218688951
813347684
489030817
415346797
798664455
931312134
1358767469
683177895
-381228433
440856689
11896929
790568541
-962566713
777577380
610634104
570066338
712918942
513159605
-286142630
112867697
-625890238
282441575
478768607
985293643
849735124
963946433
930660949
-304708740
538359943
672998001
19994967
-180228965
-266501233
159836334
-1486456
406591258
201476679
863982158
-54042049
937954408
509103645
-591846731
8761528
118216271
491278995
754967676
690266423
941774873
-582877942
515343500
-729046420
744727631
634964938
563482901
746398845
122631759
750500954
401940016
640972994
209814645
1031400188
947499345
346567609
-404925267
-183353155
459777593
905497419
733461812
78280178
577668923
619577900
391865219
-453621832
295593820
418977967
-902762032
543318139
1189301280
545337925
-349372688
941336597
431694473
-84722830
-753698960
490368068
167132672
-43196745
-78923290
611573627
104875873
1265695931
768961282
759785368
-410503315
569933884
8984551
-305373500
-298801613
-110135592
979272231
-922513746
538359943
943460654
60494296
138130219
337561713
-4694246
660757597
658415266
397765351
355676085
345312960
-908792486
-636921079
-926002130
301074495
757681581
450561655
-685765493
282988586
-738672105
-98077198
106187239
481827698
872144998
363047742
773787215
106679141
1146289596
-6342621
948613768
310243986
244745051
-154680984
472997593
881494576
-601611793
64860392
-302104477
426275147
651269978
987346
334449753
-451456744
231802490
-917058487
817666704
20381635
247419083
923965350
-345489890
172712269
-346769743
683672866
757320854
690266423
5555986
-215195147
228063986
1233225938
1828854845
-577846178
-233075115
1853937629
27122157
-410564414
468291062
920965376
898378332
944589080
-699310797
-738672105
642200859
999791256
-666803354
976498894
666776946
-792650456
270209972
484842927
618133877
-120926839
186683950
402498204
295593820
-189381471
2587686
771739516
-81849996
246998361
335452888
-508032378
822559504
-685765493
101142840
-725019178
-686646435
664050730
842493262
68244235
162897908
-71573490
-714746510
614670676
921964373
923805390
790124843
807893023
371796142
-547841640
-358883591
-36271869
773817213
-990990379
-719124767
894859805
-540552220
-549037341
887959668
-495858977
684697191
288439204
-768578197
464051118
849633646
685638302
595793036
847333076
165716808
-911916157
249677232
83064955
870323337
288439204
-70520386
662062555
1265695931
-44023222
451993455
495377239
84991210
780071576
1403522443
121331333
261675515
363047742
879004167
437102527
-357792315
705558964
-172331499
217161238
910579733
-475942308
870733090
658486182
-36845213
120930311
71565610
555770069
952298214
315975621
1475618411
-726768074
-122498051
-521192332
932532863
-738261405
-151145386
763515638
-413633644
-998490374
882553633
992612250
988528122
965458903
-153829473
875946654
-933940096
-530126945
963228713
64860392
67560395
628998686
1380020269
969133479
513723399
-449869660
605870978
942314555
165877073
737821349
589245207
379256006
940057422
628619016
431955190
599319628
-75571872
215372450
-200877149
770519699
267218445
222033602
-702760265
-69085325
-983634475
22044043
-136915277
625536666
-945251819
815218598
975064388
470049756
-78923290
621118475
-404925267
-490420466
243102053
1032556513
-453621832
-77486592
461734393
528303486
886095710
754273522
-310015845
28482515
592439039
-349537436
60648671
425476658
628967189
913543757
87694402
141532067
952679257
796612092
940983509
634340306
349836983
868978139
-324667733
-322198578
-470256758
1489774576
-554672839
-629447245
423404755
641987818
-152365822
-335571546
-932788256
750610743
-476290553
996504043
903595816
765353818
-59247073
73310524
48636926
-103091632
526267817
156724121
595376077
443528102
550649330
-305373500
545000649
-74422965
525758736
-165711574
-716433332
889413490
147269764
969897609
-101042218
-540653873
255078907
39673327
-285089625
891582160
1074066029
166222079
251074284
-101809475
628998686
-861241082
33159063
307395823
820387010
430156433
-122078645
1370335571
386016578
910454370
992817574
477060132
311509071
195118620
827103306
652385031
907098581
-856668851
-89413262
882766491
-28940850
748085177
982364685
-333859881
682077226
662264694
42552595
139985767
-786259186
541879228
-951247951
-215456063
-49249684
-183353155
55409834
801875551
-397737686
38589768
-322637451
-908389374
-195356089
887835056
176571800
684150000
607963815
-821690850
880272577
437102527
62043635
1374247568
-240408135
-413172620
-739451708
-785981027
521286227
557981537
-127411645
-524220329
976796388
692248304
-35894420
922621747
864776008
-384869747
790124843
542655217
-686646435
92635374
-596218900
576915685
-20667805
1175641438
-74448678
100764026
-101434523
-611201571
-122498051
-161242536
596899906
837160115
255476840
932018896
-445044194
745341022
1594528570
-10016735
-773433402
735680328
-139634383
969478801
826973819
-909791114
-72186851
688759651
1245296999
-4057945
770967109
643107139
507548643
569543823
253323322
-644845246
-166909838
1015393542
461829111
-726768074
904644142
-646474839
-222284485
-358204371
-73897047
-632841475
908749272
660042191
87183859
900106401
1358298609
-409055696
45111985
-185669209
265350263
-114894641
-108886555
841694311
291414980
171578109
60591735
717088891
624062217
-700093155
-359458432
-132150639
-268133192
-26963856
130048460
-133935521
382928269
-214226388
-526807217
-62829511
37221266
-397328399
-10016735
917003312
660111066
672369556
-34362366
22878983
928875936
915910834
972343752
625188637
447373491
607474544
-654348033
-387872196
-87923879
632083270
702602451
-163525353
659173131
-790527220
709523910
666765477
-144414123
907479659
138228579
668457794
-482633116
-683245149
553915680
1151809264
625188637
145523553
-187569588
335639201
906249199
308231971
984776515
-376498873
837052031
378458052
733662445
-335571546
-418342885
-21594272
-43948323
-59236696
7497160
1562411373
920415028
370658695
900106401
-193411679
738613912
-45634208
-949877843
551936994
690675094
252632215
813347684
811922049
-53905092
-102026964
-809326888
861774940
-39884839
-963893447
1758236146
474023754
604476518
17377850
666765477
504463406
-220966670
256499854
685006854
689326279
820387010
595495680
-675341323
-267570188
96938960
430805362
884527038
-520823723
73766052
-650746052
381578583
796581577
319481513
538414687
471989756
182172573
602927097
-653120371
-309897955
620297287
348521944
-704366394
312542234
-454020767
-926002130
211884111
432359530
953751511
386699292
660420236
505494803
638034873
429419936
813946440
339483821
626586874
585366469
23515777
-622437750
176571800
930526194
33671803
310243986
923570420
906249199
344001342
-228332934
720418719
103694850
-518944546
-638773594
903847918
748713736
-394727964
228926994
-455106477
932361786
185673368
-10008710
381722797
300215132
29776020
-93242824
386420686
17741934
-59236696
607963815
-21677356
304282172
-455123955
624753546
-276767454
-778331198
37416286
-649946380
371796142
-505232915
352014435
429548092
185112041
511530576
146038803
661926154
543349370
1595015010
-9662434
998017125
-971744943
-95373948
139387721
123660077
363950541
532141221
893100270
-694709506
238302073
-118113986
-27485905
688759651
865736253
145958007
-126062364
144851040
-61273249
880272577
29176206
633079455
342217180
883415912
-439134097
-25354747
974215940
891829898
26437630
-546355695
770519699
340221892
350899423
870640354
1096329646
-125660600
-560458533
-528097013
994655473
835067704
976362648
111099878
509034237
-385616680
462419148
1188850786
696379555
106978316
156350310
-367412179
29176206
631120085
563359692
564369941
403889877
1632673483
403889877
904259981
702602451
542964963
-184787280
-314940810
149905342
-622448347
-778331198
589984357
916816966
283895139
835752352
218395773
432359530
-249783072
334567523
-394364480
-418342885
1189301280
-655615071
-925613072
66912479
662308974
907479659
942781693
749513465
25194304
-64130803
-10124395
83994046
1591488773
529515946
265350263
66907928
-872995314
652385031
-650034917
677960549
656161353
419481739
555626343
-130449554
293249327
-41230587
-140789059
1088509456
-764336112
777281977
-476641263
-669442637
749059052
-124569279
890476467
438457699
695807406
526689265
-422210329
-577280275
807811165
880948505
878192582
785057806
-887113771
323368406
241103089
-285089625
-539060058
-106790962
88726984
-140246041
972579679
637780311
-344868877
301522287
1066772219
542964963
705394825
-36020434
-214142758
40693639
669579044
882846061
96001915
507309581
94610505
-358179373
1096564881
37408593
482906957
-107437534
931541254
-17547181
552527972
-315653335
21162389
855249830
968185626
-71454777
619503607
291915241
689537788
668482463
1009127281
425144275
275854358
-22209359
-87831474
802417687
511735718
25051964
27578031
-354293242
555640972
-682448300
-100333454
943460654
601590560
718205694
-62287815
98363962
801867590
672369556
-552829715
-788730770
714322670
570459725
-339810000
-14894641
928875936
619712757
602544363
76792838
143005916
-254567850
239024820
200380171
144636572
1085329536
327438770
665265432
-256731504
460650256
-357241345
762508034
557784398
-211092270
-49906536
-226615872
-333260212
763027437
424269798
361182966
310362624
-828771356
153325899
136233537
509034237
553994919
932532863
-26053194
-593024131
-226246223
720418719
578025964
14742565
-404925267
207225601
821831457
180008497
222462872
-567211256
-220788037
-175186605
-124350087
788557537
-583066808
-180962084
-415702576
-104815894
518660894
991402419
733059211
-52788682
335639201
980810498
-431021503
-373228627
3890124
930092126
861433496
572906521
218059375
-900137759
413731441
887248508
633993282
557320382
655864491
-842353307
461186304
656432014
870640354
927232177
967689643
941774873
-76747172
513185057
-284854468
301522287
-189381471
-463832574
-335457933
-59371715
-85625798
947662355
883882706
-461189416
777577380
-76215877
-4178897
-496005503
-102026964
717023451
-654942459
393347916
104830289
-38914645
-86891584
-44023222
942613062
585226421
645084631
416505080
-69085325
532593283
768774886
-337263082
-55027367
-291044594
170233106
-680145793
-685765493
-828466189
-14221893
292709156
583718522
503258677
903161445
948613768
693092803
680342198
154373423
254142118
936272074
696993934
1718769974
-35507119
521392722
252814805
833246013
100506684
872005634
782519481
819784606
694167029
273136194
565668405
1463773224
396781009
841235104
565813880
767553624
8501910
-938761111
626726840
438719542
846478551
-887113771
612784938
876865986
847333076
-21445134
946308759
1093848397
522853146
-168185574
830133359
321265873
674796331
-852949653
-501365996
-90478859
692248304
477000061
735870167
893740990
-490588874
49919097
860572740
-473621138
657881743
110307449
-299350043
1459567570
-17709197
749513465
686257262
947662355
543060037
1348934013
-358179373
749631097
817795438
128204736
947131238
-596218900
-527749100
-871783063
-61979645
844772163
563855132
578556117
34881145
602927097
130263233
145708447
-199071650
-34542947
637387615
700209161
-501365996
962805441
207596992
-482379096
399120813
862616150
363570580
-927333215
152721350
281685793
-787224857
185170346
-304880944
35790927
985293643
34542526
319481513
60648671
-370691287
960830314
-656148802
-468631489
-161775439
844772163
-368594976
1575894704
138029768
25987601
875782021
473122194
-298801613
902912471
-514112997
389671885
-126062364
620501523
508881812
105968991
929741197
695816531
-80345354
-683245149
-550362344
-324075625
592452816
773817213
-84720122
-127411645
186703987
106978316
673565449
196270489
-239045768
141794309
242697425
815218598
-547801564
-27485905
145162723
222432550
790698554
-50010403
84272481
391686008
977843269
34881145
688431472
-130653467
-275652822
210955587
1580823537
971685519
-618178616
-982352640
1453108643
-797427484
450561655
937547648
-905797334
-322558354
-85890030
305100731
464218618
972343752
1167644411
596800779
1096648988
634077017
-440343212
526732150
292775048
-796698153
5879427
105501416
965985411
-126777388
816370496
-547664759
171758981
-102823980
968272202
311601858
697371335
-32991135
848548672
-938761111
933325113
266570123
410558504
834013920
-292474347
757015996
-87831474
638409115
-527228271
-220966670
-445191095
539460704
872529672
673565449
-848828671
987346
71639413
615168690
-144451488
-474356615
-123762724
-127744972
589245207
370311923
235687272
218417339
-108430345
529237715
883415912
-568117995
8184186
867061559
122158829
441778187
-627523479
-831184130
-293527139
-661144318
896890186
40381816
314808971
96001915
-38696024
-557389433
529295432
990787588
107470176
631875689
18163792
471885908
869836826
-165711574
866410182
-741289310
613336971
922559780
952679257
-488500372
-189355285
-8783777
720936581
671393291
990908535
52547205
981274501
527662138
-726280841
756826535
529148902
-818761160
930092126
-909117887
171047736
-82905077
197897507
-26630959
772010846
772238647
679266818
-370315505
-264400176
319259951
953885335
595793036
611521221
149363511
-888579605
1380020269
-410503315
612430378
-557769719
208142827
320880847
1370604604
149604600
-10463849
-337898978
528607880
1632536256
179209292
788230151
862564131
141532067
154373423
978588647
-435483781
709523910
-980310946
625058005
-547801564
-161987350
832781951
-861187677
-9662434
795914117
895569129
516275670
933230910
-845484164
282441575
-248849327
131310441
585226421
846478551
423017539
-74725917
-517882833
-766217082
518266031
889658821
911119216
910720149
-900270626
125494839
195832704
676719483
1089164163
-468631489
-600258612
708738780
473625956
819826082
-29023585
513707275
577869382
-260185950
980479332
768456792
81549620
820051484
446625122
948946875
117074273
-439003951
-114464676
461796044
-444103896
85998462
852957836
1668361945
916291455
118748294
-188649018
-5477595
956954036
1043733998
930660949
936523901
1204986991
-365373416
-962566713
461796044
-200877149
-458944904
-792288999
-130325835
702574059
-894608607
771145403
-70401892
323134
-600966731
49599090
-28940850
187010513
-573513248
-952861201
-761567023
92635374
-413633644
141582097
768456792
624519858
976498894
613887684
819838735
616840476
1000232701
-680145793
-280253146
-414907076
946308759
504607118
22044043
-429968859
1280805139
992340360
-107437534
775587960
-234594582
472613762
940983509
626684649
1113979009
-582545968
-120019416
-345552049
578530960
1432160204
29700984
776519562
1269603687
719532594
560482214
-165400675
360304460
735115346
354396255
989529026
-12944702
663377554
-859884684
84160991
-189924140
1491506200
381967744
794290602
-384578707
484469237
343161126
-144899909
890528554
-867895195
253688551
631120085
705394825
71988307
-100788693
-236427577
528300325
947753117
-256838889
783480708
932120009
-15878350
-863995245
-94439793
795501468
967454737
-612686434
371941959
-117350383
-418342885
117170911
8644052
912465658
823510536
48592360
86826024
-629121006
-488436362
-150327872
507210772
-981030556
1046448483
-867895195
133054024
-660072769
259719598
1840370010
54603459
-15678229
120300083
402131240
781356612
-601611793
-274591871
689505495
-108174992
664050730
869836826
510163165
-266536400
-676844255
46148565
776150701
-250713661
67721287
577869382
578296231
-951736510
982176529
-385616680
680342198
20993371
605982927
819838735
564369941
848379753
78280178
-909610777
153803688
702650789
-684811210
879418242
-698555164
-803293271
735855524
-418239054
675747340
959961660
-245139488
657106689
-858672327
521392722
15903239
36166909
232889016
-333260212
992817574
910579733
960137923
-261274828
558573239
773712134
-123196274
599319628
914075738
399120813
-258768844
914432076
569933884
-317936948
18578402
-420897212
217257941
708989148
976589816
800276414
-722370740
301657733
210337949
847937309
701453028
-508400725
62043635
-488436362
-72256879
666776946
8501910
815218598
60184124
1475440130
354719543
446239168
929233011
790568541
516275670
817655622
687617443
692671953
265453258
1375418622
-429172811
608780656
767194054
824043799
805628107
150369465
296221892
485939382
648686845
754967676
-916624279
612469801
-464496766
-458913821
145523553
391686008
463585293
460134260
759454652
-455123955
364682802
-373228627
960207564
532141221
767889603
98670260
776150701
456017919
-64319044
-235575253
750802122
683956151
-918354759
381967744
-478530919
114151313
923570420
-141115189
-743074193
-536944317
517515851
-62897777
-723812706
743456437
357819503
321858581
-111887918
555704851
-30704747
386171769
-118748957
848131419
658290400
-139567633
968185626
452284184
111655445
-981866770
35146387
-153959174
126341400
1599900924
160869537
40693639
200092951
-204777854
896351350
-343527653
421856201
565705265
-457028007
1607303655
274804923
423017539
609438106
927646724
-378596900
872144998
62143250
844772163
-350146061
-831968185
861422625
818506438
856548375
-393158909
844593154
-337575051
-17709197
-539803906
-932735107
666008691
288439204
-50010403
563498717
-828771356
994232212
463381755
-74725917
571016525
225844549
221940383
534101943
778697275
107470176
-144779832
-345489890
649370305
702574840
-808856535
602927097
705558964
923965350
841694311
565668405
-756439198
7497160
-189924140
801538605
597429168
-483709315
99613530
-104815894
674537308
934396655
-540653873
351643885
203368437
-407986712
-988641061
-686646435
338114151
839056398
29700984
831079361
-738733437
-233644827
814366552
239024820
-144137183
59150567
438631902
795251224
-49906536
-429172811
982182334
296982354
-46514077
389363074
67560395
-74847606
-817935258
613433675
1481219796
-296458627
141532067
790698554
700209161
319259951
108674195
1202200664
-853025107
958332553
455494606
810177029
-733142233
189262616
-214226388
58274978
-816409730
-1669701
989679029
-558605399
-59946539
-891876889
-612433530
73138906
666184439
421080458
687965207
360778101
652168890
932018896
52547205
-179822728
10996305
-523031063
8644052
149725581
677274203
497245393
1219971767
50102166
46012360
-894608607
-345489890
878864523
340717528
-337898978
375271509
-68410077
-422581179
928450111
-697909920
40381816
732440995
338227206
202687485
890860036
138027816
65653439
987616348
941774873
179209292
-682448300
396980630
71565610
412097083
276810368
550649330
-832291643
-184887386
-691439240
-96237456
544991784
341811611
-127744972
-952861201
684706087
-446715375
243660692
936815831
716476833
-961983825
73570226
581198587
-180485782
961878269
479650944
734297357
872373094
319259951
799816389
1491506200
-939291219
688764161
819028247
623769191
22661616
-125660600
218395773
626684649
996971121
827103306
-13158761
710757123
511735718
634309005
589127276
572548118
-689639526
345910498
487217622
424269798
-15251959
-192613611
933230910
180008497
980953016
391514463
-635867041
997746646
-683368656
-240408135
-26340964
-278627016
-459527083
-522870361
-420967981
-266723995
49653660
-58245232
-14894641
-712908348
57450345
665095669
283156742
912997481
941459773
125815332
581512670
721342362
449672213
-474356615
-292352772
842198886
845817446
-473627490
37304193
-14400940
114971585
46908897
-220966670
-671382765
-283895082
68163369
209005161
-127121055
8184186
647491683
789163993
-308871851
37165152
-288684132
1177878539
1810813904
96609980
133866478
-570916550
-446525414
702487030
920415028
-176628482
928450111
869744979
869146563
822837639
665484610
-32655342
910687290
877660733
82006068
739346925
538704020
320069820
-357725731
105087834
-803293271
68244235
275854358
704017784
1366272062
-583066808
887823419
-307609840
706168499
121364564
-43948323
895729791
438843407
1610925319
-654559056
523254942
-865472960
-438841734
-83158189
-193623042
-102834354
80602912
718835707
-73540763
708181662
940983509
-388090299
-168254600
-483709315
681309853
292709156
489826142
-314451382
-87248496
-478936137
-101179442
389401264
-250713661
960043375
-655615071
747115767
-346407801
886095710
-28214293
451832096
726033086
923690673
777571348
791278070
272464730
903351769
108763432
-88251698
250364168
941056542
-53262442
-77783650
933230910
-215457463
345819434
-400104243
681586506
-371247624
38720201
261256626
1220518286
-988342972
333697865
380696946
-573513248
867545115
-926051050
504556995
873264853
436993719
-998249629
-214226388
-828466189
-839493048
300861021
-61273249
700597826
-865233994
-267280755
1601370456
983489039
-417820709
-662123184
859363125
837160115
890330752
1597778666
801875551
-12148126
-11634710
507961776
808508930
948946875
695816531
565484753
23099569
-130449554
493847415
-147375543
-162572133
830908258
307256191
-202969934
484842927
54050866
990153675
421940061
315399889
441830393
-64909844
581927246
1084979426
813198744
276499556
573975365
-151145386
801606299
255078907
141456398
401471471
964867750
751989774
372061168
275125003
-53137405
-72094051
349015847
341653186
189341216
-140377821
509769909
578556117
242697425
971685519
768774886
694430372
887959668
905953396
923767096
115567423
-94635434
261675515
66912479
6616633
776150701
646592147
501888859
-219605792
218810734
529515946
484340969
317411542
200879161
204897799
508644581
-853025107
76766617
799347521
710568163
92821728
255940769
-584999862
756763862
-801235113
-478179547
40381816
981446394
693092803
-258705926
220190563
665095669
1534143248
-210568611
-894608607
777920041
707007597
-155955974
437840780
215020938
635919341
-44968726
633716519
-71573490
-353589684
294678638
795914117
-137904190
574022813
847612029
42760450
-988641061
1325126028
685625164
-487045113
648293752
362123204
-514112997
-137518004
1103356366
453586156
47381023
-25292252
958957768
-995658797
-204777854
776098574
701384485
-790527220
503171792
669149353
45523332
-565958589
14885567
-569483466
-136381501
313459662
-1669701
1325126028
138027816
532593283
133866478
94610505
11654953
-30488816
-136915277
-249081218
94732498
680556362
-785743357
321858581
-461262166
-569483466
-14531548
-572353479
930526194
981692649
-202969934
1859563129
-909791114
815843197
291414980
946105427
1260225198
-280718115
486318022
-133052214
-286142630
799347521
584833734
-673917071
-185669209
963733311
-548094513
-932788256
-828771356
282535900
829418124
-558274857
832282935
-416885596
375202199
192848716
945965588
204584790
12700202
591145239
553881461
-855713283
1020990388
828761943
1941446388
373239594
-118748957
817666704
283167733
-580150090
-671121031
791882240
-36409271
-454344412
116169102
-62897777
812827573
-45639362
-27347703
400537379
711131238
-753478010
-788875071
-233644827
-235611578
61585348
-517882833
190769539
35894504
145195698
1537065930
128858874
910454370
376859542
40054429
961285340
-4532449
710568163
-542168482
-650034917
137139163
910687290
-16529376
628619016
418697704
393637448
-535010856
1396137503
-634415165
-601611793
696344674
572548118
-39573085
745657530
811556199
223084233
-158707971
482187760
499471938
699430339
-404925267
605044447
723762886
55303818
-923154953
370658695
675535615
691837881
117180019
-96269973
578530960
-514112997
109934187
122331052
5650962
-527197452
-53262442
117157652
71864237
675572646
-260279658
-317183054
1219971767
463905050
-35507119
213714744
687850847
-30704747
666630920
-990990379
-252824843
214501499
605870978
364608911
15288616
475516536
-970722355
448756411
623264604
889658821
-367260567
532141221
-321221461
854743953
-900009036
-291044594
680520964
905497419
217757789
-41827193
631120085
143893295
97951922
-346769743
534101943
924624417
-845217251
-5862257
864805813
-535597427
-256731504
626786311
611573627
345351081
125461452
624475852
159270782
599207820
276810368
34542526
906294930
208851052
953751511
205218210
946579051
383043376
393637695
-360360121
881992371
828598018
909249530
-194221136
377178470
122104087
185492352
71864237
662583957
-657933752
-740481078
262615283
503377190
-420897212
679301028
-254527683
291414980
-918081687
981274501
-939291219
376309805
707268247
872903957
106978316
-585929494
-582877942
323134
637481757
-501702669
-225539499
637980458
-235611578
-323560835
-3074959
581512670
599490059
811312581
173223424
-797427484
-827771237
191371893
414282629
179209292
-771785814
367750688
-459527083
777920041
-530739576
-85107689
291414980
-982352640
-226994857
-785827646
-381407306
81158141
-565958589
-627926104
-93455893
10566729
944661711
304282172
-59371715
-736832445
-671382765
-230826715
22878983
-963986400
-951067652
472997593
81041089
-150498127
-373228627
105245021
-218688951
17278800
647123612
395963597
342865837
653310665
-439134097
326692649
71598433
70546126
66776996
710700259
543318139
-685263444
892528724
-140068955
263524075
-4057945
923805390
-265016163
-97882419
477569628
10113672
697371335
517167752
655568348
-284854468
819903432
209926357
963530619
693804946
501888859
1821847802
165660367
597429168
235491934
-35894420
-46381733
655529528
1109080195
689326279
-288684132
946205420
-9967577
581927246
993968794
155732012
126684014
-454020767
-48849372
-148620878
-738672105
189341216
763515638
-28926745
728272203
877802048
-587380405
956687765
811815039
558256667
545333716
-343527653
-397328399
-346407801
-354151816
673565449
-565214905
-482379096
1566939982
-373228627
-137086959
-349858151
310194092
525758736
285434074
1222508448
1169157051
-742776212
296221892
917465325
970472671
87534103
934891533
992340360
109694032
-137086959
564326338
1056829069
666193833
501888859
466795040
149664054
988712512
498847158
-773433402
421519614
984164574
894859805
-381173791
983367079
902548535
873487484
1222107070
863276388
218395773
-7105227
289156643
379235056
2587686
-558274857
-389154307
550746799
111002234
1377898312
-785743357
-820898448
588745615
108763432
-956989259
-244813985
-337021998
1113979009
-381407306
-418239054
-340521088
-189381471
802868760
237766572
-373228627
750225735
4764698
-154201984
-137231672
111655445
84995213
-728172933
-453959516
-891212758
574960648
569933884
997897094
767889603
419481739
753498500
509103645
248925168
-634526173
1481219796
-726280841
-187482211
865136815
924624417
-64697251
234775798
160224744
950540724
1122530800
8184186
1774922782
15288616
749059052
552127112
420751147
698638278
-76747172
915491322
-318610532
930092126
278996729
1262514360
-6342621
1457703421
-751009906
655928608
653952038
-156508918
508156406
-869693372
513159605
657106689
-318610532
963073119
1348934013
-483528440
949662166
1294617711
664818758
-317936948
659085339
-766319765
-74448678
-10016735
-604044570
-238331244
-11023567
941316600
428792268
-22735139
212783577
889413490
263259408
398873557
112261005
641479582
664050730
345056170
-567627662
83601984
296911634
-866395940
-620186454
474023754
485425519
334539544
297872763
929687978
534077857
599209025
948994337
709415330
577769502
165801722
820051484
-365373416
-578512505
696344674
689326279
511468710
-6903363
647159798
863276388
-474508884
-552590297
-845217251
-962705565
566993598
402915110
927646724
402131240
-153959174
956687765
415417427
-225539499
509784263
188132745
334061288
-340521088
653006672
705394825
-150498127
470049756
44736328
363047742
-657242978
857328787
-369222491
343502534
945143088
-969681549
314548315
767812224
243660692
637481757
-827820007
705914835
874044509
-843015511
494794884
750500954
537423976
-453243260
834662358
883882706
-231549228
49462542
849462973
657401797
-411726972
752064756
984641011
354396255
-643207583
-508400725
589984357
389671885
654760107
766521423
737852923
-95703705
622039727
-431021503
484842927
460474522
26939397
326773800
-627523479
67335315
-27680455
1539158409
319481513
395164759
964563835
-595485324
377962489
-333859881
-195356089
994448731
-539840600
-878915329
940983509
705880873
1136647926
420751147
639178520
603814149
34256507
-59258593
-3504920
-381173791
472997593
267218445
149540635
334121576
922416688
10069401
735680328
1090161467
738518780
-88027314
416150701
931541254
230856779
263524075
1529732198
563359692
1871064249
669149353
786469514
-634526173
559748484
688759651
213714744
-496398057
-246073374
308998341
1835299768
532523659
89121408
-35373239
623769191
1740955070
7345318
102272462
922559780
305100731
-824470632
931700835
-141115189
331944574
824611520
1530327627
-891001791
717779945
656161353
-152365822
159836334
125461452
102330724
16024974
-748446343
791857394
835375834
-220788037
-294054054
-3074959
822212472
1900024287
-938770808
393177824
-324667733
477145247
278131207
331944574
518266031
648541509
-520405875
583718522
10133891
369145938
631661806
-149334592
-917058487
-392119410
460474522
924043568
103867796
477000061
433700961
-545986893
810207386
768439891
261690603
47260958
-283895082
801606299
595005088
-311109310
-239881166
1377898312
563586270
84160991
-868751489
732184509
549237780
1360344
-383214424
507309581
204848229
505494803
-805515103
887000509
-457275814
717504477
-107285991
873567797
87183859
831483248
-200809967
819838735
-54042049
657883295
57464817
-470392969
985120954
-269140089
411067119
941316600
-201497363
637481757
684697191
526732150
528643308
734018981
-507226573
241427800
880753461
117925859
787625672
685891286
99621458
159270782
-636921079
-727056512
-260185950
-250298913
256008274
-94635434
360173928
-758507703
241103089
922404042
-210645975
998017125
873487484
253669196
286275687
-527749100
748293003
469187541
-483709315
915448185
237635605
228472597
-40304802
697672113
1835299768
360906660
905208606
1650586705
766549971
-932735107
-668579566
299726290
1363215496
222432550
-127411645
606715787
14345383
71518845
1061589362
675487894
-347596511
968616297
704874817
-939413489
453586156
949377350
98136338
463860305
18317896
-942745718
126205726
-267280755
1435735665
-668579566
599944516
208142827
28482515
338227206
-957291963
513707275
796664724
292084353
131069868
-420897212
-545898064
-95373948
-637799955
-922832131
17632023
815570895
1530016146
544311291
318085028
41589278
-249081218
695505421
618555888
574144179
642702048
790632727
783480708
643903072
751573321
912762840
552167506
303313741
-816228870
-610160999
-61979645
558156993
608915031
-387872196
853294894
-147297575
109694032
517515851
852130177
-69291431
685651994
729933108
161568085
-577579435
-777782482
560820152
464051118
-661954714
202534866
-585929494
1325362599
-774020405
-304880944
346990362
529295432
-98942103
-244726186
621118475
238581997
209814645
1146337503
16680530
27298835
-732494553
-570557824
1064795634
472997593
-526738571
-53905092
251303009
298093800
982801803
-46359033
820051484
638236152
33179208
1949711733
4673472
899624526
718205694
111655445
343651281
-13913453
-403450286
-482566069
225582234
879418242
44258835
-193411679
-391575469
391686008
455420081
978417551
518257466
773938505
254142118
-699727512
842198886
352805816
-496398057
-552829715
-577579435
1377996582
-849595945
1000058499
-547664759
-43352846
-161562505
1467384767
627002038
303072725
-478936137
-455123955
600883507
380930006
558573239
-797069529
-338765468
-474508884
614330261
-787196989
356927901
852130177
-407986712
212783577
965458903
-634526173
81263258
314276491
88854852
687850847
-112572527
568854849
-565510852
1528206606
332231129
22661616
324943771
673472433
209253438
817308885
68163369
-939291219
548229655
960137923
811815039
670976917
586813699
141129758
-774388829
571016525
620201539
-522870361
1899726509
1277827802
164931754
951144236
