2 1 6 5 6
4 1 6 1000000000 6
6 6 13 1000000000 6
8 2 7 4 5
10 2 7 1000000000 5
12 7 13 1000000000 5
14 3 8 7 8
16 3 8 1000000000 8
18 8 13 1000000000 8
20 4 9 9 5
22 4 9 1000000000 5
24 9 13 1000000000 5
26 5 10 2 3
28 5 10 1000000000 3
30 10 13 1000000000 3
32 6 2 1000000000 0
34 7 3 1000000000 0
36 7 4 1000000000 0
38 11 1 1000000000 0
40 11 5 1000000000 0
42 4 12 1000000000 0
44 13 14 1000000000 0
44->30->28->40->46->2 12
44->30->28->40->50->2 12
44->30->28->40->54->1 6
44->30->28->40->58->2 12
44->30->28->40->62->2 12
SLZ AK NOI 2019
6
