47636656
31899840
115385046
149290343
92881712
33893071
421751574
118284904
180176109
190951322
92709206
111216374
32551856
15675634
47923323
165105472
122072328
283977697
159459463
176807033
78421781
8171666
91519446
209856051
63545258
40321309
114530307
59177123
61264656
67458484
104455450
107659266
29377626
164179676
34851038
16747524
43227270
13076903
35373406
6353481
50251450
79780672
97145082
59752810
10283643
33817489
304535988
162145378
16322212
183675236
34783564
198794521
158009691
78391160
286419399
5206906
42366428
51414101
126028980
152781772
207556214
277772163
13841644
41349598
11704904
38304380
98251524
226966156
115600289
19122176
29032704
120866605
115633223
209588181
27466638
212443909
32925184
527279
39945963
51928977
11685165
84820940
204958301
75618697
25271029
28587005
183824466
14395799
123554265
62848771
43064499
2009519
33436206
193111111
248724232
212905748
129001202
238812850
4870527
155326209
81785237
339874976
118616379
63665801
59531277
25833275
55069587
9635298
236387875
68618484
192731642
76575877
38495884
319288515
216914787
15363197
58982279
169488791
83798422
94109740
8492920
13822119
131757629
212185663
4851996
262066401
133613858
104248846
187842251
284952944
34672578
170810911
22763380
47316176
189399618
441423787
125560091
270148912
120091725
99188994
73460677
3877234
157051088
124180990
356352690
13073875
156661258
119121016
159271424
167039623
11597073
66469991
29330998
119131831
50373291
83047991
72566414
230719288
131217027
187418423
116581522
121351641
177599442
123958093
90770220
61208493
148047590
240070853
247598366
89754884
65210477
34681041
60213869
17865641
218996205
343268621
255445314
37575421
161824726
53482349
137104078
79698098
390267768
143832
190468202
169600751
166013887
292935374
136874518
235912269
34146436
60131972
304374149
294179224
107746880
258571331
197263593
171630045
107964653
294701768
133212271
128984057
39260167
54585736
127495511
17412776
50813449
232528871
23688894
214311700
83550832
140678306
71006659
218688350
16039062
82449042
131192915
14613054
180798211
97569192
172399230
211107541
105664089
68583774
161200244
77740250
250722982
154797236
251712870
21775404
250242729
11266124
95851601
41416691
20652118
1965547
31452751
72046204
16373877
159295208
8056315
4504936
149907293
92901373
168845558
89973291
163086926
79571040
149293842
42798623
66162156
86247868
93316658
197384695
90304556
81820846
174041047
68360823
132299260
7908675
84992895
134455438
247415
113634276
49413498
120005116
258612312
135750765
351610790
127829604
1166007
81613176
40363177
102161830
125894112
28410420
127715328
64936315
270928669
40171610
53860962
320424666
381751979
158927542
150589215
57528686
360940372
138639796
67240058
240963161
49712805
34591593
48303954
29692546
127853674
48965916
13266238
14737823
148128079
4592930
31252186
164579255
163423014
59712187
12624875
127563751
33334879
17249093
65714785
194585984
226674620
153842770
203376504
115836090
9178623
19174855
123257402
44187760
5748386
6998006
90401966
248597654
100229167
137216889
190988919
393605220
128421792
74507197
133522106
155407418
3030336
337156451
181281208
75357046
111759011
254443884
102501382
70559854
180547995
86489880
299794191
142602383
137958657
305482439
63897829
116013950
156844004
44399334
4344591
107823238
123878013
10727164
208736817
165851854
163481606
71671868
106906367
99844181
75960040
127319198
104873811
98808682
14291659
118989601
116975083
278654583
153443859
116884201
279374763
273710975
184978564
157401039
193360472
81013886
97398255
89394522
195035794
961073
182172630
283012752
92262238
9846917
95069262
76981442
189033437
93456836
179727283
180209218
45227000
80221566
192927744
37881430
22216571
37985464
99757929
124777018
119983115
7627074
236602294
51900446
18633211
32964887
80029135
310138859
199981104
19680392
28141263
91362925
119610486
102044720
138956649
98483233
96773383
96480203
124881518
152394799
184442277
14481136
64857590
243598822
14454107
25737133
54510061
236306159
90487153
57793125
93453830
15056664
107735233
115326980
133321980
100626502
91651148
46105352
141082777
188969867
311253024
7067469
136258536
55823866
124267275
225395492
257909325
124839307
8200923
108144526
71521914
85231904
197180601
3022313
261908874
46771856
17003711
47769501
72558218
28665555
64534309
22591907
43401556
75448590
6073067
98095924
78147835
212680654
21798960
2274661
56509122
45870266
74957335
118021041
114162505
170743803
122840278
126184364
15710050
17991664
28488480
195718611
7079102
68685320
99472656
193160920
108530744
91251771
53127570
256576469
36845321
20878484
149583829
63647990
30423380
115852479
21165125
88095120
57457234
124404838
1657690
67023080
11238559
1276128
106979228
224737709
121204713
70039236
210497031
186122661
108820711
173518978
139665814
92024301
27350009
240816290
16970183
10334831
75575303
142360425
44270962
557030
1797699
169471832
144451173
113434647
41447883
202738935
201596731
260899601
42983743
161010
261041554
37196221
252821560
181400113
78282580
126829333
11180561
129987077
4871897
92630715
20753480
86500777
195864513
51436179
146699225
291972836
86086231
222748557
1422697
50925792
183261695
4677208
85871920
23061655
171921543
251902541
18621518
172648045
231163930
163230190
15985519
72956390
178517372
215916961
67563717
63086107
11509940
4313560
117747240
16512096
53638661
137663582
108336886
130062562
185191
118860339
290158014
225636956
7173831
225375529
149197651
69439642
59568950
60760619
166510052
190904136
98695774
118714589
5853184
105633686
128915920
83648101
46864309
102279867
80700489
139773819
17031203
19264885
65914576
155349199
102630505
123091969
115923812
101757464
57116253
128174721
12105457
43011773
9092409
19843685
286022839
309757424
289089387
77291415
2000878
185810127
37635371
281019307
202892427
103599983
287791254
127596897
13558197
23119609
24852985
249773293
104801583
198153363
129489985
220936079
108011265
157727909
380180578
224736618
1471414
78993062
60550444
27039045
102693705
214182447
117468575
4992163
17752228
46610569
60554649
242197512
15356684
101609874
214939133
86000697
77008921
3187685
27267267
127024123
247808093
38096462
102870553
188279794
12501774
37553108
60681015
10329829
15162630
145412748
55054113
59993013
94122471
25220832
8634389
63467969
116741501
80279388
127349369
104547706
170239942
219784574
101791273
122474845
43224426
32669543
97957670
47950110
127036375
5858811
127392250
13287899
190071218
118366200
206225765
124004192
84788789
241926182
33274639
1666490
188478669
55445608
31195705
77736498
8356059
23034942
173519429
2677725
212592475
86433802
7654374
31704837
84762436
11459303
13963744
62420279
166092639
303081422
120887455
190457248
17899762
85478895
178671391
21321321
97956219
28408060
94587101
50424574
24164242
161446146
156553453
191096636
8284690
129835109
64341868
88689541
104259569
32212066
66003235
111767286
64543956
12379303
142225240
135106875
147773167
112332956
439491
188108437
46794147
208483334
125411099
7933894
117427298
138558710
15893234
70735518
81691026
64096253
90145931
52719933
98839253
145226150
333358230
213844060
5670302
155932925
319838911
100747588
58969060
19831694
48781047
223583767
56601019
188289277
151432912
148697653
7394315
209008956
138439884
62674284
74717138
40010341
50997569
1978339
150960020
152621627
448721208
189160753
118873915
90755296
242417904
18153363
162666826
105259214
7317100
24636398
98885814
1004348
256435132
136316660
323636678
219057453
24252414
302995282
109704449
147267858
36634146
91397387
5146957
54353040
153795938
66153813
102994413
51496841
65968526
46739734
135324228
270253318
74622682
110853363
6203400
102781110
120049763
46621280
223399611
6664186
53156244
176212637
35366869
15969624
57147794
191863079
49802564
95769905
196775145
113413163
12156937
215261942
97537149
94436692
130348246
23219694
445648225
103001644
96163465
4124559
6474914
106289835
98617521
27710480
315139413
13339229
159379957
101417483
40348042
145749130
44378754
130351183
37861364
58324579
254752759
133501718
62755936
4286872
89655098
177000733
35737398
246484567
24567515
147727108
207009258
269277953
173323875
1482135
167706525
17921818
40709372
65944464
27935696
22771180
97934840
336563485
19187076
203581913
119268162
65395272
34450025
89735273
8059973
177511580
240170351
4312699
71480824
18236004
26733596
25029625
229886228
86257546
64268833
51798264
155635674
122036631
261891935
8567355
255594973
79754775
19308525
151745284
121049207
91926628
313652519
4246204
119726522
31719413
77878573
42715851
225319648
53773062
30535346
81744705
92409468
25557546
49812194
20198920
190293331
84792336
87157155
177118208
315017188
140381738
154431616
96533404
38087807
60737230
105068708
45806191
273402395
220950166
43072770
239569022
53744235
184538890
126530943
325259186
18558757
204542688
82133203
82036545
134992207
43103477
235531340
20835318
2749923
31703349
59377555
208175743
69460430
95331852
6577441
5764607
197436160
81370211
46960842
21633099
1651715
80854680
124144450
133699142
68802882
64964054
9612737
13451858
75809080
214195558
14749563
14349385
18757675
138359291
139884127
231700490
168707628
440122091
72650182
60249576
43172838
108001264
105568751
116268388
326813419
155100076
52395541
218451249
81709003
148935730
141702404
27844071
209877490
27443237
173226382
112695231
39267841
282944749
162168636
37474017
3890248
29908311
100003289
74297675
232122379
24849005
1021343
199163365
55201952
6100823
348731
163731684
222740645
8475380
13885734
54434378
61732014
84248737
299600221
69980710
17486275
149221075
20368296
94577304
68614747
60541505
