6547146
2368707
7755992
8245523
2773422
261909
2586828
1175989
3034143
7731129
5002640
605452
1074028
4044816
7135679
2586828
954664
6820360
1252024
9757898
2092216
6629277
8037740
2600788
2278491
9696171
7020945
4236062
9137376
7611702
3230330
5518580
5525219
7135679
3193537
7603725
7226091
4547835
4875446
3643432
6861662
5353095
2420227
2779566
4008641
3224588
5689406
136487
7549668
9649916
1670285
60289
6345888
7755248
2466420
8312646
2829975
124096
4453693
9105021
140530
3076005
6266827
3995972
4112342
2369763
9780472
5935407
2129521
7856734
5724235
9148536
6999824
6534765
4587415
5987746
9552487
3257830
4155263
534569
8056786
1028686
6204427
8058629
9635335
4187080
7897119
4453693
6347807
8369403
858797
8365966
7365995
8245523
4887085
5334299
2137318
4744321
5554910
5325374
7002359
1409782
8630103
686363
3224588
7413631
6002902
9445903
9015753
1031255
4824417
6348566
6746493
6004876
4690412
2572535
6603581
4069398
9889743
9315352
4185822
6895051
9393759
7365995
1670285
7458812
2586828
620361
5935581
8375534
7404416
5200856
227232
84291
7226091
390269
6165034
9148536
3483414
2450957
1707559
6835535
2489624
7272994
8387970
2210191
8921046
7287257
1013903
1872489
3341496
1138532
9076522
7691297
3162876
1138532
2606192
7228075
2016620
7198385
6204427
3690419
9150530
2368707
4187080
8578496
1245401
5509922
2345101
2420227
2515862
3000047
2611668
2101001
1243452
8640700
6705834
5576976
1539135
3341496
2572535
7067285
7905717
8243745
5674577
5180132
7931479
7767388
1441875
6580390
3690419
8790007
4052827
4584758
2586828
2959038
6701035
4804998
2691729
989437
2911499
2345101
8365966
6993537
7811273
4824417
8556647
8568167
8299020
917638
2279304
911632
9402297
2569881
8243745
4804998
7811273
456667
3230330
7272994
5913867
2942292
9009911
2687455
3803828
5836420
6990168
9015753
8387970
1727314
9120056
2368707
1537430
2130592
9337115
5834209
6743178
4804998
4746745
808552
6266827
8014207
2300698
1705305
84291
5590797
1013903
7799505
1265315
9223549
1829886
2568668
9911966
7755248
2210191
1944064
6743178
4041755
7981749
3269667
4215500
2378639
7384603
5864212
2460260
9757898
5864212
6170166
5353095
1075728
3269667
7287257
8310578
8365966
699984
7611702
3483414
7614250
5212761
4690412
699978
887530
1409782
8797189
9649916
2307674
1872489
8245523
1537430
497075
2101001
2284838
5151471
2304658
8486934
7931479
261909
3485536
5622329
3644154
8417031
686363
3047460
4069398
8381546
2130592
9367965
8376246
8900934
9246750
261909
9453459
493126
2401471
9103436
2732047
7090861
1539135
135359
2911499
6665244
6912446
5617674
2031660
7946086
7981749
5180132
9911966
2245348
1872489
2130592
7731129
4544660
6021229
2600788
205386
9552487
6118746
2600788
4804998
1648455
1589859
8190033
4652490
2369763
7002359
8429337
7603725
6979655
6265487
7142293
6331017
5674577
2021676
5622329
4751093
6665244
743200
2606192
9456019
6518207
6818899
3782342
7771394
5403893
4751093
1670285
7981749
7568680
5554910
6859902
1341310
4552307
917638
4076781
686363
4746745
1740702
7505862
1518462
897399
7892218
2565659
1641108
7401426
3893853
7709847
2787416
2016620
3853695
6170307
2568668
7272994
5606775
8921046
2432878
2369763
5711747
9076522
6045966
4077698
2959038
5606775
107998
4745671
2307674
9076522
353933
2832291
6919738
2092216
3992544
6743178
2179451
7228075
4603408
813888
7240801
2691729
1727314
954664
9989743
2060291
6240940
1409782
5579580
8108655
7381424
4390636
4652490
7724991
9137376
5509922
6265487
3230330
2137318
4746745
7603725
1740702
3232242
2300698
3843808
5473840
8375534
1670285
3086595
6828834
911632
6881888
2092216
7603725
3643432
7381424
4745671
1589859
6627557
2736727
2365179
7709973
7028358
1409782
8190033
1802708
5129488
2898402
3643432
9206954
1537430
7755248
8155336
7404416
7240801
7028358
7401426
2101001
9708491
5461347
2307674
2307674
7614250
8058629
299751
7505862
1650742
4229278
3803828
8606720
107998
8583113
8955476
5935407
1845540
1031255
5724235
2687455
1895040
1947001
4934130
8625431
7755992
6603581
7571533
8365966
4466566
4787027
3341496
9674720
1539135
7172543
9223549
3231455
8243182
2101001
4584758
3257830
5473840
5187602
1025057
2898985
6484183
8790007
4999815
4496532
5830089
8700469
8369403
9486916
359199
2733278
1075728
2600788
2420227
670725
497075
8216683
8216683
6056612
5561983
741768
5334299
9625238
124096
4580777
6723718
8687678
5353095
5561221
9137376
8312646
2978680
7642837
6348663
7640235
7731129
928108
8536014
1975649
5606775
7135679
3843808
5108445
689052
126151
8640700
2773422
1041738
9989743
775543
8980191
136487
6580390
8387243
2608618
8107529
6629277
1648455
8700469
135359
2687455
6070370
3047460
9103436
1845540
8492155
4584758
4652490
9223549
2923627
8155336
9889743
2611668
5403893
4076781
7458812
66742
2432878
2829975
4320507
456667
8921046
9009911
3777982
8406364
897399
6347807
5403893
820558
633660
5927591
9315352
4041755
7856734
2832291
6859902
8583113
6326864
6629277
534569
5212761
5546659
5561221
9312068
6418740
3739231
1643529
8387243
7597603
195796
1294659
6266827
2647017
4782845
6004876
6518207
6993537
8417031
1257173
9625238
5036619
9223549
3034143
5566833
5722411
2563396
9486916
8303786
6529835
6266827
6665244
2830549
9827898
3371635
8940045
3262198
808552
2636893
9120056
996494
2978680
4373891
4510674
6895051
7010342
4552307
2760060
195796
2076397
7505862
8312646
2731852
4496532
3257830
7690967
2369763
6165034
2779566
4780847
9652311
5518580
7121872
2611668
6326864
1648455
6518207
5212761
2038770
1422546
820558
2460260
2038770
4069398
4544660
6385816
2016620
8446471
6372511
1074028
5561983
7665820
4782845
140530
1411613
695078
96124
3782342
9411315
3224588
7976543
7469126
8008390
5108445
6169317
2076397
7544357
7295807
1666632
1277971
4552307
368970
8271551
834114
7469126
996494
9887426
9282555
7767388
6345888
7020945
7142285
633660
2903152
2245348
3269667
2779566
1305714
4562552
4320507
9113510
8484797
1031255
7817074
7799505
3891526
2345101
1740501
6165034
1305714
9910739
5419419
2279304
1441875
876572
5079030
6818899
4855904
1708869
6169317
699984
3853695
1537430
2284838
6999824
6373115
1422546
9312068
2568668
1409782
5707986
6580390
219163
7135679
605452
7020945
9498739
5665
5200856
6345888
6835535
2031660
876572
834114
3893853
3034143
7404416
7424885
6385816
2779566
9921125
2345101
9140395
5180132
8319516
2636893
8790007
2560903
1041738
630956
6331017
2636893
7709973
9271860
2569881
66742
7135679
1245401
1342175
3891526
7571533
1441875
8798080
9971257
5864212
9206760
387133
7646743
1650742
9951477
6466543
7516204
8810548
1529483
4787027
993259
4076781
8630103
2829975
3034143
6743178
3257830
5013975
1931553
9951477
7834700
7121872
9696948
1539135
8165078
7642837
390269
3726123
6002902
8165078
3690419
3047460
3782342
7905717
4603408
6518207
456667
6827061
8417031
6266827
9137376
183944
9649916
5689406
4187080
8606720
5832878
4431459
4641222
7458812
5403893
8376246
5363821
195796
9802047
9408708
2586828
2920686
5461347
7755992
920080
8867062
66742
3872772
102131
7632354
827600
2284838
359199
7226091
4875446
9393759
387133
4544660
834114
4215500
9452586
2152774
9080329
8056507
9411315
1028686
4837326
2606192
8980191
7544357
5129488
2923627
1252024
3183205
8676192
60289
820558
5106180
4175579
2936568
7755992
1845540
8008390
7971102
8108655
9150530
3922848
7544357
8940045
5579580
1261090
5211844
4696204
6580969
1931553
7691297
7838734
2760060
8406364
6418740
2923627
3123515
2600788
1028686
876572
1770128
9411315
3843808
8744404
8155336
8583113
686363
8847399
9015753
6828834
2407448
1839127
7749751
9950295
4837326
4587415
3230330
4562552
957550
2568668
4744321
4076781
1670285
2563396
569766
9889743
2230177
2903152
6529835
2565659
6818899
8625431
2687455
1666632
1138532
5935581
6629277
8708410
1577033
5913867
7172543
3485536
7931479
1260178
1987381
6347807
1843599
253107
4641222
1316507
8312646
8676192
9397975
9674720
5136505
2278491
5641453
7856734
1422405
8056507
2432878
3521570
2565659
6711276
7365995
8243182
6118746
8446471
8239462
2129521
2152774
8921046
1257173
8268998
5333313
3910032
633660
9337115
5542671
166687
6820360
1326274
3843808
692943
5879959
6827061
1712190
9223549
4804998
8406364
3843808
8798080
2572535
2572535
253107
1252024
4787027
8375534
4466566
9150530
2959038
6993537
1839127
8268998
4256916
8568167
7424885
7464955
1341310
7152871
9921125
2647017
6466543
1839127
5641453
9106806
5927591
2031660
3867941
140530
4466566
1074028
2129521
219163
9256184
2528475
6999824
4587415
2898985
7817074
9256184
4547835
6818899
8628118
9105021
1719182
6788922
2838286
328588
2245348
2432878
227232
1931553
7381424
8939727
8744404
7381424
9256184
3922848
3867941
195796
6990168
6665244
3643432
9223549
2378746
8165078
6466543
5561983
5473840
741768
9452586
4533270
7856734
6999824
8800233
883988
5665
9401627
9206954
8312646
699978
4744321
1449309
4887085
2903152
7642110
3853695
920080
166687
5136505
4256916
9453459
2586828
7892218
8625431
1666632
2245348
3224588
9103436
4587415
5334299
3922848
7272994
6240940
9950295
7059606
2296100
2795748
5036619
3644154
686363
2251886
3034143
6881888
7656248
5837626
2636893
2092216
1971121
4008641
6240940
9452586
4044816
4016138
6070370
5935581
9337115
2130592
5877416
2636893
183944
8980191
7370699
2736727
813888
6627557
9170058
3269667
4016138
7413631
84291
4887085
2228565
8429337
2733278
9971257
4652490
7730431
1727314
7834700
7799505
5334299
9223549
6056612
3231455
3619316
7764688
6044534
6170166
2307674
5722411
9649916
8188683
4373891
3043505
5935407
4236062
6165034
5561221
695078
2420227
6818899
1577033
2251886
2460260
9282555
6133720
8190033
3224588
9206954
808552
9486916
136487
5864212
8243745
8568167
2434007
7922955
8676192
66742
2450957
4390636
1260626
2230177
8583113
686363
1409782
5789791
5363821
8556647
2179451
8971684
8556647
5836420
5825734
8687678
9911966
1828244
9696171
3877525
8375534
2304658
4744321
251649
5325044
9498739
5541984
1028686
1375776
5864212
3992544
6266827
6580390
8823125
9150530
8708410
692943
7490074
5554910
6818899
1245401
559708
5185130
4069398
9971257
2210191
1537430
6409582
9452586
1074028
253107
9887426
5566833
1987381
2369763
6881888
1828244
8939209
6044534
8155336
2519967
4466566
883988
6705834
353933
387133
6993537
633660
5509922
2978680
5834209
2572535
989437
2038770
2731852
4155263
4999815
6919738
9757898
9950295
9652311
9411315
1441875
5461347
1529483
4652490
2560903
6466543
195796
5187602
9889743
741768
985883
5136505
9077455
3230330
2466420
7090861
8625431
8456891
5909756
107998
1422405
4552230
3269667
5927591
205386
4552230
9640426
6394195
1326274
9408708
1409782
743200
3161233
2278491
7709847
4855904
775543
8536014
4229278
2562870
1987882
53839
2528475
2228565
2565659
4390636
4533270
6828834
3047460
5363821
9103436
1843599
1987381
5219901
2568668
1745556
559708
1268791
808552
3782342
3193537
5185130
5002640
1449309
4496532
4587415
5397550
8406364
6827061
7597603
5036619
9277438
9696948
1589859
2251886
1268791
9170058
1449309
183944
6912446
5546659
9148536
6044534
2600788
6394195
7424885
6827061
1075728
7642837
2773422
3050669
883988
5309738
4787439
8955476
5724235
6401146
9456019
2433513
1497122
3110437
6519266
2245348
2569881
9911966
7228075
9696171
7834700
5108445
9812468
4052827
4887085
1668746
3232242
5334299
4855904
1589859
8940045
686363
9277438
1375776
686363
4185822
7976543
3619316
1802708
834114
9473750
8568167
8376246
8484797
623453
3853695
9246750
1031255
9757898
6418740
9106806
9456019
3867941
5617674
3167651
8401876
8676192
3739231
1987882
9722022
1843599
4552307
3034143
3000047
8506747
4052827
2773422
1577033
4547835
6215500
8847399
9671105
7892218
4256916
3726123
353933
3891526
3483414
8056507
2137318
1175989
2432878
4150734
1931553
5329608
195796
9722022
4824417
3167651
1748710
4112342
4187080
7724991
8676192
3739231
7401426
4580777
1802708
7142293
1978336
2211956
2462263
6820360
4112342
7054242
3867941
168028
1740702
4855904
2152774
4044816
2368707
8625431
2959038
758946
7364297
5879959
4155263
4187080
7244579
1666632
7571533
6638587
2278491
4533270
7444914
1025308
6665244
7364297
8401876
1712190
9812468
9282555
7295807
4077698
5108445
6551093
775543
569766
8939209
96124
6394195
4175579
5935407
9922770
7548598
124096
6629277
620361
6627557
2942292
8387970
1944064
8474478
1305714
2829975
5998070
2292766
9635335
8213047
9337115
8474478
1895040
3521570
5935407
8628118
928108
5212761
1978336
9922770
996494
7905717
2562870
5151471
5877416
84291
5722411
9498739
7287257
6529835
4641222
4110257
5722411
205386
9812468
4533270
6597835
7101546
5353095
2691729
124096
5909756
6979655
1705305
8744404
630956
897399
102131
7059606
7656248
1025308
4544660
668696
2304658
9473750
7365995
8190033
390269
7370699
1845540
2369763
4580777
8319516
4706692
5909756
3183205
3867941
2959038
7838734
2936568
6993537
670725
205386
8369403
8456891
569766
5864212
897399
2560903
5830089
107998
1342175
2378639
6711276
1316507
8847399
8155336
5542671
6009197
84291
7838734
5801221
1931553
1074028
2560903
1393945
7244579
6438107
1025308
1265315
4107941
7981749
1648455
6009197
3811731
168028
7152871
4804998
3371635
6529835
5998070
3922848
3485536
5590797
296684
3782342
6912446
107998
9456019
2137318
5789791
7240801
3110437
1641108
8640700
8165078
4297981
3231455
4641222
9889743
7444914
6169317
1025057
7611702
4044816
1422546
1952353
8568167
296684
353933
3891526
917638
7028358
3193537
1305714
954664
9277438
1025308
8058629
9552487
6266827
493126
2137318
296684
3867941
957550
3269667
5546659
1074028
4641222
8939209
7905717
1294659
7764688
6746493
3657849
7364297
5167712
5913867
8213047
9910739
9117616
8606720
4584436
5397550
1539135
4187080
4041755
3643432
1745556
2572535
7724991
6551093
2466420
8381546
2300698
6551093
623453
2279304
3043505
8800233
9887426
9103436
6723718
7603725
2092216
6115887
6004876
8492155
3867941
7976543
9077455
692943
7167686
5403893
4187080
1260178
1843914
8188683
6021229
7244579
4533847
1643529
5210932
4150734
1828244
9315352
8895786
9696948
456667
9452586
8630103
3023992
6329197
1261090
2369763
5026669
4155263
7101546
3124263
2082246
1539135
4875068
1971121
2278491
9277438
2923627
4339470
7244579
3704535
9117616
2560903
741768
8823125
6723718
2060291
2368707
3047460
4175579
3183205
2731852
6499296
2251886
1305714
6009197
5002640
7142285
8243745
7469126
166687
1025057
6529835
3371635
7228075
7724991
4746745
5334299
8056786
827600
3782342
9397975
9282555
2519967
1748710
2076397
8446471
1013903
4077698
5825734
5200856
699978
620361
1041738
813888
60289
5830089
2369763
6204427
4974918
9246750
8056507
8155609
6859902
2401471
5617674
261909
3666680
9473750
7724991
6240940
2210191
8484797
4780847
6788922
7370699
2060291
299751
4652490
8429337
4696204
253107
7642837
1707559
695078
8401876
4552230
2369763
3230330
4187080
2489624
4584436
5208176
4515909
8479672
8539351
7404416
2230177
299751
2978680
4804998
7571533
166687
858797
2795748
9337115
4229278
9312068
2733278
8971684
9445903
4107941
5071081
662588
9971257
140530
4824417
3995972
2377056
8319516
1828244
7469126
6329197
7272994
9486916
7892297
9206760
1719182
2687455
7413631
6820360
2307674
6534765
686363
9076522
6418740
7370699
8375534
8268998
5473840
8406364
8058629
2779566
7436279
5518580
7771394
359199
6466543
1641108
8486934
7022753
8800233
168028
9635335
1028686
1245401
6348566
8640700
9625238
5542671
1745556
5334299
7656248
3922848
9445903
8760023
8429337
695078
5913867
9312068
827600
4744321
3193537
6638587
9635335
4445951
4041404
1895040
6993537
2278491
8381546
6345888
353933
8014207
4934130
3269667
5461347
1643529
5180132
8867822
5403893
1028686
9408708
834114
8268998
84291
500197
9015753
7287257
2031660
4256916
993259
9256184
4044816
3371635
6519266
6373115
2365179
8271551
1411613
1025057
6169317
4112342
883988
3856291
8940045
1931553
9144630
1828244
4320507
3843808
102131
1074028
7490074
6551093
7384603
1589859
4373891
6345888
5167712
9887426
1028686
1420473
8847399
3257830
2636893
3262198
7135679
1031255
623453
2600788
1829886
7054242
9498739
4466566
8406364
8213047
6723718
917638
5864212
8867822
5026669
9671105
353933
251649
2572535
5998070
5830089
4764161
1895040
8056507
6118746
5211844
5106180
96124
6372511
1895040
7054242
6266827
1268791
5674577
2082246
6665244
7646743
2622857
4008641
6418740
8790007
699978
9144630
7730431
8446471
3076005
6265487
9147324
6484183
6835535
3232242
2568668
1975649
6110527
1028686
1537430
2184389
6818899
9498739
84574
1987381
8474478
3811731
107998
3123515
1336277
1694573
2092216
3739231
1952353
4934130
168028
5722411
8700469
8506747
1342175
2130592
227232
7002359
7749751
6711276
6110527
7614250
183944
4069398
2251886
471166
2462263
84291
4215500
3076005
6544337
2772413
2830549
7640235
6466543
7067285
9445903
4016138
5026669
9887426
2300698
7811273
8847399
8980191
2911499
8479672
8895786
620361
834114
5830089
3086595
8492155
5353095
5541984
9552487
6788922
8245523
3232242
6701035
3877525
9206760
3657849
5825734
6711276
2829975
8190033
3704535
9640426
8946236
1138532
4855904
6348663
1088889
1375776
9117616
1845540
9708491
5913867
7892218
6215500
9256184
6665244
9277438
5707986
2365179
1845540
9910739
96124
3853695
1978336
4855904
5643924
5200856
1987381
897399
4515909
1987882
4824417
8691432
6347807
1895040
5180132
9408708
4041755
7167686
4041755
8369403
3922848
5707986
8381546
4875446
4641222
2978680
8980191
2307674
2898402
6070370
4076781
7603725
6895051
6788922
3257830
1074028
8429337
2251886
5987746
1931553
7976543
7424885
6110527
7905717
3123515
8506747
261909
8155609
6265487
4445951
4016138
1578846
2779566
887530
6397051
1342175
5617674
4453693
2772413
8536014
2378639
6895051
8058629
9827898
5830089
1326274
9113510
6409582
5334299
7892218
2830549
7690967
5665
7611702
9315352
4185822
2818999
4175579
2818999
6115887
9271860
2936568
6534765
9635335
6466543
5036619
5309738
6165034
6580969
7950855
5590797
7454315
1845540
6044534
1719182
6678558
2460260
6529835
5689406
2228565
126151
456667
2292766
6409582
2959038
8625431
4016138
6638587
2600788
7905717
2568668
1829886
9812468
7226091
7490074
9256184
9708491
2572535
670725
7771394
8299020
6610351
4339470
1294659
5913867
7981749
4696512
3726123
3704535
5825734
7101546
3224588
6529835
2284838
9282555
2378639
2838286
8165078
1518462
8940045
1422405
2733278
8387243
724561
8243182
1260626
1589859
7401426
5665
6746493
6788922
4076781
5071081
5789791
9696171
7002359
9206954
5566833
5612174
2622857
5579580
1947001
8921046
8056786
6746493
1245401
6484183
3853695
5353095
7709973
102131
8387970
6551093
5801221
2733278
2920686
1252024
7067285
4466566
102131
7971102
9722022
5837626
183944
7994869
6859902
3872772
1707559
7226091
996494
4887085
1409782
1872489
1441875
5397550
84291
3050669
8708410
9498739
1075728
3262198
6118746
699984
4999815
9223549
3124263
195796
5525219
7931479
5473840
4431459
813888
1074028
6177039
6484183
168028
4652490
5837626
8056786
8980191
1657615
299751
6373115
9498739
126151
2920686
5212761
5461347
8921046
8243182
9649916
9625238
4431459
2829975
8760023
7856734
9696948
699978
7755992
7401426
3853695
8051050
8640700
2130592
6580969
183944
5208176
5935581
724561
6110527
911632
1802708
9708491
2433513
6169317
699984
4696204
2401471
4804998
8810548
2105497
7632354
996494
5172141
1537777
1420473
6519266
5864212
2830549
2434007
3272742
808552
9401627
1705305
883988
813888
5707986
4787439
6665244
1529483
7642110
2898402
8492155
8843081
6329197
3125649
7905717
7755248
2433513
8299020
8271551
1261090
126151
6827061
1987882
140530
2779566
7709973
2378639
743200
2462263
6331017
2898985
7469126
8484797
6979655
7731129
6345888
7544357
4515909
2736727
7730431
4875068
1670285
9911966
8375534
954664
620361
2779566
1025308
3867941
140530
8387243
7880544
4547835
7067285
2378746
4445951
5129488
695078
8245523
4215500
8365966
6394195
2787416
8375534
5665
2230177
5909756
7799505
2278491
6215500
9453459
1705305
4584436
7709973
4110257
9609861
5561221
9206954
2284838
9649916
53839
9649916
6409582
8387970
2245348
2076397
2031660
2434038
1895040
4187080
7272994
8381546
253107
8165078
136487
3704535
6409582
5187602
834114
8188683
2365179
4746745
7642837
7905717
1802708
166687
9148536
6240940
1643529
1025308
569766
2920686
5561983
6861662
6499296
6828834
8051050
2942292
53839
9206760
6347807
6397051
60289
3272742
1643529
8867822
7950855
4580777
9887426
2731852
1409782
8847399
7272994
8486934
5329608
3739231
3704535
8239462
3726123
9971257
7444914
2830549
7142293
1260178
623453
9827898
1843599
9463956
4974918
2622857
6484183
6881888
9137376
1252024
6329197
7892297
6743178
7101546
3657849
620361
1987882
500197
3891526
5185130
1336277
6331017
5864212
1277971
9625238
7142285
5403893
5525219
9911966
1975649
695078
6912446
2773422
7152871
4582105
9106806
6603581
2152774
827600
5002640
9802047
84574
9672090
195796
7002359
8365966
493126
8708410
2898402
8484797
3167651
1031255
2942292
6345888
2691729
7946086
1316507
2923627
9206954
7892297
8387970
4077698
7838734
9921125
8058629
8847399
4544660
6326864
3000047
4229278
135359
6002902
6580969
2590840
9827898
3726123
9827898
4751093
2300698
8760023
8691432
2314292
2830549
9922770
6397051
2152774
9047653
126151
2378639
9120056
6045966
8760023
6385816
8939727
3922848
985883
9672090
5987746
2773422
7516204
2829975
6522783
1031255
2829975
883988
9120056
3125649
1261090
2636893
390269
8921046
3183205
4999815
5200856
2304658
9397975
1589859
4320507
8700469
9833241
3992544
1670285
2731852
6394195
6895051
8847399
9671105
8401876
9077455
2903152
5711747
4875446
9393759
1529483
7101546
758946
6053165
4706692
2733278
7922955
957550
8687678
6701035
3262198
7101546
9757898
9277438
8921046
1843914
2369763
6518207
3230330
993259
493126
2279304
140530
387133
9911966
9951477
1740501
1895040
5002640
1947001
4044816
8486934
4788321
1375776
9140395
4390636
9498739
261909
251649
4533847
6044534
620361
1694573
2460260
8946236
9950295
7767388
7002359
7724991
9674720
8810548
5106180
8056786
4999815
3995972
4582105
8190033
9411315
662588
3521570
6397051
6056612
897399
8687678
620361
6372511
8479672
2795748
7364297
3123515
5363821
7295807
2942292
6170166
2489624
6044534
5200856
359199
2284838
9671105
2838286
7764688
1578846
1268791
6110527
7749751
5129488
4603408
5665
3193537
6348663
2292766
7287257
1829886
7022753
4603408
8310578
9256184
4215500
1987381
359199
6723718
7413631
7834700
2608618
2832291
3043505
7028358
1987381
813888
5151471
8008390
9640426
8376246
2092930
195796
3910032
4320507
1971121
4706692
5935581
9256184
9453459
8895786
4641222
6165034
670725
4603408
8676192
743200
1422405
6070370
897399
8141613
183944
7054242
5419419
8474478
4175579
2345101
9105021
5590797
633660
9105021
4764161
1657615
2369763
5108445
4175579
4584436
6484183
4236062
4764161
8790007
3853695
8823125
390269
9117616
917638
3666680
2636893
6629277
4780847
1537430
743200
1243452
7892297
8056786
670725
5832878
8056786
4112342
9921125
8687678
6993537
6529835
5617674
8417031
7976543
8155609
6118746
1336277
5509922
7240801
5707986
261909
1641108
9552487
6499296
9367965
7838734
1650742
2528475
6397051
1336277
2830549
4510674
4466566
6110527
2304658
4552230
6551093
4782845
7614250
954664
7121872
4547835
2434038
2898985
7138031
5210932
1653385
1944064
4887085
5129488
3162876
8268998
4782845
2345101
5079030
7665820
897399
9367965
1409782
2179451
7731129
3644154
5832878
4215500
7454315
7138031
2211956
4824417
8037740
7630634
8921046
9080329
1441875
6347807
1342175
6053165
887530
9408708
3224588
5877416
3811731
7022753
6788922
6730473
3162876
4824417
4110257
9463956
9147324
2736727
1441875
5541984
9922770
1839127
5167712
7101546
8628118
9635335
7838734
8319516
8056786
9473750
7834700
7640235
9144630
497075
9463956
6002902
5825734
9452586
8190033
7709973
8625431
4185822
4339470
8190033
858797
1740702
7642837
4974918
60289
989437
296684
8843081
1694573
6045966
6743178
6266827
4320507
6401146
1075728
6547146
1252024
8726395
758946
5561983
251649
7090861
9802047
4044816
9148631
2279304
7771394
6056612
6021229
6665244
2978680
8691432
1705305
253442
5518580
1074028
4496532
8051050
9401627
8939727
5554910
5622329
1839127
253107
5834209
1802708
4236062
9117616
2130592
4584758
7365995
6979655
6345888
897399
368970
6627557
9463956
5541984
6484183
7022753
4041755
4256916
7880544
1987381
4107941
7950855
6044534
6329197
5461347
3023992
9780472
6746493
2038770
299751
7632354
3257830
6746493
1342175
7295807
353933
6861662
4496532
1670285
6265487
605452
2519967
7730431
5641453
8369403
1802708
5353095
5211844
4544660
8056786
820558
9463956
2369763
7401426
6610351
9445903
5136505
6409582
1931553
1666632
7640235
8484797
2920686
2184389
3843808
8843081
1537430
2560903
9780472
3619316
7028358
136487
2432878
1589859
4562552
6990168
7226091
2795748
5641453
3690419
8625431
6204427
7950855
4787439
808552
3224588
7287257
1529483
5877416
1342175
5724235
7444914
4746745
2377056
2284838
9120056
9696948
4641222
1708385
8058629
4690412
497075
5309738
1393945
9408708
1577033
8921046
7544357
7880544
500197
7976543
5987746
1175989
1895040
5877416
6372511
9367965
3704535
4582105
8810548
9035728
8971684
2732047
4373891
5909756
5329608
4999815
3867941
8843081
240880
3043505
7724991
7413631
9456019
5707986
3877525
9144630
5879959
9271860
7749751
2611668
2152774
5172141
2462263
7464955
6326864
5219901
5392089
6746493
9971257
135359
954664
8008390
3262198
6529835
1975649
5136505
1074028
7597603
8051050
5665
3643432
9527808
2572535
7142293
7444914
9393759
9486916
2959038
1578846
9635335
7198385
9802047
7709973
4696204
1074028
2076397
5834209
6418740
7469126
6534765
2420227
2377056
4552230
126151
2129521
7370699
6204427
9802047
1411613
3125649
3231455
195796
4706692
3257830
8401876
2978680
8578496
8628118
2519967
4706692
240880
5590797
8628118
911632
3483414
3167651
7548598
8895786
1839127
4552307
6466543
6603581
4582105
6522783
5606775
1648455
3224588
5219901
2426059
1441875
7950855
7691297
6053165
2105497
183944
7444914
5711747
8008390
3272742
7767388
2365179
876572
3739231
1260626
6828834
2378746
6544337
126151
1336277
6409582
6818899
808552
1829886
6021229
5617674
299751
1589859
5210932
4887085
9674720
4603408
1342175
9137376
7454315
2760060
7856734
4745671
3777982
5353095
5397550
9144630
2568668
6266827
8726395
359199
2562870
911632
4584436
1175989
1829886
2345101
5108445
993259
4008641
920080
1944064
8213047
623453
5392089
3162876
6881888
2691729
887530
1872489
8790007
5071081
8867062
8847399
9910739
1294659
820558
4562552
6835535
4339470
5566833
4696512
954664
9246750
5208176
8583113
8037740
911632
7665820
6002902
5830089
8800233
2378746
2368707
6118746
2434038
5590797
2345101
4764161
9015753
4112342
3483414
3992544
8243745
5542671
8798080
9103436
7059606
5711747
4875446
9677484
7413631
8568167
2687455
1839127
724561
328588
4587415
6004876
6999824
9552487
4016138
8708410
2515862
7272994
2407448
3483414
4641222
6240940
9652311
2060291
7950855
1843914
695078
4107941
4041755
126151
8955476
5789791
9223549
8417031
9552487
8108655
6385816
4150734
1745556
9144630
1028686
5211844
2608618
2082246
9887426
4496532
5013975
6204427
7730431
8319516
8479672
4706692
2292766
2152774
7755992
7172543
9397975
5927591
66742
6118746
6828834
6518207
7614250
8867822
9921125
8708410
7469126
6519266
6638587
6597835
1705305
7544357
9708491
8165078
5136505
8474478
3704535
2959038
5071081
7135679
7384603
3690419
8630103
985883
2420227
2365179
8056507
2292766
3193537
8930860
5397550
6397051
5334299
2462263
8800233
7771394
6519266
7490074
5789930
1268791
4150734
996494
5334299
2590840
1028686
8930860
7730431
1074028
8556647
7544357
8556647
8484797
7549668
8310578
996494
2076397
5665
2152774
2563396
9757898
8539351
724561
7228075
1175989
8243182
8429337
2936568
2647017
8561304
4580777
7568680
858797
1260626
6021229
4824417
9833241
6053165
9277438
4445951
1694573
5913867
5643924
166687
4466566
8628118
699984
8708410
4855904
1537777
390269
5419419
3995972
8056786
7767388
5473840
8299020
66742
8625431
2515862
3922848
219163
2407448
7172543
7614250
9486916
7198385
5363821
2378639
9105021
883988
1074028
7640235
8268998
4782845
7121872
3867941
4076781
2608618
2687455
9812468
2137318
1944064
3193537
8810548
9552487
4510674
8606720
3910032
7548598
620361
7244579
2636893
9910739
9552487
2787416
1650742
7630634
2137318
1025308
7950855
2562870
2959038
1987882
6118746
3371635
534569
1265315
1409782
1243452
8486934
7548598
2105497
7603725
3023992
5837626
9277438
4236062
2647017
4390636
4562552
8798080
8568167
1422405
2105497
9035728
8578496
7101546
2489624
8561304
2105497
2378746
2772413
9144630
4515909
9780472
1745556
5935581
1740702
7002359
2378639
7730431
1013903
3992544
4552307
5167712
6519266
2691729
5334299
5212761
5212761
3341496
9922770
7665820
9887426
9708491
8578496
2622857
8561304
6466543
8823125
1843599
834114
7469126
1802708
4215500
4552307
9401627
5071081
3023992
8008390
743200
5825734
5473840
3818460
5909756
1537430
5990510
9671105
8417031
9106806
4934130
2137318
240880
6979655
9035728
5554910
3034143
9015753
5789791
9445903
7630634
9315352
8319516
6345888
8376246
7568680
7067285
3269667
8700469
9367965
5935581
8940045
6165034
2818999
9722022
1243452
813888
8940045
6165034
8008390
7922955
887530
6711276
8606720
7690967
4782845
4603408
5703303
8630103
8708410
2345101
7709847
4690412
808552
253107
6861662
60289
5913867
4584758
7240801
695078
2611668
3872772
820558
8474478
1031255
6518207
2732047
2076397
5561983
2368707
1305714
9453459
1650742
954664
9106806
1707559
5990510
4052827
6009197
1987381
5542671
1748710
84291
8310578
2736727
8155609
7454315
876572
136487
3726123
5185130
9827898
9077455
5789791
6045966
3644154
3123515
6701035
3704535
2105497
1031255
1497122
1393945
692943
8691432
5724235
5935581
5358166
5509922
2377056
96124
8239462
9922770
989437
5590797
5834209
5834209
6861662
9921125
1268791
5219901
9077455
5622329
5079030
2369763
2569881
996494
8429337
7152871
8606720
3224588
2942292
5554910
7950855
9277438
559708
1978336
6002902
7067285
6170166
7709973
1341310
9148631
1748710
359199
3856291
9649916
3726123
9950295
9277438
2137318
5606775
2622857
8939209
1074028
6519266
368970
2563396
2590840
3000047
2590840
2590840
140530
7568680
897399
9148536
6730473
3485536
9757898
1422546
5724235
5909756
6484183
8141613
3818460
126151
1342175
928108
8492155
359199
8037740
5151471
2101001
3619316
6110527
7691297
5013975
692943
7059606
6401146
5525219
3739231
1952353
1641108
813888
559708
6807537
6004876
9757898
7856734
6746493
5129488
8107529
1074028
670725
2611668
4552230
1025308
5363821
692943
1578846
7272994
7892297
6678558
9463956
9640426
7799505
917638
6807537
84291
8630103
2031660
2420227
3000047
8810548
5036619
8365966
6053165
107998
7364297
4150734
8940045
3782342
6118746
8245523
2560903
6912446
670725
1028686
8243182
5825734
8417031
7611702
5363821
699978
6165034
6627557
9401627
9708491
2314292
5877416
1712190
5987746
1657615
1578846
1243452
1975649
5561221
8376246
6534765
2434038
6170307
887530
5525219
1694573
8492155
5864212
2565659
6551093
5106180
8165078
8760023
5643924
911632
9486916
8810548
8484797
6056612
9473750
6009197
5403893
4690412
1727314
2562870
820558
6529835
3893853
1025308
5180132
5108445
4788321
1589859
2152774
8687678
5509922
4745671
8744404
5643924
7642837
9246750
4562552
8312646
1643529
2060291
5334299
9708491
8561304
7548598
2489624
6999824
9674720
9367965
3161233
3232242
6678558
3856291
5789930
8243182
3891526
9337115
2031660
5913867
4974918
7880544
3643432
4764161
8687678
9271860
2779566
4584758
7028358
6638587
2296100
4552230
1589859
668696
5711747
4044816
9445903
6070370
497075
6401146
4582105
8506747
5789930
5108445
9609861
5998070
9015753
7971102
60289
3922848
9103436
2152774
559708
6529835
8243745
7401426
6070370
5707986
7121872
1375776
9015753
9463956
1252024
1497122
183944
8141613
1708385
2936568
8492155
996494
3643432
4496532
1577033
1650742
6133720
5185130
9696948
9077455
887530
1075728
8797189
3782342
7244579
7755248
2586828
8539351
4746745
8107529
4110257
5013975
7755248
6385816
7413631
9393759
1828244
96124
743200
3193537
8474478
1987882
5210932
6331017
1336277
858797
5392089
1668746
1441875
7597603
1175989
2736727
6004876
9971257
7724991
3047460
5334299
2622857
6053165
9552487
107998
6534765
4690412
6044534
7755992
7749751
5722411
6895051
724561
2082246
6665244
1971121
2562870
1013903
7755992
8484797
2560903
1075728
1872489
6118746
5187602
3193537
9077455
5542671
7642110
9780472
5172141
7642837
136487
3086595
66742
8108655
3644154
3043505
5935581
8303786
2365179
2038770
5026669
2942292
2060291
4510674
7370699
7611702
4547835
2031660
1411613
8561304
4064141
8141613
5172141
2731852
7544357
4044816
3371635
8243745
1422405
2936568
6522783
2528475
1074028
2433513
6484183
2818999
3843808
3043505
5612174
5542671
1305714
4390636
5541984
741768
2611668
7548598
6418740
6372511
2936568
8268998
2278491
2773422
6170166
4215500
1727314
7198385
4746745
1449309
3371635
8930860
4875446
5167712
9144630
4580777
692943
6828834
4746745
920080
6603581
6401146
1261090
4804998
2462263
2369763
1643529
6665244
3485536
6397051
9889743
808552
5325374
2731852
4496532
1041738
8401876
2450957
2736727
8245523
7172543
4547835
2105497
6827061
1326274
227232
8406364
1745556
7897119
166687
6603581
6394195
6409582
9312068
8243745
8155336
630956
9652311
6331017
2314292
6466543
3644154
4069398
1987381
3269667
3224588
9971257
9911966
9708491
8008390
569766
2622857
7020945
6056612
9148536
5219901
168028
4150734
8387243
7730431
253107
8406364
2772413
9640426
2365179
4044816
5219901
6881888
2211956
2426059
7548598
5834209
7981749
2307674
9408708
3162876
8867822
5546659
8843081
7067285
7922955
7656248
6999824
4875446
53839
5832878
96124
5832878
633660
4175579
3704535
9277438
2304658
5825734
3644154
8365966
5353095
670725
4547835
623453
9106806
219163
3123515
5689406
6115887
7630634
3877525
1441875
2611668
4746745
6409582
9780472
5461347
7767388
8429337
9076522
9103436
8676192
5542671
6348566
8867822
8107529
2129521
2936568
5789930
2832291
3782342
1931553
7665820
9106806
1497122
2691729
8744404
5722411
2936568
5825734
8141613
8271551
8625431
1843599
4187080
8484797
9117616
8790007
3782342
5789791
8213047
4751093
3690419
6401146
4069398
2369763
4582105
7656248
5509922
7834700
1952353
3726123
2401471
8056786
8506747
168028
2184389
7642110
8014207
3231455
8056786
6331017
3739231
9708491
1670285
2959038
6409582
6397051
689052
96124
4339470
2420227
2787416
8429337
8640700
9757898
4934130
7152871
84291
2611668
7384603
6169317
2434038
620361
1987381
9312068
5325044
5590797
6418740
2105497
1578846
7444914
6859902
2230177
2787416
2462263
1265315
7198385
6730473
5002640
5541984
2636893
8630103
8446471
6004876
1074028
5013975
7010342
7152871
8051050
2245348
630956
9312068
827600
9103436
4584758
5541984
8506747
1653385
253107
3521570
7755248
1316507
4787439
7152871
5129488
9120056
8365966
5703303
4510674
7226091
2407448
6788922
4934130
1518462
1947001
8446471
5546659
9527808
5108445
3782342
1088889
9009911
8299020
8539351
2016620
5129488
5836420
1947001
4236062
7981749
9150530
8847399
3811731
1075728
2959038
493126
9911966
5200856
4069398
5151471
5789930
7799505
9696171
4587415
2590840
5136505
1245401
2565659
2365179
9473750
4496532
359199
6919738
9473750
7817074
9282555
699978
8141613
7458812
883988
4044816
8381546
2377056
2279304
6544337
2401471
2606192
9047653
5590797
493126
3000047
6820360
2426059
6070370
1422405
4544660
7287257
7424885
4373891
8299020
3811731
2450957
8268998
7458812
1529483
6044534
8798080
534569
928108
8446471
3891526
6070370
5106180
1075728
9367965
7630634
5622329
985883
8319516
6331017
8406364
5542671
1643529
2779566
6169317
2528475
2251886
3183205
4552307
1138532
3269667
1740702
4745671
3811731
3893853
5935407
917638
7571533
2787416
1422546
6326864
3666680
3856291
5002640
692943
4582105
1740501
6881888
1268791
1843599
7642110
7838734
1987381
5837626
2211956
1670285
2031660
9009911
1420473
6529835
8744404
6326864
8561304
7464955
7642110
3739231
3161233
5211844
4782845
2636893
7464955
4603408
5998070
9120056
1497122
633660
3269667
6547146
9696948
8536014
883988
8303786
5333313
7771394
820558
456667
5172141
5208176
7603725
4745671
1719182
5185130
1422546
205386
5419419
5707986
1708385
1578846
7892218
1845540
6627557
3521570
9148536
2432878
7764688
9989743
4150734
2830549
5612174
2368707
4603408
2622857
6881888
8568167
9113510
253107
8625431
5579580
1719182
6705834
662588
1770128
6711276
5622329
808552
2210191
695078
6004876
5541984
253442
5830089
7709847
1947001
2920686
240880
2687455
3818460
7630634
9337115
6529835
8797189
876572
9144630
1975649
7002359
7384603
9408708
4064141
6678558
8867062
6265487
7632354
3000047
7090861
2830549
1260626
9911966
2278491
4652490
534569
1987882
5219901
3193537
1441875
497075
6529835
1268791
3231455
6895051
4453693
4587415
7764688
9677484
2920686
7971102
6597835
7404416
1268791
7656248
4837326
2210191
8141613
7856734
5013975
5711747
8628118
7059606
6518207
5689406
2959038
6004876
4552307
1829886
8955476
9120056
6004876
8429337
5172141
3893853
7198385
9315352
699978
1393945
5151471
1740501
9780472
2378639
7054242
3341496
387133
3050669
4041404
7709847
8216683
6705834
2489624
9170058
7464955
1305714
2296100
1261090
1845540
5546659
1268791
1260178
8967751
96124
741768
4584758
8056786
957550
3856291
4562552
5909756
84291
7101546
1326274
7121872
2365179
2942292
5106180
5211844
9144630
9674720
8797189
5913867
5836420
6110527
7614250
9170058
7121872
8971684
7905717
4875446
1316507
2830549
6204427
4855904
9674720
7505862
1529483
2378746
6895051
8268998
1648455
6401146
5525219
7603725
1031255
5606775
3843808
7142293
2590840
7090861
5509922
3076005
5136505
6347807
3856291
7028358
4706692
3076005
876572
9148631
4780847
8319516
3161233
9757898
9408708
834114
7749751
9315352
3000047
387133
140530
4110257
887530
2687455
5461347
8539351
8867822
4787027
7632354
107998
4466566
6499296
7892297
6177039
1872489
9393759
1745556
6827061
1537777
1947001
4582105
296684
1829886
3050669
4641222
8946236
7413631
3483414
920080
4373891
4780847
5461347
5079030
3690419
4297981
1843599
8387243
6730473
1947001
6990168
7799505
8726395
7413631
2795748
7020945
4533847
6348663
4155263
1641108
9672090
6348566
7709847
5825734
9696171
6881888
2563396
534569
1952353
2959038
1650742
4824417
7287257
7971102
8843081
2978680
3230330
6240940
3690419
2636893
7384603
7656248
8387970
6827061
7817074
1252024
7799505
8014207
140530
1895040
699984
8606720
5707986
8568167
7856734
299751
7010342
9393759
5836420
989437
7838734
4552230
2251886
4562552
2959038
1719182
6912446
9148631
6345888
299751
5334299
5333313
2978680
5566833
4544660
126151
8708410
8930860
2622857
957550
668696
2432878
2245348
3231455
2296100
6118746
7287257
5789791
7838734
3023992
5927591
9453459
2021676
5877416
5108445
1305714
1028686
4696512
2377056
8375534
3893853
1409782
4069398
8810548
2600788
2838286
5825734
5392089
8640700
9473750
8971684
4552230
6522783
5071081
5722411
7172543
7226091
136487
8213047
5689406
2978680
6580390
2377056
2296100
8630103
1537430
84574
5151471
4744321
2608618
6999824
9223549
3050669
7244579
2773422
2092216
3910032
471166
7838734
2978680
1260178
390269
6326864
4150734
2464125
1845540
6329197
4751093
5129488
166687
8797189
1829886
5546659
4641222
8971684
7603725
8798080
5554910
3125649
2369763
1708869
3877525
2586828
7690967
9827898
4229278
6993537
5622329
1305714
9463956
8867062
9105021
917638
911632
4804998
9827898
7665820
3818460
8401876
5518580
8506747
1931553
820558
1497122
9889743
5002640
9411315
1075728
8014207
9408708
4041404
3811731
2092930
5561983
7994869
5212761
820558
9401627
6547146
9708491
5525219
834114
4580777
2608618
471166
4110257
4974918
5789930
3853695
2345101
8484797
3843808
9393759
5026669
7135679
5108445
5392089
8676192
5334299
126151
1719182
7897119
1657615
2304658
9889743
5002640
3872772
2560903
2829975
7384603
8051050
7632354
8417031
2733278
6547146
3619316
8056786
2031660
7059606
2959038
