0 0 0 0 0 0 0 0 0 0 0 0 0 0 0 0 0 0 0 0 0 0 0 0 0 0 0 0 13194 13194 0 0 0 0 0 0 0 0 0 0 0 0 0 0 0 0 0 0 0 0 0 0 0 0 0 0 0 0
0 0 0 0 0 0 0 0 0 0 0 0 0 0 13194 0 0 0 0 0 0 0 0 0 0 0 0 0 0 0 0 0 0 0 0 0 0 0 0 0 0 0 0 13194 0 0 0 0 0 0 0 0 0 0 0 0 0 0
0 0 0 0 0 0 0 0 0 0 0 0 0 6597 6597 0 0 0 0 0 0 0 0 0 0 0 0 0 0 0 0 0 0 0 0 0 0 0 0 0 0 0 0 6597 6597 0 0 0 0 0 0 0 0 0 0 0 0 0
0 0 0 0 0 0 18848 14136 0 0 0 0 0 0 0 0 0 0 0 0 4712 18848 9424 0 0 0 0 0 0 0 0 0 0 0 0 9424 18848 4712 0 0 0 0 0 0 0 0 0 0 0 0 14136 18848 0 0 0 0 0 0
0 0 0 0 0 0 3487 3110 0 0 0 0 0 0 0 0 0 0 0 0 18628 3487 10869 0 0 0 0 0 0 0 0 0 0 0 0 10869 3487 18628 0 0 0 0 0 0 0 0 0 0 0 0 3110 3487 0 0 0 0 0 0
0 0 0 0 0 0 25539 7445 0 0 0 0 0 0 0 0 0 0 0 0 20073 25539 13759 0 0 0 0 0 0 0 0 0 0 0 0 13759 25539 20073 0 0 0 0 0 0 0 0 0 0 0 0 7445 25539 0 0 0 0 0 0
0 0 0 0 0 0 8199 24785 0 0 0 0 0 0 0 0 0 0 0 0 25853 8199 25319 0 0 0 0 0 0 0 0 0 0 0 0 25319 8199 25853 0 0 0 0 0 0 0 0 0 0 0 0 24785 8199 0 0 0 0 0 0
0 0 0 16492 0 0 0 0 0 0 16492 0 0 0 0 0 0 14293 2199 0 0 0 0 0 14293 2199 0 0 0 0 0 0 2199 14293 0 0 0 0 0 2199 14293 0 0 0 0 0 0 16492 0 0 0 0 0 0 16492 0 0 0
0 0 0 16492 0 0 0 0 0 0 16492 0 0 0 0 0 0 14293 2199 0 0 0 0 0 14293 2199 0 0 0 0 0 0 2199 14293 0 0 0 0 0 2199 14293 0 0 0 0 0 0 16492 0 0 0 0 0 0 16492 0 0 0
0 0 0 16492 0 0 0 0 0 0 16492 0 0 0 0 0 0 14293 2199 0 0 0 0 0 14293 2199 0 0 0 0 0 0 2199 14293 0 0 0 0 0 2199 14293 0 0 0 0 0 0 16492 0 0 0 0 0 0 16492 0 0 0
0 0 8246 8246 0 0 0 0 0 24408 8246 10225 0 0 0 0 12204 8246 22429 0 0 0 0 0 10225 8246 24408 0 0 0 0 24408 8246 10225 0 0 0 0 0 22429 8246 12204 0 0 0 0 10225 8246 24408 0 0 0 0 0 8246 8246 0 0
0 0 8246 8246 0 0 0 0 0 24408 8246 10225 0 0 0 0 12204 8246 22429 0 0 0 0 0 10225 8246 24408 0 0 0 0 24408 8246 10225 0 0 0 0 0 22429 8246 12204 0 0 0 0 10225 8246 24408 0 0 0 0 0 8246 8246 0 0
0 0 8246 8246 0 0 0 0 0 24408 8246 10225 0 0 0 0 12204 8246 22429 0 0 0 0 0 10225 8246 24408 0 0 0 0 24408 8246 10225 0 0 0 0 0 22429 8246 12204 0 0 0 0 10225 8246 24408 0 0 0 0 0 8246 8246 0 0
0 0 8246 8246 0 0 0 0 0 24408 8246 10225 0 0 0 0 12204 8246 22429 0 0 0 0 0 10225 8246 24408 0 0 0 0 24408 8246 10225 0 0 0 0 0 22429 8246 12204 0 0 0 0 10225 8246 24408 0 0 0 0 0 8246 8246 0 0
0 0 8246 8246 0 0 0 0 0 24408 8246 10225 0 0 0 0 12204 8246 22429 0 0 0 0 0 10225 8246 24408 0 0 0 0 24408 8246 10225 0 0 0 0 0 22429 8246 12204 0 0 0 0 10225 8246 24408 0 0 0 0 0 8246 8246 0 0
0 8246 0 0 6147 2099 0 0 20390 14243 0 18291 16342 0 0 14243 20390 0 22339 2099 10195 0 18291 24438 18291 0 6147 2099 0 0 2099 6147 0 18291 24438 18291 0 10195 2099 22339 0 20390 14243 0 0 16342 18291 0 14243 20390 0 0 2099 6147 0 0 8246 0
0 8246 0 0 6147 2099 0 0 20390 14243 0 18291 16342 0 0 14243 20390 0 22339 2099 10195 0 18291 24438 18291 0 6147 2099 0 0 2099 6147 0 18291 24438 18291 0 10195 2099 22339 0 20390 14243 0 0 16342 18291 0 14243 20390 0 0 2099 6147 0 0 8246 0
0 8246 0 0 6147 2099 0 0 20390 14243 0 18291 16342 0 0 14243 20390 0 22339 2099 10195 0 18291 24438 18291 0 6147 2099 0 0 2099 6147 0 18291 24438 18291 0 10195 2099 22339 0 20390 14243 0 0 16342 18291 0 14243 20390 0 0 2099 6147 0 0 8246 0
0 8246 0 0 6147 2099 0 0 20390 14243 0 18291 16342 0 0 14243 20390 0 22339 2099 10195 0 18291 24438 18291 0 6147 2099 0 0 2099 6147 0 18291 24438 18291 0 10195 2099 22339 0 20390 14243 0 0 16342 18291 0 14243 20390 0 0 2099 6147 0 0 8246 0
0 8246 0 0 6147 2099 0 0 20390 14243 0 18291 16342 0 0 14243 20390 0 22339 2099 10195 0 18291 24438 18291 0 6147 2099 0 0 2099 6147 0 18291 24438 18291 0 10195 2099 22339 0 20390 14243 0 0 16342 18291 0 14243 20390 0 0 2099 6147 0 0 8246 0
0 8246 0 0 6147 2099 0 0 20390 14243 0 18291 16342 0 0 14243 20390 0 22339 2099 10195 0 18291 24438 18291 0 6147 2099 0 0 2099 6147 0 18291 24438 18291 0 10195 2099 22339 0 20390 14243 0 0 16342 18291 0 14243 20390 0 0 2099 6147 0 0 8246 0
0 8246 0 0 6147 2099 0 0 20390 14243 0 18291 16342 0 0 14243 20390 0 22339 2099 10195 0 18291 24438 18291 0 6147 2099 0 0 2099 6147 0 18291 24438 18291 0 10195 2099 22339 0 20390 14243 0 0 16342 18291 0 14243 20390 0 0 2099 6147 0 0 8246 0
0 8246 0 0 6147 2099 0 0 20390 14243 0 18291 16342 0 0 14243 20390 0 22339 2099 10195 0 18291 24438 18291 0 6147 2099 0 0 2099 6147 0 18291 24438 18291 0 10195 2099 22339 0 20390 14243 0 0 16342 18291 0 14243 20390 0 0 2099 6147 0 0 8246 0
0 8246 0 0 6147 2099 0 0 20390 14243 0 18291 16342 0 0 14243 20390 0 22339 2099 10195 0 18291 24438 18291 0 6147 2099 0 0 2099 6147 0 18291 24438 18291 0 10195 2099 22339 0 20390 14243 0 0 16342 18291 0 14243 20390 0 0 2099 6147 0 0 8246 0
0 8246 0 0 6147 2099 0 0 20390 14243 0 18291 16342 0 0 14243 20390 0 22339 2099 10195 0 18291 24438 18291 0 6147 2099 0 0 2099 6147 0 18291 24438 18291 0 10195 2099 22339 0 20390 14243 0 0 16342 18291 0 14243 20390 0 0 2099 6147 0 0 8246 0
0 8246 0 0 6147 2099 0 0 20390 14243 0 18291 16342 0 0 14243 20390 0 22339 2099 10195 0 18291 24438 18291 0 6147 2099 0 0 2099 6147 0 18291 24438 18291 0 10195 2099 22339 0 20390 14243 0 0 16342 18291 0 14243 20390 0 0 2099 6147 0 0 8246 0
4123 6236 24274 6236 24274 12472 18038 12472 15255 24274 6236 24274 3453 9689 20821 21491 3453 670 3453 12472 12472 18038 12472 670 670 3453 670 12472 15255 15255 12472 670 3453 670 670 12472 18038 12472 12472 3453 670 3453 21491 20821 9689 3453 24274 6236 24274 15255 12472 18038 12472 24274 6236 24274 6236 4123
4123 6236 24274 6236 24274 12472 18038 12472 15255 24274 6236 24274 3453 9689 20821 21491 3453 670 3453 12472 12472 18038 12472 670 670 3453 670 12472 15255 15255 12472 670 3453 670 670 12472 18038 12472 12472 3453 670 3453 21491 20821 9689 3453 24274 6236 24274 15255 12472 18038 12472 24274 6236 24274 6236 4123
4123 6236 24274 6236 24274 12472 18038 12472 15255 24274 6236 24274 3453 9689 20821 21491 3453 670 3453 12472 12472 18038 12472 670 670 3453 670 12472 15255 15255 12472 670 3453 670 670 12472 18038 12472 12472 3453 670 3453 21491 20821 9689 3453 24274 6236 24274 15255 12472 18038 12472 24274 6236 24274 6236 4123
4123 6236 24274 6236 24274 12472 18038 12472 15255 24274 6236 24274 3453 9689 20821 21491 3453 670 3453 12472 12472 18038 12472 670 670 3453 670 12472 15255 15255 12472 670 3453 670 670 12472 18038 12472 12472 3453 670 3453 21491 20821 9689 3453 24274 6236 24274 15255 12472 18038 12472 24274 6236 24274 6236 4123
4123 6236 24274 6236 24274 12472 18038 12472 15255 24274 6236 24274 3453 9689 20821 21491 3453 670 3453 12472 12472 18038 12472 670 670 3453 670 12472 15255 15255 12472 670 3453 670 670 12472 18038 12472 12472 3453 670 3453 21491 20821 9689 3453 24274 6236 24274 15255 12472 18038 12472 24274 6236 24274 6236 4123
4123 6236 24274 6236 24274 12472 18038 12472 15255 24274 6236 24274 3453 9689 20821 21491 3453 670 3453 12472 12472 18038 12472 670 670 3453 670 12472 15255 15255 12472 670 3453 670 670 12472 18038 12472 12472 3453 670 3453 21491 20821 9689 3453 24274 6236 24274 15255 12472 18038 12472 24274 6236 24274 6236 4123
4123 6236 24274 6236 24274 12472 18038 12472 15255 24274 6236 24274 3453 9689 20821 21491 3453 670 3453 12472 12472 18038 12472 670 670 3453 670 12472 15255 15255 12472 670 3453 670 670 12472 18038 12472 12472 3453 670 3453 21491 20821 9689 3453 24274 6236 24274 15255 12472 18038 12472 24274 6236 24274 6236 4123
4123 6236 24274 6236 24274 12472 18038 12472 15255 24274 6236 24274 3453 9689 20821 21491 3453 670 3453 12472 12472 18038 12472 670 670 3453 670 12472 15255 15255 12472 670 3453 670 670 12472 18038 12472 12472 3453 670 3453 21491 20821 9689 3453 24274 6236 24274 15255 12472 18038 12472 24274 6236 24274 6236 4123
4123 6236 24274 6236 24274 12472 18038 12472 15255 24274 6236 24274 3453 9689 20821 21491 3453 670 3453 12472 12472 18038 12472 670 670 3453 670 12472 15255 15255 12472 670 3453 670 670 12472 18038 12472 12472 3453 670 3453 21491 20821 9689 3453 24274 6236 24274 15255 12472 18038 12472 24274 6236 24274 6236 4123
4123 6236 24274 6236 24274 12472 18038 12472 15255 24274 6236 24274 3453 9689 20821 21491 3453 670 3453 12472 12472 18038 12472 670 670 3453 670 12472 15255 15255 12472 670 3453 670 670 12472 18038 12472 12472 3453 670 3453 21491 20821 9689 3453 24274 6236 24274 15255 12472 18038 12472 24274 6236 24274 6236 4123
4123 6236 24274 6236 24274 12472 18038 12472 15255 24274 6236 24274 3453 9689 20821 21491 3453 670 3453 12472 12472 18038 12472 670 670 3453 670 12472 15255 15255 12472 670 3453 670 670 12472 18038 12472 12472 3453 670 3453 21491 20821 9689 3453 24274 6236 24274 15255 12472 18038 12472 24274 6236 24274 6236 4123
4123 6236 24274 6236 24274 12472 18038 12472 15255 24274 6236 24274 3453 9689 20821 21491 3453 670 3453 12472 12472 18038 12472 670 670 3453 670 12472 15255 15255 12472 670 3453 670 670 12472 18038 12472 12472 3453 670 3453 21491 20821 9689 3453 24274 6236 24274 15255 12472 18038 12472 24274 6236 24274 6236 4123
4123 6236 24274 6236 24274 12472 18038 12472 15255 24274 6236 24274 3453 9689 20821 21491 3453 670 3453 12472 12472 18038 12472 670 670 3453 670 12472 15255 15255 12472 670 3453 670 670 12472 18038 12472 12472 3453 670 3453 21491 20821 9689 3453 24274 6236 24274 15255 12472 18038 12472 24274 6236 24274 6236 4123
4123 6236 24274 6236 24274 12472 18038 12472 15255 24274 6236 24274 3453 9689 20821 21491 3453 670 3453 12472 12472 18038 12472 670 670 3453 670 12472 15255 15255 12472 670 3453 670 670 12472 18038 12472 12472 3453 670 3453 21491 20821 9689 3453 24274 6236 24274 15255 12472 18038 12472 24274 6236 24274 6236 4123
4123 6236 24274 6236 24274 12472 18038 12472 15255 24274 6236 24274 3453 9689 20821 21491 3453 670 3453 12472 12472 18038 12472 670 670 3453 670 12472 15255 15255 12472 670 3453 670 670 12472 18038 12472 12472 3453 670 3453 21491 20821 9689 3453 24274 6236 24274 15255 12472 18038 12472 24274 6236 24274 6236 4123
4123 6236 24274 6236 24274 12472 18038 12472 15255 24274 6236 24274 3453 9689 20821 21491 3453 670 3453 12472 12472 18038 12472 670 670 3453 670 12472 15255 15255 12472 670 3453 670 670 12472 18038 12472 12472 3453 670 3453 21491 20821 9689 3453 24274 6236 24274 15255 12472 18038 12472 24274 6236 24274 6236 4123
4123 6236 24274 6236 24274 12472 18038 12472 15255 24274 6236 24274 3453 9689 20821 21491 3453 670 3453 12472 12472 18038 12472 670 670 3453 670 12472 15255 15255 12472 670 3453 670 670 12472 18038 12472 12472 3453 670 3453 21491 20821 9689 3453 24274 6236 24274 15255 12472 18038 12472 24274 6236 24274 6236 4123
4123 6236 24274 6236 24274 12472 18038 12472 15255 24274 6236 24274 3453 9689 20821 21491 3453 670 3453 12472 12472 18038 12472 670 670 3453 670 12472 15255 15255 12472 670 3453 670 670 12472 18038 12472 12472 3453 670 3453 21491 20821 9689 3453 24274 6236 24274 15255 12472 18038 12472 24274 6236 24274 6236 4123
4123 6236 24274 6236 24274 12472 18038 12472 15255 24274 6236 24274 3453 9689 20821 21491 3453 670 3453 12472 12472 18038 12472 670 670 3453 670 12472 15255 15255 12472 670 3453 670 670 12472 18038 12472 12472 3453 670 3453 21491 20821 9689 3453 24274 6236 24274 15255 12472 18038 12472 24274 6236 24274 6236 4123
4123 6236 24274 6236 24274 12472 18038 12472 15255 24274 6236 24274 3453 9689 20821 21491 3453 670 3453 12472 12472 18038 12472 670 670 3453 670 12472 15255 15255 12472 670 3453 670 670 12472 18038 12472 12472 3453 670 3453 21491 20821 9689 3453 24274 6236 24274 15255 12472 18038 12472 24274 6236 24274 6236 4123
4123 6236 24274 6236 24274 12472 18038 12472 15255 24274 6236 24274 3453 9689 20821 21491 3453 670 3453 12472 12472 18038 12472 670 670 3453 670 12472 15255 15255 12472 670 3453 670 670 12472 18038 12472 12472 3453 670 3453 21491 20821 9689 3453 24274 6236 24274 15255 12472 18038 12472 24274 6236 24274 6236 4123
4123 6236 24274 6236 24274 12472 18038 12472 15255 24274 6236 24274 3453 9689 20821 21491 3453 670 3453 12472 12472 18038 12472 670 670 3453 670 12472 15255 15255 12472 670 3453 670 670 12472 18038 12472 12472 3453 670 3453 21491 20821 9689 3453 24274 6236 24274 15255 12472 18038 12472 24274 6236 24274 6236 4123
4123 6236 24274 6236 24274 12472 18038 12472 15255 24274 6236 24274 3453 9689 20821 21491 3453 670 3453 12472 12472 18038 12472 670 670 3453 670 12472 15255 15255 12472 670 3453 670 670 12472 18038 12472 12472 3453 670 3453 21491 20821 9689 3453 24274 6236 24274 15255 12472 18038 12472 24274 6236 24274 6236 4123
4123 6236 24274 6236 24274 12472 18038 12472 15255 24274 6236 24274 3453 9689 20821 21491 3453 670 3453 12472 12472 18038 12472 670 670 3453 670 12472 15255 15255 12472 670 3453 670 670 12472 18038 12472 12472 3453 670 3453 21491 20821 9689 3453 24274 6236 24274 15255 12472 18038 12472 24274 6236 24274 6236 4123
4123 6236 24274 6236 24274 12472 18038 12472 15255 24274 6236 24274 3453 9689 20821 21491 3453 670 3453 12472 12472 18038 12472 670 670 3453 670 12472 15255 15255 12472 670 3453 670 670 12472 18038 12472 12472 3453 670 3453 21491 20821 9689 3453 24274 6236 24274 15255 12472 18038 12472 24274 6236 24274 6236 4123
4123 6236 24274 6236 24274 12472 18038 12472 15255 24274 6236 24274 3453 9689 20821 21491 3453 670 3453 12472 12472 18038 12472 670 670 3453 670 12472 15255 15255 12472 670 3453 670 670 12472 18038 12472 12472 3453 670 3453 21491 20821 9689 3453 24274 6236 24274 15255 12472 18038 12472 24274 6236 24274 6236 4123
4123 6236 24274 6236 24274 12472 18038 12472 15255 24274 6236 24274 3453 9689 20821 21491 3453 670 3453 12472 12472 18038 12472 670 670 3453 670 12472 15255 15255 12472 670 3453 670 670 12472 18038 12472 12472 3453 670 3453 21491 20821 9689 3453 24274 6236 24274 15255 12472 18038 12472 24274 6236 24274 6236 4123
4123 6236 24274 6236 24274 12472 18038 12472 15255 24274 6236 24274 3453 9689 20821 21491 3453 670 3453 12472 12472 18038 12472 670 670 3453 670 12472 15255 15255 12472 670 3453 670 670 12472 18038 12472 12472 3453 670 3453 21491 20821 9689 3453 24274 6236 24274 15255 12472 18038 12472 24274 6236 24274 6236 4123
4123 6236 24274 6236 24274 12472 18038 12472 15255 24274 6236 24274 3453 9689 20821 21491 3453 670 3453 12472 12472 18038 12472 670 670 3453 670 12472 15255 15255 12472 670 3453 670 670 12472 18038 12472 12472 3453 670 3453 21491 20821 9689 3453 24274 6236 24274 15255 12472 18038 12472 24274 6236 24274 6236 4123
4123 6236 24274 6236 24274 12472 18038 12472 15255 24274 6236 24274 3453 9689 20821 21491 3453 670 3453 12472 12472 18038 12472 670 670 3453 670 12472 15255 15255 12472 670 3453 670 670 12472 18038 12472 12472 3453 670 3453 21491 20821 9689 3453 24274 6236 24274 15255 12472 18038 12472 24274 6236 24274 6236 4123
4123 6236 24274 6236 24274 12472 18038 12472 15255 24274 6236 24274 3453 9689 20821 21491 3453 670 3453 12472 12472 18038 12472 670 670 3453 670 12472 15255 15255 12472 670 3453 670 670 12472 18038 12472 12472 3453 670 3453 21491 20821 9689 3453 24274 6236 24274 15255 12472 18038 12472 24274 6236 24274 6236 4123
4123 6236 24274 6236 24274 12472 18038 12472 15255 24274 6236 24274 3453 9689 20821 21491 3453 670 3453 12472 12472 18038 12472 670 670 3453 670 12472 15255 15255 12472 670 3453 670 670 12472 18038 12472 12472 3453 670 3453 21491 20821 9689 3453 24274 6236 24274 15255 12472 18038 12472 24274 6236 24274 6236 4123
