***
435314446
691084470
695418248
33823456
829715939
296146675
117812992
837465895
301664784
317993020
707076759
946751069
1245193
153099745
6904128
541096032
479771769
997186074
311250773
713605856
497390606
240016513
39106924
168750255
46400869
850877313
675148215
118945115
751337802
834853932
931527
469280806
526740827
810845032
833236780
571236892
528165232
864841964
725183087
781313939
618827953
553711426
880041477
453302152
870074519
440455354
188305672
324604481
908
41041702
149045635
810475210
685784157
685651050
374649285
908036069
645312687
902188905
658525331
989047531
53373011
16147010
80945182
481652075
897139321
668456560
12321216
853314323
77107596
289720783
49863260
128498320
434001006
794705762
774565983
1115673
790220014
229349047
747626442
253272550
157163773
827195853
489871115
946194599
424053992
351196098
31943617
762928045
492034462
383171766
797942063
463877541
25686584
425265517
282773426
994937344
549505767
249962056
168996421
240316575
966533436
668605786
260803230
689906368
341789360
479574811
358278802
564683776
779628808
715790339
677490727
293152822
433027792
58752630
19637155
8
563002126
241243810
897027916
682987284
917565611
904261420
212672502
119432592
775403148
763704687
939069654
601664668
898231204
267087934
213134880
922349984
702277066
735568468
705859131
469866663
605950236
120366670
932632432
466026
45823707
102900916
652841370
702702417
830961945
999827995
681863156
609634894
837760197
395375402
862895701
4306020
801959358
594976896
378921143
169783996
57894949
419380527
575419673
876531326
654521320
642264826
469957027
184064680
884103183
7456512
646351020
166202127
992679777
864790779
140281293
788949086
312253298
7398
739538323
395283008
240034422
635471007
581645898
3739483
106588340
359162829
311956424
15976615
820199833
403214921
615908535
198039773
901573003
846554375
46536999
796887068
413164459
824214817
954695865
10
500327421
676020693
247981070
244786166
534376602
194543143
382551264
394048527
468611036
679307523
620723952
910192487
800891674
143556566
831326740
274409889
851324463
308254674
533520040
417196584
724939442
28
5586468
554338250
180847011
947150222
820818288
602219512
7656284
660908810
674850717
582516237
936607591
742340142
415369068
1
352044678
63138477
78993281
960087420
284856694
343499813
627937233
168568259
722630348
878518486
200563851
537013753
645530259
830909472
858907447
508989797
450276748
250255575
102585706
902576654
734908350
498707717
10007843
226470836
324994663
982932921
955913420
80779608
152147716
120227332
60497251
624950917
87266187
346191636
564370082
178687571
203671175
874026056
380673706
181884717
8250999
834185418
231060009
538043479
875053343
271060996
634422169
418785464
182408647
531835957
220
286889940
43583058
137077484
873964764
166004674
345284339
825075499
636751485
669689952
85950766
35852839
148889369
7456082
422359111
563440872
877687430
907673618
918398408
58337
426240756
275871093
350414757
442931028
254155487
967482041
47034403
376955951
390758931
16234580
14617151
576449167
643362338
164564139
997038496
408615407
111552857
641125281
831696089
912518366
64329630
767765669
26957090
684628753
90314841
77526335
40695319
34827218
863637720
582149779
192443063
879824887
614858158
771312686
467453621
567479695
416443570
524861365
486187906
255840727
68676523
155792990
918450780
767546756
255896175
925224268
480474967
666769804
191695523
516489018
409281298
826232303
846006037
513570723
410829117
84994945
132513731
601746058
15551440
314016610
918007760
681677502
378047238
976550992
868307726
49468168
551278047
276260375
981109921
728484325
827638090
92693468
383738637
664219950
448916867
638554270
378108451
251132674
77198351
316923797
860032115
823666569
758040935
323016327
336033812
611074411
182295990
915771829
718630229
238608784
870695546
429088680
979411583
300817653
53039071
997164254
867819243
359627552
57843316
117450308
979680762
489268314
436320440
248676898
456
298422628
457828160
48960913
986512618
244410787
8087201
816342557
311949162
981043098
523927027
522539740
417445438
728319249
411315841
870186822
1
664884893
405666660
273770965
727429782
293201748
699440110
7456600
291878203
317214944
188432887
662293162
978662970
542472177
259068832
396996517
113825172
968480555
499659136
70176714
164933414
139923308
937480628
935038980
871135617
413008061
502134198
502268087
728194020
650104389
501025211
690813685
830141993
832682
334690570
261705188
501129451
52968110
797598149
209543990
54709756
293005367
235995785
681651401
897029250
199262145
384270747
336812975
719410897
450446571
381547603
585918456
298011214
739212917
416163957
67458684
589768168
29146
899250910
626124927
540040517
415028260
287820000
957579612
248284202
723977494
870592460
419261969
494488902
932983767
663214263
761251044
912724515
568513809
801501879
925631118
222420489
415715067
793241373
496613241
562165002
478710698
532412224
792005757
971036813
433617300
192285451
753233612
954436856
61157022
201723188
541988158
512349218
610622237
952518625
499834838
6406423
971618332
822678143
477222528
671037138
457975314
674726342
316359344
929201288
449050150
936989385
866315191
254781864
194790543
911706260
21420250
254717905
506774476
415604937
19271704
272116284
713579133
334772328
998961722
249478706
372775101
516561752
643357649
836618817
252225801
375336304
705593065
969248816
485641649
767308571
895986141
902837060
83975261
894631706
879159645
578879902
646963451
994386525
606628975
911192217
771024436
302256203
850593764
802546792
151997723
731548853
550905557
595168758
180915886
684280421
281017327
470322024
439616072
596765493
909916519
880466167
901922728
892573255
137079175
254497478
668076286
244053643
43353784
119304224
402765332
643315559
46134209
932377454
430056338
634589613
843050479
273875774
934881035
613721221
210330341
419411480
350539032
93082611
236403920
617667257
142092889
1828
429377123
843803333
209002170
818454054
180411610
460135714
498595373
264918770
910052415
728843308
916040529
505871434
338348111
916909882
700387936
946381038
640747655
843224183
59652204
805935247
635003154
143703400
773500610
585492366
218781680
750545266
284227532
394974414
999764445
400360290
233283313
521694858
747730151
860071176
102545825
477218596
552364888
917439868
117539411
45738794
248930464
459352598
222368421
936899993
18895785
188233028
476471833
624497111
23309384
850462692
851309748
330880408
391676334
225418682
945426370
836658844
568643554
78629941
107784006
237903217
129019993
384800432
181785080
74315121
815100282
429328230
975309275
993956415
134516865
26364012
365754063
469576239
241909586
626290982
727534059
304897228
503063963
439457062
182346467
938653068
445054743
112819771
754461792
512487229
643231447
233858555
705647383
836133307
677587377
103486419
506376037
677367558
873195048
32338052
413551502
369154712
499089191
342469721
360341995
992146151
641875104
811970885
965962555
611750978
758080772
825552001
792148828
711058913
503485890
960422861
59105745
387899505
877404290
494978052
521200070
382020477
577772530
14785248
583424677
316966236
46467626
796036563
949343651
257725511
344388349
889643066
773112439
481739727
600293279
544448178
668725322
683747951
834789661
120953968
984070633
906136678
786838236
270877351
840392529
178093427
828088075
910653863
225308356
766063153
71831857
879684475
434514693
85730152
353898310
292731288
531084723
254478692
817744903
649709333
40729411
551576515
341988283
506912932
471767985
681010319
458025596
320303635
24
413735890
181028549
843791486
570056028
849974497
814943531
822302320
603885440
255749046
708319553
112
967795843
298113606
680624606
524447404
101755604
708902080
719850526
570234761
230805555
26901247
478125979
207616914
595386307
907955476
1840
227738960
142571953
503526034
803573095
528718885
452440841
799922113
401963891
316310260
231608231
313137944
781432324
374656317
457374387
162711350
731773959
479122037
422982809
63827457
929747325
33332565
108817472
733817499
323218370
607266943
407873352
65850783
154163173
900833518
389216896
881819550
839769285
400702001
344486742
117407507
333906867
218811901
596282719
603637847
754618727
807978759
363565125
127179976
373350217
832206891
792769580
726498059
614965914
126852001
575493801
571411608
106183600
817333385
723800336
874263460
23162963
183419597
748906656
54
543256875
329814620
612579326
555495375
890933121
949239421
934610911
870086807
226691983
999990624
452463319
101102123
180887214
424530792
3896091
688435778
734448963
250147451
970346301
766531954
473621363
862080074
862627985
209907348
749302202
958583643
225314658
623323716
579154875
438705389
528186246
347999437
304336405
811481950
62926223
141130212
41086309
576397302
502775552
653180677
232150819
847547733
436336211
399089465
803391263
914751121
328695640
69069966
241427441
999377761
1185524
590467981
722207723
833113457
34750286
516393350
704679476
430543302
433378771
966740888
11409995
539383910
423756172
102691234
908874321
269429348
863197745
605784397
735972818
59705855
743675933
673312606
957174367
529482407
288649104
330217783
989218148
941792727
560381964
350148955
738573619
127927569
343647953
962850894
366569044
260819779
486901336
958239989
365177045
611926059
343017785
863279013
145459540
240847621
721607008
212644601
660192225
957491847
863440309
824795568
368338171
705427328
968304012
68931636
678846696
837166892
777164477
836488543
726539117
894999338
56004084
3151385
112923737
596038363
243062197
921559493
703763179
380162791
84950352
114284279
153111539
394332618
357152679
993439800
56448422
520730894
447638684
267626023
646738214
697650765
604895448
347238858
104902309
343712369
933454977
606815493
353858025
637377476
133663555
932930357
263588683
119971022
972979997
886294284
942312809
89070681
398632925
192570554
997251802
504117577
152437763
61603879
742759822
795903041
255464752
633997059
895015873
335283131
904340126
484395700
997164186
846918691
187398791
764229250
778448003
766595024
423483787
466316045
545233583
950845325
537105738
976546783
291493990
231966171
984528367
250237089
671011485
312610702
417123666
616029848
775914324
956896176
711206962
749449632
280045151
212259592
901630197
943218530
295948170
872422048
871102811
144004148
579571549
852359234
224172402
317908300
257341234
28451527
568751044
666200868
184253145
367721002
960412359
334075241
309602888
7871009
156127042
766089980
323638753
429658191
788922456
694946136
919303524
227354259
122757835
629939696
178195301
121594554
62606323
83323448
854177316
187925802
226721103
356093337
929161461
503499185
23417301
53400512
928195524
746667031
869328853
112835415
552146364
938308389
148244534
778477394
376982177
353152549
235003425
94447649
677463025
509496314
373475322
674860179
140646311
100216478
224019522
506354191
255659938
929839285
202095044
301861963
14472268
499764346
10458938
784001325
454145185
607078735
216764369
597492765
883764842
814499842
922943911
532858263
888513312
565309746
965970203
643180684
339009745
658764317
669310780
985503987
670599252
938980224
685526821
402128972
429817357
484238994
722839478
411300865
509461713
34463087
239527300
294774145
700503217
555647583
837546541
217442424
944156069
997525100
432173087
720874859
482189258
640000477
885542435
605319236
731555340
678763622
998974059
129859651
351452097
894269229
358123238
26753124
854620358
239605494
424202170
823017408
646847493
598233064
387373812
908315523
335919148
320056645
9817646
644029243
168694256
626129383
896185459
851076461
775684457
346006232
828459894
950474241
121921622
539782723
267272959
274048263
894861386
48
474103132
432065060
648748395
496399167
735129761
4
431989224
126059349
892102944
714434651
962270308
994386957
33912237
845815349
231502039
782183844
665892093
980535666
306374401
935935273
826061159
562728945
726226553
70481534
74651441
813833940
706453028
881991229
108334999
616206061
564368611
493674435
582727090
621090883
536136084
513384914
527728238
454145185
777524267
671752680
596264989
117301401
625831141
688888440
923647118
729550923
547427870
932086
138870596
295738398
788256143
194752642
638615759
134396391
182070313
343602604
957980220
541989654
276560667
283905550
728763582
594407682
856930087
957009141
777494193
347490851
337792604
362801574
965272431
607258817
304199641
63465476
991251139
819191724
152995694
999148202
505256476
20375500
861509457
7282
445018809
47047525
905307820
93254242
655935359
977865088
801779534
999439161
778713807
638323273
447503064
345200662
538744896
791121223
24805014
587676244
644544266
106125533
967517739
972512796
691444281
732681357
615422453
860496932
752023779
927775772
803263589
433726481
751011632
474829892
487712775
343647705
660250568
880587725
437690546
373745999
150570835
385016580
214078366
537590802
68
110797267
407346556
310672975
152962951
602728466
112124032
477218816
25882546
638007625
89579840
192357417
23074963
929079748
477149333
226209495
915077094
152169999
671465777
237957645
314781178
761768498
941628120
858072487
381520564
270994967
701775777
652358229
852445800
451803316
951821476
1
513280686
183416711
918569389
972533612
237694732
954908331
786055525
955107127
366482871
520074264
693838549
590063973
741936895
169560760
307071790
208807051
293391950
455047584
159378360
86647266
734138602
449116615
20186725
122413507
430778861
373725612
134848572
337938461
3318813
579600344
211437609
694681175
507320659
874168282
819859104
273173273
725708107
194167995
994387203
727410794
479291352
128932761
669217604
614214977
775574600
414236108
178976189
748886234
296441268
553230691
549134826
859146448
837428029
420923292
600517000
435703001
654682192
338177158
773472342
439739144
942328033
205714852
791254939
588010119
915008355
960950509
651442647
458150965
8
994273174
434670150
705396888
118
879049492
15561089
119304688
307231291
244509115
626192199
213594326
58208
485783433
87686706
716282245
79566572
486374649
267923090
988587474
82080816
654876818
59652600
340978460
757892692
608502417
745859040
837177741
552531984
780418245
549342975
751615016
603992804
126010773
966133380
231697331
845584537
923849823
343463872
982499854
65122616
900481388
908875257
908433910
16175938
734385081
922548999
903884392
139098021
827136374
374653976
241496839
601189487
318475808
1136153
265096749
750386535
48542965
368127964
745375251
772961867
304963788
564320144
805894816
414827914
804311500
641371595
221881117
472567880
852189312
787113695
473608737
145488035
721280480
796253004
372767266
540758952
153050102
119092419
534840076
514728450
426932354
537172737
413712862
336165503
62547507
874247474
6
346075972
217127482
639561429
231929863
130538041
954437306
407244852
4782581
448752089
6
221036818
857028536
335915220
316621899
403053428
305885659
62570574
525831608
384751418
3860946
156115244
150251301
671845608
26
581876505
466945032
988554647
107678864
695082095
446514510
718520100
92481343
450725120
131600086
550109866
296711848
840940039
954438976
659685799
390588441
406557565
933903168
226159065
990089367
828717479
355636076
924614440
811347905
198894531
97478881
90190363
447954032
340134277
886890401
882927534
204999119
64283919
570410574
436810195
289698760
615475805
544346160
916735416
862890284
977532239
687345810
892307810
17931151
123735537
851659469
712274894
389319777
300613709
49218609
211336343
987679869
866733108
817749131
21407538
383015075
617103612
623721087
83979381
701417315
352042722
53369335
784293634
319715480
949618402
308572140
588182380
766898394
762993119
686414927
888329843
872859053
126003989
363455496
258039346
838730038
931912808
844679811
828907856
780796181
24543483
264630858
805099581
149893387
9707722
906016301
859290245
829069097
47760004
396897673
640330958
10268233
352890999
147806660
759146934
902699704
434028361
864150121
855474263
602246701
942097665
400657228
35335161
155487381
478549671
223601864
565385232
575019977
929185735
689108008
700763041
922164386
192850682
14608
491130393
57039148
522241482
155972933
54239066
904836420
429175418
380846271
183869846
188919259
983830558
528135069
431020073
314091790
765904236
721579423
821327616
693949756
785753635
269670262
233791408
713131345
598744525
500340991
516101039
771339981
7106627
770803509
273691045
289307849
618855656
770321459
648059129
439728923
978406025
230081285
819262813
505573080
923020078
59498851
591737797
813990723
997275864
128477968
192103905
921578828
617433948
429897773
86807893
642462032
14523
525292376
704854324
578209877
201755493
567273315
13317298
2809176
842468272
667215374
913776984
629363327
187097237
72803596
778919562
402494888
939290136
137059915
744419371
392231493
881600422
944172380
341933261
318841819
109481566
855464862
400029259
142586142
211722146
912749587
384130216
100297866
456888138
646767812
146109006
345805077
677901745
521671268
76477511
711814879
333304227
880535531
602074426
919064277
749579159
116523
541512338
541988158
744553912
310342432
818539732
832774033
732227058
13369241
61357516
774492386
512987263
432505497
726769552
739188064
362683924
465186308
463826747
304000721
389376427
751279944
836399867
643371101
385049641
945709377
45878458
433018456
951688995
446691751
694871096
481770104
438802727
252051416
964009106
103008680
25964961
196097101
512709524
565245949
450082658
659137561
298967880
195434763
389493039
655569376
7457116
787807348
466604910
452456393
182163342
332347890
81217426
211704827
694443763
203497146
435280870
10822039
327135826
167030629
112828247
251643231
170851077
806695236
309816257
59652360
975822685
37632618
915034017
585673906
766943009
69720080
982695295
337714337
359750203
942222294
231420119
989525635
611339399
949607788
563318141
665659857
791809684
353041268
914593750
649183325
434095934
228185355
72663855
546520226
716456054
528487397
182940350
541986518
369123136
951593293
10029307
730025156
683001136
895279549
848763506
160229324
998525049
778394108
121596397
694792272
794338331
154774210
131362052
998151191
541662416
749298408
994386777
175582424
476309278
21115550
687203883
376908315
550619907
287529665
997957693
39090991
3478917
925936233
914
288935801
588251909
773716576
978957571
949695710
59651496
771155085
788320053
300419464
269812735
890624965
494348304
403046919
431794518
135134907
783003139
336890265
145605755
101703609
978430868
30524532
668130586
942862790
931803559
238608416
139877117
37233990
85298353
645016330
710299836
666029528
109395870
79832992
516500340
550461332
325693760
474344399
695235378
972
602852521
321704664
546492462
750548345
303172630
600763302
808424199
269967524
377760662
675084506
493966624
785520401
60161260
14764585
680056053
29120
937615594
386635233
140954968
47066124
65337971
645511644
452752090
273927497
732088737
196798138
868226096
439245912
342587034
716627410
331943159
251205476
101875974
719298320
255498230
933715621
352540256
547011464
490663714
414659697
921642885
608797742
169943188
56389621
687322790
748558004
947186117
879245755
92145316
265399121
314010193
273733408
963911991
573959536
363292048
169962842
990239849
944694959
649213187
556234886
480744117
41193176
392786903
649081420
871958855
563959184
988202604
635952796
779194264
283359396
277363196
363628787
491767365
253502943
510652805
458306045
752463843
912806127
37014963
422479144
825021349
790225174
955107027
708778056
994386741
654314940
745855622
452
737077466
393197892
969839010
180415091
31540096
795109979
445145488
150661051
967987130
997364435
343661513
559220971
965203433
161512887
250307033
137109508
820383879
234341517
288366153
147666993
251141201
688959548
905092
109907289
841000604
