64 788
1 627
1 873
1 144
1 128
1 78
1 439
1 268
1 775
1 591
1 647
1 692
1 983
1 279
1 301
1 636
1 65
1 149
1 522
1 644
1 126
1 127
1 215
1 506
1 846
1 893
1 914
1 172
1 216
1 671
1 870
1 524
1 584
1 63
1 563
1 225
1 660
1 258
1 260
1 360
1 446
1 521
1 607
1 729
1 732
1 998
1 5
1 17
1 273
1 560
1 630
1 720
1 766
1 804
1 848
1 872
1 20
1 37
1 67
1 111
1 232
1 375
1 574
1 129
1 989
1 115
1 209
1 270
1 285
1 335
1 339
1 399
1 463
1 770
1 896
1 141
1 157
1 278
1 370
1 383
1 614
1 781
1 823
1 875
1 23
1 103
1 158
1 165
1 219
1 252
1 262
1 317
1 380
1 394
1 395
1 436
1 457
1 603
1 637
1 642
