273 869
1 160
1 398
1 503
1 60
1 6
1 40
1 185
1 554
1 556
1 400
1 269
1 34
1 901
1 22
1 99
1 183
1 629
1 651
1 45
1 118
1 226
1 528
1 802
1 502
1 641
1 630
1 26
1 48
1 62
1 333
1 545
1 801
1 283
1 335
1 386
1 661
1 875
1 2
1 69
1 290
1 310
1 372
1 433
1 23
1 231
1 408
1 715
1 793
1 4
1 139
1 245
1 562
1 640
1 130
1 191
1 233
1 239
1 294
1 353
1 365
1 423
1 631
1 896
1 54
1 313
1 388
1 585
1 734
1 788
1 809
1 49
1 66
1 68
1 72
1 89
1 166
1 189
1 200
1 600
1 688
1 10
1 31
1 109
1 192
1 230
1 251
1 263
1 273
1 342
1 371
1 383
1 435
1 805
1 815
1 816
1 821
1 852
1 953
1 75
