68 918
1 34
1 352
1 730
1 367
1 135
1 526
1 626
1 480
1 390
1 323
1 923
1 443
1 727
1 701
1 238
1 497
1 681
1 766
1 768
1 31
1 984
1 59
1 224
1 292
1 418
1 751
1 764
1 788
1 123
1 155
1 213
1 591
1 647
1 117
1 176
1 278
1 515
1 840
1 305
1 322
1 456
1 48
1 50
1 153
1 181
1 232
1 312
1 505
1 960
1 3
1 8
1 41
1 106
1 114
1 215
1 222
1 544
1 695
1 844
1 947
1 235
1 309
1 406
1 451
1 672
1 724
1 852
1 166
1 200
1 212
1 291
1 375
1 381
1 458
1 464
1 518
1 571
1 603
1 784
1 895
1 935
1 950
1 12
1 54
1 109
1 124
1 368
1 389
1 440
1 481
1 716
1 797
1 829
1 857
1 909
1 931
1 16
1 21
1 86
