103 338
1 406
1 747
1 752
1 614
1 475
1 629
1 171
1 593
1 91
1 236
1 719
1 53
1 197
1 309
1 35
1 226
1 688
1 155
1 40
1 238
1 247
1 516
1 373
1 809
1 248
1 297
1 328
1 374
1 97
1 243
1 420
1 609
1 910
1 450
1 754
1 366
1 383
1 599
1 637
1 761
1 43
1 119
1 169
1 218
1 271
1 75
1 288
1 442
1 502
1 555
1 684
1 858
1 16
1 48
1 368
1 722
1 732
1 833
1 905
1 11
1 68
1 130
1 269
1 315
1 381
1 487
1 536
1 619
1 627
1 695
1 735
1 59
1 85
1 133
1 273
1 308
1 496
1 602
1 963
1 23
1 102
1 174
1 246
1 250
1 305
1 355
1 448
1 556
1 611
1 626
1 706
1 762
1 889
1 890
1 894
1 908
1 25
1 60
1 61
1 62
1 92
1 148
1 150
1 205
1 211
1 215
1 220
1 337
1 360
1 387
1 410
1 481
1 483
1 521
1 531
1 550
1 600
1 660
1 763
1 795
1 811
1 814
1 14
1 29
1 82
1 89
1 138
1 234
1 240
1 266
1 346
1 362
1 393
1 403
1 440
1 522
1 533
1 594
1 598
1 651
1 666
1 711
1 720
1 741
1 750
1 782
1 798
1 819
1 3
1 46
1 67
1 73
1 109
1 114
1 122
1 147
1 151
1 172
1 179
1 186
1 189
1 195
1 198
1 199
1 224
1 231
1 249
1 256
1 289
1 290
1 352
1 394
1 398
1 416
1 439
1 451
1 467
1 538
1 541
1 542
1 561
1 605
1 607
1 667
1 676
1 683
1 696
1 727
1 773
1 775
1 815
1 879
1 881
1 896
1 923
1 937
1 15
1 33
1 71
1 74
1 87
1 104
1 152
1 163
1 166
1 177
1 196
1 204
1 223
1 237
1 241
1 251
1 257
1 311
1 329
1 349
1 354
1 356
1 367
1 397
1 409
1 414
1 417
1 432
1 433
1 455
1 459
1 486
1 508
1 513
1 529
1 532
1 568
1 589
1 590
1 592
1 620
1 621
1 658
1 662
1 674
1 693
1 718
1 780
1 878
1 893
1 920
1 926
1 928
1 948
1 972
1 2
1 9
1 21
1 26
1 32
1 36
1 41
1 52
1 56
1 58
1 84
1 93
1 101
1 123
1 134
1 137
1 143
1 168
1 175
1 183
1 184
1 193
1 194
1 206
1 210
1 216
1 217
1 221
1 230
1 264
1 277
1 282
1 284
1 300
1 302
1 316
1 336
1 342
1 363
1 407
1 408
1 423
1 429
1 430
1 435
1 449
1 456
1 457
