314 419
1 56
1 251
1 480
1 315
1 169
1 441
1 328
1 561
1 123
1 10
1 387
1 927
1 674
1 696
1 559
1 461
1 700
1 184
1 518
1 566
1 942
1 57
1 444
1 78
1 234
1 984
1 3
1 66
1 420
1 596
1 167
1 301
1 401
1 430
1 252
1 285
1 798
1 930
1 170
1 269
1 490
1 690
1 701
1 830
1 980
1 36
1 67
1 117
1 198
1 224
1 334
1 355
1 455
1 564
1 695
1 704
1 782
1 101
1 351
1 672
1 882
1 950
1 14
1 35
1 95
1 131
1 134
1 152
1 219
1 265
1 327
1 332
1 454
1 484
1 783
1 843
1 873
1 51
1 164
1 179
1 260
1 340
1 520
1 574
1 616
1 621
1 683
1 686
1 748
1 814
1 934
1 42
1 79
1 89
1 100
1 141
1 146
1 158
1 201
1 215
1 284
1 290
1 317
1 324
1 345
1 358
1 359
1 392
1 448
1 558
1 787
1 807
1 933
1 978
1 13
1 29
1 60
1 82
1 114
1 137
1 139
1 258
1 267
1 272
1 273
1 295
1 309
1 323
1 342
1 372
1 380
1 383
1 385
1 395
1 445
1 563
1 584
1 619
1 652
1 654
1 657
1 723
1 733
1 736
1 757
1 767
1 789
1 817
1 842
1 849
1 852
1 855
1 868
1 886
1 891
1 940
1 954
1 963
1 7
1 18
1 19
1 28
1 39
1 81
1 91
1 94
1 98
1 135
1 180
1 195
1 200
1 222
1 243
1 256
1 293
1 314
1 329
1 350
1 352
1 360
1 429
1 439
1 440
1 452
1 488
1 504
1 515
1 544
1 599
1 632
1 666
1 667
1 732
1 754
1 809
1 813
1 885
1 916
1 946
1 952
1 26
1 33
1 41
1 48
1 58
1 73
1 93
1 96
1 142
1 159
1 163
1 171
1 221
1 226
1 253
1 264
1 277
1 279
1 300
1 308
1 318
1 337
1 339
1 373
1 374
1 379
1 381
1 389
1 396
1 416
1 423
1 424
1 456
1 460
1 472
1 514
1 519
1 552
1 556
1 575
1 583
1 590
1 594
1 595
1 630
1 635
1 636
1 638
1 662
1 671
1 702
1 705
1 715
1 755
1 763
1 777
1 797
1 803
1 810
1 862
1 909
1 918
1 921
1 923
1 958
1 961
1 979
1 4
1 27
1 30
1 40
1 43
1 61
1 64
1 75
1 77
1 97
1 110
1 113
1 121
1 125
1 128
1 147
1 150
1 155
1 168
1 173
1 192
1 202
1 205
1 208
1 210
1 213
1 231
1 232
1 241
1 278
1 282
1 283
