916337992
898338098
894569326
744554870
696153934
692657898
681094353
675157819
663858580
660470332
653493860
650016481
643708016
640331584
636283562
632629314
629058364
3154184
613691580
603139454
590992130
587662589
578949377
572969430
569693091
562358676
520221043
509361907
303556
497175348
489227585
485135360
481764354
475881293
471777155
352709
468545694
464228125
460864334
448684116
412518989
409418509
384593980
254877
380862273
376129592
372936362
366811601
334519310
329083981
299158171
292814754
282311407
279358992
271355924
261357430
258433088
171291497
164210606
158126954
151962218
149152642
144559469
141568575
135747012
124514275
120123908
112092901
2718123
101651712
98902051
96127725
92994094
89614541
77400064
72172804
118782
66401676
61770428
58918614
39858
51320890
41789809
2534509
33657008
28068628
2200480
23293
9178
19055067
987997564
985256309
981146620
972954547
957107898
954016726
920236911
908403602
905720869
7670
891471892
886675952
305806
875585338
870755738
86222
862982839
860510117
855533618
853050346
849933993
844830486
842408257
839760856
2021994
837089155
829701545
825272594
821341188
816516319
812027130
62331
806211931
793625780
791075462
778871439
770773357
768319455
764316301
750384306
743336658
205073
740528712
738059249
1602305
316462
735479981
733041318
726213615
11733
721262951
694957611
646834840
24270
642471086
636729672
631324653
623215993
619953107
614576777
246081
610835899
608485291
600013572
593064314
64399
29718
591017810
587297027
582282365
580268489
47963
572803662
561358330
555137235
552756308
550456754
548156581
545014096
92185
1842373
1313305
542747401
47553
448092970
445664421
15820
433509229
431676224
425574990
422046660
410512654
402072551
400023883
245204
1042537
394078772
392436525
389942155
185890
386565768
379269745
363886287
1662851
86907
356160215
354607905
7085113
261572043
1547960
4546241
259925947
36546
108596865
90313665
872689
32702248
87118072
83233
84015842
262431
5637794
83209594
1330226
67293176
41360
20433
32169197
838525
65379459
25657
30421422
239599
62089616
1014344
29927542
109814
13950
14783
27423286
25584
26990650
61335177
60634451
25520071
54137359
3205211
25054417
24420419
52671682
23193411
21624339
21118554
20272706
28985
13208
2866073
19493341
18482990
52045222
751459
50174112
18111144
5238274
17681911
2714335
90435
16523623
48737278
175371
10409
16076516
4402045
19958
47909208
46136993
44950501
70104
938897
15438899
2533514
159954
43788646
869096
177375
4218287
42999086
361157
42319024
33540
17584
38054299
21111
22678
13756579
437170
126009
50242
13448917
36902
64390
230042
210290
31491708
13133971
93872
550712
22097690
20136
4022835
7798
107587
143956
12707711
2020177
133412
12298585
21697983
93634
12000730
11426434
366220
432493
10996979
19281
21206012
863274
15557864
10349717
9854450
161264
196355
9028497
153180
8775087
1797950
43603
1648437
64678
9926
14786052
72174
8503672
7071
25861
14379783
52952
787155
13819218
8250173
7941612
574841
39284
428190
13336
37858
14001
98357
7195
221080
1513667
15930
4279754
13448323
325617
4017727
1346498
12802973
4001
30722
181453
117250
46416
91895
2179496
44944
23916
42315
33214
57919
12517
511667
30196
351509
5567
30080
1951229
16204
16606
18417
1227580
22317
17793
130365
5571
12796
36893
1815400
125504
34459
5850
11757528
301117
43675
3079283
649038
2595051
23048
955069
62966
146115
312715
6192
17983
291430
2706948
238631
2477658
18018
19862
158755
17472
67362
53118
35126
588676
133015
55440
12362
23661
49051
28563
66596
868480
30513
9812
1068418
2333360
932310
1478284
56641
35324
60157
841621
24661
126677
1335485
93086
1978003
227870
1060131
763161
123704
20413
587350
66669
58045
16473
240094
1830596
64925
1769236
758263
65601
43427
16994
21469
25429
49177
19210
621824
45061
13216
14133
74030
58842
41078
19348
43662
37488
17163
526019
286789
16225
150969
98037
278759
48952
164802
6595
28546
1048238
72539
29721
23629
41608
45086
905011
48143
23353
118643
20737
19895
46196
19314
16719
510711
5954
9877
1543612
853369
72559
227168
98784
3425
23866
10700
294954
225629
107213
30560
162897
10620
42787
24089
228336
8152
40444
43069
243549
1029375
92456
19214
33762
16397
36562
14445
44786
12258
13635
44303
960835
413143
15398
67993
25053
50588
21164
153067
20567
11074
9177
120671
16519
91594
10081
22205
37109
40627
63545
42786
61971
263308
34449
47243
750021
18856
22489
14642
198401
27466
53224
14602
64613
10040
51682
14467
156892
166827
250984
313703
266229
15141
99988
13521
9691
6360
287776
190576
45028
14571
20856
29507
114847
18221
14575
154692
36351
16305
111173
37398
42627
75887
129571
24448
10324
12069
21566
70113
225329
14705
21408
25179
20172
199882
7758
118379
13657
58374
9261
156334
25251
32157
15655
23351
16723
12256
54928
12059
18170
74181
10962
35329
29639
26616
106369
26909
7314
22729
13231
20201
54765
14431
21766
12369
19441
19297
45726
49309
18741
14888
13733
2847
7747
42388
28566
40075
45683
39153
16242
95585
42633
23682
13054
77710
20077
21712
14728
17298
71091
23343
13445
46194
21042
53550
12821
4898
37539
5095
33401
3483
34896
56090
18398
15079
21917
37339
24881
58426
21804
18578
18053
26528
79358
19710
35193
28118
10415
12594
12006
21038
4953
5336
7581
26065
17184
19946
21986
14877
70136
24660
14980
3687
9734
5396
20188
3008
92626
15173
20960
32662
39900
16665
25378
10993
15521
20159
25844
10773
12826
9614
25003
49816
20433
43933
18725
20805
22412
16570
28087
67514
24601
13425
23621
12230
15128
20894
16539
8076
2954
25684
12318
53037
23812
3008
13053
22248
53158
24073
10955
37622
17498
8098
13963
15551
19793
12401
14024
15432
18571
30598
19129
18785
20844
7604
16116
14289
20310
24172
25349
28877
16452
20813
16138
17660
1081
