6756023
36747185
26217170
20937212
31389363
20889368
36537720
20817692
10389459
15576737
31120702
20710412
15523138
31031402
10335871
5163477
5154567
15451830
10288367
5130848
20496744
35850803
25577282
10211399
10199583
20354881
5077660
5071767
5062935
10122928
25297024
15159397
10093530
30215987
20107808
5018892
35088318
35047349
20014104
19990718
14957262
24886949
34781683
19839058
19804153
34598417
14800100
29585691
14756588
19653231
24538294
29394425
24465943
24422581
14626397
19468187
9715347
14565814
33970569
24220672
9675034
24120032
33749084
9634801
14436412
33608459
9583176
33468115
33408058
4764417
14281832
9508858
18974955
14196328
18895249
28327238
28276096
23534547
18793029
18759024
9355451
14026105
32711554
4665005
32612676
23251635
13924485
13907588
32395701
9237038
13848533
13823264
18398297
32159889
18353477
9158554
32022794
22802804
13655459
9085988
22705220
22677377
4522125
13546923
4511012
4505461
9008148
22441339
4480510
4472206
17852872
31167238
8897432
31089976
13314430
13289638
13273125
30916531
13215401
4395071
4386848
30705197
4375896
8738111
30551945
26121426
8688951
26039591
17315238
25941562
4318608
4313173
4305028
4302315
4294182
30037603
8574823
17141526
12847351
4275240
8547778
4267137
25567743
17022693
29754005
29716290
21211688
8477677
21184775
21171326
12669467
21104140
16850570
25261105
8413220
20996888
29377976
20930002
29284362
20903279
8354368
29228274
20863232
12508869
8317032
8306380
4146538
4141219
8274465
28911497
24749057
4114679
20557502
8210824
24606020
28651964
28614999
8158004
28522709
4069782
8136932
16244918
24321373
20241110
12096390
16097945
28155036
12049245
4009442
19992344
3985942
15941161
7948430
15889049
27698493
15795402
7886014
27589368
15743487
19667043
19628175
15670957
7818664
27335594
27317507
3897705
15588239
7787668
19421458
7761884
7746437
15454298
7720725
26993003
26957074
3843685
7679685
11513126
15341449
26831543
11482428
15280094
19087987
26706333
7623455
11413507
18998728
26563589
22722638
7542029
7536952
11299084
22570269
26296922
7491344
22448733
22342566
3716607
22297119
25996066
11117044
25890253
3683879
7355202
3671329
18316545
10973900
3651295
7280094
14552695
14522746
21710579
18079280
21680695
21620980
3593973
21561356
10764550
21516701
10734812
17855871
17806419
3551897
21294107
17695356
7061889
10586682
21146312
17584659
10542446
3510058
3502702
7002954
13969173
3485567
3483123
10446926
20866987
20823057
13842216
6915019
10351839
24123482
10300793
10286230
20516683
23902621
3410165
3400490
17000033
6793730
6788899
20299116
20270180
6745484
3359506
3352297
23446872
10025693
13358799
6668617
19981909
9982580
6649473
19938856
9961064
23195508
9910942
9889494
13167736
16424577
13129675
19681440
22912204
16317740
9775477
22779448
3249812
6497259
16211238
9704545
6454759
19354850
6435919
6421810
12827171
6403019
3193298
22317935
3174566
6346794
22203259
9507337
9486325
9465340
15742188
18863175
12565376
6276879
9402547
9388626
15626067
15614478
12463330
21780168
6212002
12417069
12389352
12370894
18529830
21586264
6156651
12306400
21521826
6138256
21473556
12242070
6115301
9153473
9146604
12177929
21297083
3033629
21233121
15154454
3024507
12077532
6023981
18035596
21010136
14972590
2988177
20899136
5965043
2972353
20788416
14814402
14791879
20662284
14713184
5870459
14645874
5848045
14601088
17508332
20395465
20348575
5798908
2891662
8672762
2880543
8626080
8619421
20099409
8599462
8592815
20021854
8559625
5692429
5670374
16975872
5652753
5635149
19682364
11211003
13992379
8381410
2783595
13893947
2770498
13817622
16542399
11018842
19269387
8237522
2737890
5473614
16399190
19072173
10880168
8146631
10837004
18906037
10768102
13406943
10716538
10699376
8004712
5322924
7979042
18605656
2651851
15896176
18516055
2641196
15832281
7908697
18426706
18396979
10503163
13076481
10452286
7813277
5195459
10384580
18130271
15527278
12907445
7724692
17968259
15375885
10233121
15338160
10207996
15262840
5082041
12666484
7586541
15162658
12614368
17617250
7536593
7517912
7499258
2494233
14963330
14913706
4961598
9892250
14802304
4916259
2450936
2448883
2444780
2440681
7307705
12139961
16968156
4838422
4826191
9621850
12017652
9597457
9573100
9548779
7155004
16669381
9500245
4741041
4728948
7088388
7070283
16471876
14106417
14082341
16415698
4676753
6986136
4652763
11624919
13914395
6950223
2311430
16178020
9235771
4612914
13818863
9188084
13747420
11445944
6848957
11386595
13628780
6783842
9014298
2244241
2242278
11199619
4462996
13369416
6671999
4431725
13263967
15461311
4404444
6601802
6595968
8756415
10916907
15243763
8694410
13019382
8655775
15108568
8609540
8601845
2141333
4276910
14960555
6399074
14880130
2122183
6358910
12685381
6324586
10532727
8418190
2097421
6278978
14626929
8334708
6233538
8274237
4128631
6171281
12310576
4098513
10230312
12254222
8146359
6103683
4064755
8123898
4049803
12141942
2020237
2016510
2014648
12063703
2007210
12041403
2001642
14009640
3990315
13931883
11930263
7938118
11874893
11841740
3934989
5897892
9812691
13674349
1942763
7747303
9675461
11589038
11556263
5766313
1913631
3814572
11436469
1900950
13292187
5690199
3789253
13229017
9421771
9403782
5636157
9358881
13052957
7436588
13002855
1854233
1852448
11102201
1843538
1839979
5518159
3671072
1831099
1825783
1822244
3642720
5449064
10868144
9047684
3614496
10836449
5412069
7202620
1795829
1790573
3579396
10720689
1781829
12471057
3558421
5333270
8872513
8846401
12361320
12324852
7035090
1755739
5255098
10480807
6972819
8707831
12167526
8681989
6938364
6917739
1717857
10305429
10295152
3427153
8561895
6835500
10213145
11903686
1697363
8468100
10131481
3362466
1676999
10050151
10019734
5003960
6659019
4988789
11583837
11560312
9888459
11525077
6558230
11454731
3268243
4898188
1623271
4863146
9677999
8039795
11244758
9598344
1593382
4758675
1578531
1573596
11002029
6273040
3125869
3116056
1552315
6194596
7727373
4621142
1536053
4601676
9185533
1526338
6090814
4562866
7581675
4533883
7549509
9021209
4495388
5981585
7445424
10401897
4452264
1478253
7373793
1471903
5886027
5867022
8772869
4380909
10191111
8706677
1448230
5785066
4324289
5747452
10015453
2851086
7122263
9960893
1420096
8500382
1410787
4226170
9852298
1401511
6998298
1393806
9722807
4152214
1381514
9636866
6860070
8195703
5444979
5420598
1349448
2691310
5365959
6685150
6654968
6639905
6624862
6617348
7923095
9233355
2619043
5215654
1298317
9055455
2583235
3862225
1284936
2568390
7699243
5114578
7619455
5061460
5049690
8827771
2512366
5008621
3747327
1243756
8684408
6195443
4938594
6159073
6151814
4915358
6137311
1221962
6108365
2430932
2425168
1210425
1208987
7252485
3616907
3608302
3595410
3586829
2379322
8321211
1186099
1178986
4703170
7038456
5843911
3488828
4629680
6928336
1152146
1150742
6903049
4584744
5724281
3417239
7965648
6819130
7936377
5654530
3383827
5633698
4490052
2241567
7839262
4462417
4451391
2216754
5530207
3313457
1099458
5489077
4385517
2189342
1092623
4358222
1083091
2162106
6464611
5366643
6424026
3199200
6391666
7428926
5292569
6335267
2105511
4201669
7344578
6279162
5219094
5212440
6239242
2076207
2068251
6191511
4116655
6120230
2031299
1013678
3039721
7085243
4021935
6025704
999276
4988557
3980167
1986832
2965313
3938634
6866430
2930404
5846637
970796
2907253
1927486
4801447
3830684
3820482
3810296
3800126
2842162
1889281
6597922
2819369
4674529
932637
3729289
5579463
1856470
1853959
923845
3669073
3649072
3634111
905107
1808972
1799047
3589427
1776796
1766935
1762015
2636268
3510526
3490925
5215006
3471385
5193067
4303025
854780
4266629
4248471
4224309
841486
4194193
1674553
831875
3326302
3311941
3302387
5755043
817565
3269074
2444394
1619732
2419563
803380
802204
5597812
1591508
3962993
3165494
4727857
3137576
781207
4672196
774272
5410681
5394562
4616847
4596186
5338366
1519863
3036304
3031745
753671
751400
1501666
2990873
3733220
2981831
2229322
3699401
737858
4405844
3654568
2918964
4365620
2896689
1443349
720012
4305689
2139050
1421262
3538323
2817290
700224
699133
4892841
2791083
4862352
2769331
1379787
2747676
1366827
4089719
4748952
2031434
4044652
4025413
2005776
663630
3967995
3290619
655170
4555648
2594375
3227514
1923556
3196199
2531782
629059
1240546
3717511
2469750
1848966
1230244
612555
3674305
4265359
1818241
3025987
1203685
3005661
3000592
3594836
593242
1183458
3534267
1173403
585198
4088379
2905003
4039518
2291989
2840497
2252467
560411
556483
2217118
2209300
1650880
3279385
542845
2166536
3778621
1613066
1069278
3724700
1590003
2636306
3677863
3140902
3651245
3118116
2067067
1535901
1533076
2029382
505705
1516179
2018141
3519367
2508903
2504244
1999486
2485658
1977223
2467136
2457903
3422095
1940400
3383572
1922125
477118
1900306
2840048
2353014
1878628
2807600
933473
2796832
464497
3225562
457360
1821440
1814342
2700713
896121
890844
889089
2219654
440608
1751093
1297429
861191
2998153
2559362
1274083
2961976
1685332
2094051
2920066
415571
412175
2060028
2055794
815046
2034662
1614092
401216
1604027
1200301
794912
396206
2376404
1175324
2341537
1547536
1540950
765141
760236
377268
375643
2253047
745618
2233623
1849131
2214295
1469511
732754
2190270
1813140
1440828
1434498
354878
708970
2466878
1399928
696458
1387476
344738
1715194
1703647
1017278
337053
2016978
1676879
2007842
1001262
2321367
658174
2273856
643129
1912942
1269084
315970
1257208
623803
617918
1233635
1227777
1527601
606233
302027
301302
2098263
298412
593228
2063039
1759645
2048048
875193
873061
1158644
2013314
1717145
283502
1409817
1406328
1395891
1662737
275168
1375152
1911064
1906270
1629745
1891930
1340981
1064511
1849209
1307219
257562
1802267
1532713
1524741
752112
499869
742233
1227650
1700656
726525
1686988
716795
712920
948196
709055
471204
1411045
937920
232721
231446
1150241
1143908
453401
450886
1335113
440880
218267
1078333
1501284
1271994
210268
1047687
207838
1035561
1026513
613862
406641
606672
1408015
797200
197084
195907
773655
766650
943926
562655
1309593
932380
741195
183156
182587
363471
906694
540399
537020
176952
176394
352231
348898
520305
345583
859281
853798
1184073
842892
998574
494169
985654
979230
1138787
486149
802641
478204
950619
629377
934934
154870
153833
1072696
1065481
900881
748095
894757
295881
1026228
289833
867496
861504
141678
141183
139704
415673
688222
136279
811364
536882
133378
529198
130988
523477
130039
515905
383990
253032
375599
867316
123049
857680
848092
721419
239266
713286
117609
116716
699851
697182
114501
801067
225926
335178
776581
328688
755496
426420
526789
104601
518403
308378
304655
597382
296031
688428
289942
674243
575448
380288
373907
185171
91209
364445
451745
624433
440126
525925
86192
428687
592399
333868
576760
327944
79879
79515
237094
548643
311917
382824
152205
300515
299104
442510
218981
289300
285134
487186
274139
409334
271417
134862
332604
261999
64918
324259
447145
375333
248806
369468
304603
298186
233400
174024
57171
395526
393357
165636
216069
52285
204063
49905
292088
96585
144151
94848
93697
138118
45004
266392
43890
217795
42246
124036
80996
160136
118457
153857
76282
37499
111478
220170
143687
141701
173501
33533
32813
161454
94666
188168
30707
153306
89159
117152
144263
27573
54490
52325
76672
177701
174748
48527
23545
163192
68014
152004
63271
124416
40201
97969
18708
129501
109890
88863
16930
67547
66856
32658
81051
62794
107699
90330
58876
99817
98719
68147
53876
65121
64377
74639
23636
57191
76255
10375
20352
60529
59744
58965
28269
55909
45946
43494
25686
24618
7781
45882
43851
21209
6889
6571
13038
38699
12626
31209
5761
22946
39544
5470
16031
25389
4826
9389
13867
31870
25776
12343
20213
11608
22817
10900
10219
19632
15275
2793
16691
17639
6959
14642
1874
5090
8387
8094
5800
6437
1868
2703
3311
3785
1357
3366
3187
1773
1960
953
767
1425
107
93
548
85
143
63
80
8
0
29320569492
15756074
15747081
5241038
10467110
36579557
10437215
10407354
15603572
36391432
15585679
5187280
20746142
15532065
5169422
36182981
15487460
5157536
10312103
5148632
10282438
10258735
15345186
15336313
15318576
30604655
25473858
25414836
35561308
35520045
35478810
10128813
10117045
25267621
15132951
30215987
35211393
20107808
20096081
30128002
10023143
10017290
5001333
9999743
4989647
9958863
14913512
4963403
29760042
14852388
14817519
19734434
14756588
24581752
19618473
14678409
24451484
34152324
34132109
4864883
4861999
24292692
33970569
29099934
4844710
19352944
28979100
4815965
28875694
14401987
14384790
28755256
9565998
14324682
19089094
33368055
14281832
19009161
14213411
18918003
4724523
28344295
4718838
14136628
23548741
14111080
32909778
18770355
23435329
4676311
14017622
23336325
18634605
27936382
32533678
9287686
18544389
32435088
18488129
18476886
13831684
23026615
13789614
32140283
27498035
18308721
13697317
13663825
9102710
31807923
22705220
27213409
4530467
27180021
4522125
4513789
9024801
9019248
9013697
31438386
22399781
8952714
31263953
26764107
31167238
13339249
13322700
13297899
30993556
17665411
26466511
4403303
17588513
4386848
26301916
13133162
21849380
13092129
30475452
13051159
4343112
30379977
12985748
30246570
17249976
4305028
12912371
21508863
8596495
30037603
17141526
12831126
29886159
17055054
12774433
29791734
4240184
8472296
16936523
8445416
29528076
29490509
16839843
12605095
25180740
4189209
29284362
25084469
25036412
25004404
4154521
24908493
12428975
12405056
12373202
8232008
24669532
8205533
12293757
20451730
12246234
28541153
12214612
16244918
16234399
8105373
4040873
8058143
28191707
8042426
4012056
16014248
15962027
23913045
27862490
3975517
15889049
11892710
11877099
27662094
15774624
19692976
7860079
19615226
19550539
19537610
27317507
19485944
11682792
7767037
19382821
19369952
15454298
11566963
3848812
11528493
19190250
3830885
3825772
15280094
22875467
3800255
11398218
3795162
3787530
11352423
18846187
22570269
26296922
11245873
11223102
3721656
26031393
26013726
22281982
11132165
11117044
11094385
14773225
22100762
3673837
7335138
18291502
7305091
14572681
10913897
25434140
21785366
18129117
10846572
10839103
14433056
7205336
25190096
3593973
10779437
25137956
25085879
10719957
14274307
10697694
3551897
17720009
21220137
7056968
3524795
24653902
17584659
3507605
17511060
17474317
6978470
10454257
13910511
3463600
24242763
3453858
13793532
6871243
24038421
10293510
6842126
3417428
6822750
13599543
3390828
3378765
10119430
23530972
6706996
3342697
13358799
6663828
3328324
3323541
19938856
13253553
13234463
19781370
3287770
22978714
13101166
13063201
9789696
6516195
19539110
12996883
16234871
16187619
6468910
16140433
19326586
19298346
22482210
6403019
6393632
9577550
12761473
15893885
12705281
19017010
22137869
6318774
18919031
9437402
9416480
21942371
9374713
15614478
18696152
9333036
12426316
3102534
6193522
18557494
6165859
21537925
12269619
6119888
15291692
12214557
3049631
18281764
21297083
3038196
12132234
9084918
12086639
12077532
21121457
21105533
6019436
9009854
2994971
5974091
2983652
8928351
14848224
17791256
17764216
17737200
17683233
20567921
8786628
17535180
5830149
2907258
8706162
11582226
5781100
20177139
17254380
5736669
17174556
5718949
19975405
19929019
19851819
19836392
16975872
16923044
19713127
11228557
14014302
2794533
8374844
19513589
13915790
19467686
13893947
19406572
8302775
19315059
16516307
16503270
19223778
5477947
5464954
19072173
13589951
18981472
18921114
16204867
18845791
2688264
2679671
18755551
8023996
10682230
13321211
18605656
10605271
15870600
18501146
2636941
5271756
18426706
10520141
7883207
5250521
7845041
13023539
10409945
10384580
12949591
15501990
2575598
10300290
10291883
10258282
10233121
5102952
2539976
10132770
2527457
7567788
15112682
5023703
12551989
2504588
15025455
12500144
9991418
17414136
14901311
9892250
7400122
17255279
9826348
12273170
17140129
7332290
2436584
12170639
4854758
4842503
9662570
2408006
7203680
14397201
14385016
16754446
2385676
16697708
16669381
2375566
7118623
7100473
2363467
11805258
16500007
9411640
4700801
4696788
7040168
4680756
2331377
9299536
4636803
6938272
2305463
2299502
13795027
11485601
16066748
9156359
11416247
6837094
11376721
4541612
4521905
4517968
13510635
13463483
2236395
15652806
11160427
2226606
2222697
6654418
2209037
6607639
15393184
13182217
8764182
8748652
2183769
8725387
8709892
4350107
6520324
15189601
12984627
15135551
10791284
2154791
12903729
12880654
6422080
6410571
12811558
14893520
14880130
14866747
10609005
8456285
10561299
6330300
14746579
8410583
6296061
12559853
4173980
10409399
14534213
2065258
2057721
4102272
6131803
6126173
2035185
14231320
10136647
10117974
14126748
6042083
6030922
8034414
2003497
12019127
11985758
11963542
5964208
11908100
9913880
7908610
9867810
7879166
5903402
5892385
5881380
11720609
9739416
7761913
11610918
9648119
5777222
5771766
13419005
7630956
13342849
9511986
9502942
3796477
3792864
11360540
7551459
3760434
13153429
13103151
7458065
3717400
7415147
9242623
12890527
11027429
5502169
5496845
7308445
7287208
12716836
5443770
7237795
12642817
9003714
10773221
8959869
8951115
10699709
8907399
3551445
10636913
7083732
10616029
3523618
1759206
7028155
8759650
12227896
6979722
5224009
5218838
6945247
5203343
10387774
5182725
8630440
10305429
8570449
1707594
8536263
11939503
5100606
5095495
3389621
8451107
8442618
10121300
6713075
5024230
3338786
3332038
11607390
11583837
8256886
8248492
1639976
3274931
1634957
6531474
8148061
8123027
4848153
9687982
8064722
6438147
4823213
9628174
9588409
1593382
6371876
1586775
6325656
7891009
9439933
7858123
6273040
9380881
7808944
1557211
4670000
1552315
9292708
3083469
4621142
4611403
7654341
4587101
10671439
10637548
10614989
7565582
10547472
9030832
7517407
9001981
1494197
2986796
8934828
7437445
4457045
8906121
7405579
1478253
8848869
7365859
1468734
10279555
8791833
1462408
8753929
1456098
1452949
8687809
7223876
4319589
10048267
4291445
9993608
4268065
9939118
1416989
5653994
7052387
8453887
4212255
9809034
6990589
2792230
1392268
2776847
2767631
1381514
4124615
8214038
4083353
5420598
2700415
4042273
5378073
4028632
2676175
4001427
9307010
1325273
1323770
3969808
1317765
7878098
6534890
3906886
9097165
9086729
5185819
1292361
6452884
1284936
1281973
3835564
1268680
3804566
7584095
1261320
1256916
8786685
6268461
5002770
8735485
2488971
8674203
1236467
6180880
6159073
1226303
7356370
1220517
7321658
2436703
6065080
6050687
2416537
1203245
3595410
7183666
7166514
7149379
3569696
3561145
5921952
5900614
4703170
4697499
3505781
4652241
6953677
8083293
1150742
3446615
4579145
3429813
2277694
2274903
1133967
4528909
7897447
2247103
3367193
5599078
1115949
5564583
4440381
3317575
5509624
1099458
1095354
7656551
2181155
7618377
3251993
1081732
6480887
1076306
5366643
1069546
2132351
7438333
6367459
4239154
6335267
2102838
3146914
2092166
4175009
3118957
6231275
6199454
7223650
1029494
6159799
6112323
1016307
1012365
1007121
1001887
7002762
1994641
6957162
987573
6893580
1960915
1953173
2926538
2918815
3881900
3876765
1930047
5777339
2872694
4769552
2849777
4725103
3759580
3739371
5594563
3724254
926352
6483210
916330
2743987
1826409
3649072
3634111
3619186
5399619
3594378
893956
2662110
2654713
1764474
1757103
5251691
3490925
2614220
868151
864497
5163873
5990732
5973765
4248471
5914515
1684177
5889198
837877
3350307
4158177
3311941
3307162
5763379
819940
3269074
4057017
4051103
806914
803380
5622484
4797957
796339
792832
5532328
5524174
5499754
3132937
4672196
3109789
2325124
5410681
3852930
3077515
5362408
3812792
1519863
4541354
4514075
1499399
2242872
3721927
3710654
3693782
735615
2936856
4392412
728904
2910042
724450
2168907
5054494
5031229
2861257
4992586
4969468
2826052
4938742
4908120
4200253
1394997
4869967
3467364
4141527
688270
2060487
2743357
4096174
680724
676430
2018582
4019012
667882
1328322
3967995
658335
2623842
4563011
3898386
1294566
1936090
1288287
2573440
4489688
1917303
4445948
3804425
3164987
1895464
629059
4402379
1867532
2469750
1232301
1228189
3066879
3674305
2436910
607440
606420
605401
1207749
4222546
3010735
1796912
3588765
2367924
1181443
1179430
3534267
1171398
1165395
579207
2885086
2299924
4004788
3402867
2252467
2796158
1671411
3880690
2766753
550618
2197603
3832914
2185933
3805729
3250288
3785389
3232885
1069278
1065434
1063515
2650643
1581402
3671200
2086019
2593533
1033061
3084064
3067093
506642
505705
2021884
2018141
501967
3499798
496390
1977223
2467136
2462517
3434980
978924
1955089
2434902
1452324
3377175
1435901
2380143
1425003
944273
942468
938864
1403351
929889
3225562
459139
2277022
451150
1349915
1796650
1341980
1786081
2674288
3101735
1318333
1730195
2585307
1287023
1712860
2136972
2128349
1699064
2119746
1268928
2533567
2106879
419836
2094051
2081259
1243314
2472203
2860685
1220460
2022029
806626
1604027
2401438
2778440
2356456
2731931
2726143
773356
385443
770064
2297061
380526
2282340
1133430
2248182
1488813
1482363
2577858
1099531
1094736
727963
1089953
360405
1793320
2499905
1418726
351740
2109658
1047412
2081602
688703
342422
682535
2044530
2374670
337053
334767
2331978
989902
2294939
646129
321190
318202
1582822
1260171
942721
938286
623803
617918
1227777
1824520
1516673
1815792
2103323
598988
297692
1781120
1476974
1759645
291968
580385
868806
287717
858221
1427323
1413311
1122136
1395891
276547
1105498
273793
1911064
1358007
1347780
1877645
1337587
1059101
262250
259568
1032252
1026914
1021587
1018928
1516786
1008323
1500925
742233
1234209
974135
726525
1449796
1198323
712920
1655319
1178973
469921
1632881
927695
1156594
687990
686092
907431
1566499
1335113
882382
659766
867489
1294123
1286727
1275671
210268
209051
207838
1445800
821090
816280
1420549
401865
1199653
993689
981887
775998
964291
1329853
1317676
938143
1122426
559198
929506
184297
734334
547193
361207
357826
889795
886996
353346
175281
523624
173067
687315
856537
680742
169231
842892
667699
832055
829356
821289
489348
1131334
1120207
794724
629377
156430
934934
307149
608626
149721
743002
294868
586200
870501
143169
994722
424539
139704
275973
136279
408351
943285
939905
929807
131941
130513
652091
774093
640296
126749
757233
125354
621684
743348
735089
242898
363208
239266
835398
235666
583135
576478
229443
228562
113182
673406
668182
443575
660391
548100
755496
752508
212998
105442
737673
419664
522586
103347
614682
304655
396479
97592
389963
671423
570632
473461
279141
463520
184382
457613
542172
89260
178133
175820
173525
600313
423035
503225
581945
492100
81343
566466
238182
156498
153629
381045
523696
73460
145871
213764
69304
205519
472862
198421
64918
191445
62283
124240
185546
243618
119083
237210
174024
285543
397702
112786
337119
391195
382609
214858
156556
204063
100105
97168
143282
234673
326649
185391
322654
227553
223341
310837
43890
129743
84764
209605
246728
161195
39311
193685
227815
223210
218659
253388
35240
174725
236183
132928
98917
227788
129116
95367
219568
155609
91206
179905
205184
145377
144263
142044
28012
108327
26486
51896
101453
74143
48527
94792
69824
157567
64442
149255
82880
81350
19631
78338
58150
18526
55397
126976
105610
68941
34034
100370
16244
15740
15409
60166
43638
14125
42219
96544
53269
52666
25662
75514
37247
11747
57191
33426
21963
53076
20883
9849
29418
28649
56664
63507
25686
24971
49353
55157
22884
22205
28754
34877
13247
6262
24947
11424
21785
26312
9920
28341
13610
3977
23296
7553
10670
13949
13064
6068
17098
5123
7332
2219
4259
12542
5899
1820
1662
10855
4169
6029
6437
5143
3776
1789
4764
695
2357
536
2651
3123
2089
1836
282
654
351
266
275
203
80
53
23
0
29335947100
15756074
10491062
31425271
10461127
31335546
31245939
5202185
10395422
10377539
15540995
5172396
31013559
30977891
25769867
15451830
20591562
10288367
5130848
30746596
30693330
15336313
25518156
20378496
5083557
35540673
30445332
25326447
20225268
10087655
25164826
25150157
15062536
15044961
20037506
30022618
9999743
14974781
19943989
9953030
34802080
29812455
19839058
29725130
34659448
19769279
14800100
14756588
34354770
19618473
24509341
