2
1
2
1
2
4
2
4
8
16
8
16
8
4
8
16
32
16
32
64
128
64
32
16
8
16
8
4
8
16
8
16
32
64
32
16
32
64
32
16
8
16
32
64
32
16
32
64
32
64
32
16
8
4
8
4
8
4
8
16
8
4
8
16
8
16
8
4
8
16
8
4
8
4
8
16
32
16
32
64
32
64
32
16
8
4
8
4
8
4
8
4
8
16
8
4
8
16
32
16
32
16
32
64
128
256
128
256
128
256
512
1024
512
1024
2048
4096
2048
1024
2048
4096
8192
4096
8192
16384
32768
16384
32768
16384
8192
12288
8192
16384
8192
16384
32768
65536
131072
65536
32768
16384
32768
16384
8192
4096
2048
1024
512
1024
512
1024
2048
1024
2048
1024
512
256
512
256
128
64
32
16
8
16
32
16
8
16
8
16
32
16
32
16
32
16
32
64
32
64
32
64
128
256
128
256
128
256
128
64
128
256
128
256
512
256
512
1024
512
1024
2048
4096
8192
12288
8192
16384
8192
16384
32768
16384
32768
65536
32768
65536
32768
16384
32768
16384
24576
49152
98304
196608
98304
49152
98304
49152
32768
16384
32768
16384
8192
16384
8192
16384
8192
16384
8192
4096
2048
1024
2048
4096
2048
4096
8192
4096
8192
12288
24576
49152
24576
12288
6144
12288
6144
12288
6144
3072
6144
4096
2048
1024
512
1024
512
256
128
256
512
1024
2048
3072
6144
12288
24576
36864
73728
147456
73728
36864
73728
147456
73728
36864
18432
9216
18432
12288
18432
9216
6144
12288
6144
12288
24576
12288
6144
3072
1536
2048
4096
3072
6144
12288
6144
12288
6144
12288
6144
3072
1536
768
1536
3072
6144
12288
24576
49152
98304
49152
98304
49152
98304
49152
24576
49152
98304
49152
98304
196608
98304
196608
393216
786432
1572864
786432
1572864
786432
1572864
786432
393216
589824
1179648
589824
1179648
2359296
1179648
589824
1179648
2359296
4718592
9437184
18874368
37748736
18874368
9437184
4718592
9437184
18874368
37748736
18874368
37748736
56623104
113246208
226492416
452984832
905969664
452984832
226492416
113246208
75497472
150994944
301989888
150994944
301989888
150994944
75497472
37748736
56623104
113246208
226492416
113246208
226492416
452984832
226492416
113246208
226492416
113246208
56623104
37748736
75497472
37748736
18874368
37748736
75497472
150994944
301989888
150994944
301989888
150994944
75497472
150994944
75497472
113246208
56623104
113246208
56623104
28311552
14155776
28311552
14155776
7077888
3538944
7077888
3538944
7077888
3538944
7077888
3538944
7077888
14155776
9437184
18874368
9437184
4718592
9437184
18874368
9437184
18874368
9437184
18874368
9437184
14155776
28311552
56623104
28311552
56623104
28311552
14155776
7077888
3538944
1769472
3538944
1769472
884736
1769472
3538944
5308416
10616832
5308416
2654208
1327104
663552
1327104
663552
1327104
2654208
5308416
7962624
15925248
7962624
3981312
7962624
3981312
1990656
995328
497664
331776
663552
1327104
2654208
5308416
10616832
21233664
10616832
5308416
2654208
5308416
2654208
1327104
2654208
1327104
2654208
1327104
2654208
1327104
2654208
5308416
2654208
1327104
663552
1327104
2654208
5308416
2654208
5308416
10616832
5308416
2654208
1327104
2654208
1327104
2654208
1327104
884736
1769472
3538944
1769472
884736
1769472
884736
442368
221184
110592
221184
442368
221184
442368
221184
442368
884736
442368
221184
110592
147456
294912
221184
442368
884736
1769472
3538944
1769472
884736
1769472
3538944
7077888
3538944
7077888
3538944
1769472
3538944
7077888
14155776
28311552
56623104
113246208
56623104
113246208
56623104
28311552
14155776
28311552
56623104
28311552
18874368
9437184
18874368
37748736
18874368
9437184
18874368
37748736
75497472
37748736
75497472
113246208
226492416
113246208
56623104
84934656
42467328
84934656
169869312
113246208
75497472
37748736
18874368
37748736
18874368
9437184
18874368
37748736
75497472
150994944
301989888
603979776
301989888
150994944
301989888
201326592
100663296
150994944
75497472
37748736
25165824
50331648
75497472
150994944
100663296
201326592
100663296
50331648
75497472
150994944
301989888
603979776
207959545
811939321
207959545
603979776
905969664
811939321
905969664
358954489
717908978
358954489
679477248
358954489
717908978
358954489
717908978
358954489
717908978
435817949
871635898
743271789
871635898
743271789
486543571
973087142
946174277
892348547
784697087
677045627
838522817
892348547
946174277
892348547
946174277
892348547
946174277
973087142
946174277
892348547
946174277
892348547
928232367
964116187
946174277
892348547
838522817
919261412
459630706
689446059
378892111
689446059
844723033
767084546
383542273
767084546
844723033
229815353
614907680
229815353
459630706
919261412
459630706
229815353
459630706
973087142
946174277
973087142
946174277
892348547
784697087
892348547
946174277
892348547
946174277
892348547
784697087
892348547
946174277
928232367
964116187
982058097
654705398
991029052
495514526
991029052
982058097
964116187
982058097
964116187
618821578
309410789
618821578
309410789
654705398
327352699
654705398
309410789
654705398
327352699
663676353
327352699
663676353
831838180
663676353
327352699
654705398
991029052
982058097
964116187
982058097
991029052
495514526
247757263
623878635
247757263
495514526
327352699
654705398
318381744
654705398
327352699
654705398
309410789
618821578
964116187
928232367
856464727
928232367
964116187
946174277
973087142
486543571
743271789
871635898
743271789
871635898
307453840
614907680
229815353
459630706
229815353
459630706
919261412
838522817
919261412
459630706
919261412
892348547
784697087
677045627
838522817
919261412
946174277
892348547
784697087
569394167
138788327
277576654
555153308
110306609
555153308
277576654
138788327
569394167
784697087
892348547
946174277
964116187
982058097
991029052
495514526
247757263
871635898
247757263
623878635
811939321
623878635
811939321
905969664
358954489
905969664
811939321
905969664
452984832
905969664
358954489
717908978
435817949
153726920
76863460
38431730
57647595
38431730
19215865
509607936
19215865
38431730
19215865
764411904
382205952
254803968
509607936
254803968
127401984
254803968
127401984
169869312
127401984
254803968
509607936
254803968
127401984
254803968
509607936
19215865
38431730
19215865
509607936
254803968
169869312
84934656
42467328
21233664
42467328
21233664
42467328
21233664
14155776
28311552
14155776
28311552
14155776
28311552
14155776
7077888
10616832
15925248
23887872
15925248
31850496
15925248
10616832
5308416
10616832
15925248
31850496
15925248
10616832
5308416
3538944
7077888
3538944
7077888
3538944
1769472
884736
1769472
3538944
7077888
14155776
7077888
3538944
7077888
14155776
28311552
14155776
28311552
14155776
28311552
56623104
28311552
14155776
28311552
56623104
28311552
14155776
7077888
14155776
28311552
56623104
28311552
14155776
28311552
56623104
28311552
14155776
7077888
3538944
7077888
14155776
28311552
18874368
9437184
4718592
9437184
4718592
2359296
1179648
2359296
4718592
9437184
14155776
28311552
14155776
7077888
10616832
21233664
10616832
21233664
14155776
9437184
4718592
9437184
18874368
37748736
18874368
37748736
18874368
37748736
18874368
37748736
18874368
37748736
75497472
150994944
301989888
150994944
75497472
150994944
75497472
150994944
75497472
150994944
301989888
603979776
301989888
150994944
75497472
37748736
18874368
37748736
18874368
9437184
18874368
37748736
18874368
9437184
18874368
9437184
4718592
2359296
1179648
2359296
4718592
9437184
18874368
9437184
18874368
9437184
18874368
37748736
18874368
9437184
18874368
12582912
6291456
12582912
6291456
12582912
18874368
9437184
4718592
3145728
1572864
786432
1572864
2359296
1572864
3145728
2097152
4194304
2097152
4194304
2097152
4194304
2097152
4194304
2097152
1048576
1572864
3145728
6291456
12582912
25165824
50331648
25165824
50331648
100663296
50331648
25165824
50331648
100663296
201326592
100663296
50331648
25165824
50331648
100663296
201326592
100663296
50331648
100663296
201326592
100663296
50331648
100663296
150994944
75497472
50331648
100663296
150994944
75497472
50331648
25165824
50331648
25165824
12582912
25165824
12582912
25165824
12582912
6291456
3145728
6291456
12582912
6291456
3145728
6291456
3145728
1572864
3145728
1572864
3145728
6291456
3145728
6291456
12582912
6291456
3145728
1572864
3145728
1572864
3145728
6291456
3145728
1572864
3145728
1572864
786432
1572864
3145728
6291456
3145728
1572864
3145728
1572864
786432
393216
196608
393216
786432
1572864
3145728
6291456
12582912
6291456
3145728
6291456
3145728
4718592
3145728
6291456
12582912
25165824
12582912
25165824
50331648
75497472
150994944
75497472
113246208
56623104
113246208
75497472
37748736
18874368
37748736
75497472
37748736
18874368
9437184
18874368
12582912
6291456
12582912
25165824
50331648
100663296
50331648
100663296
201326592
402653184
805306368
402653184
805306368
610612729
221225451
610612729
805306368
610612729
805306368
402653184
805306368
207959545
603979776
905969664
811939321
623878635
247757263
623878635
247757263
623878635
435817949
623878635
247757263
623878635
811939321
905969664
811939321
623878635
811939321
905969664
452984832
226492416
150994944
75497472
150994944
100663296
50331648
100663296
50331648
33554432
67108864
134217728
67108864
134217728
67108864
134217728
67108864
33554432
67108864
33554432
67108864
33554432
16777216
8388608
4194304
2097152
4194304
8388608
16777216
8388608
4194304
8388608
4194304
8388608
16777216
8388608
16777216
25165824
50331648
100663296
201326592
402653184
201326592
402653184
805306368
402653184
805306368
402653184
603979776
207959545
415919090
207959545
603979776
207959545
415919090
207959545
415919090
207959545
603979776
207959545
603979776
301989888
603979776
207959545
805306368
402653184
201326592
100663296
50331648
33554432
67108864
100663296
50331648
25165824
50331648
100663296
50331648
25165824
12582912
25165824
50331648
100663296
50331648
67108864
33554432
67108864
33554432
16777216
33554432
67108864
134217728
67108864
50331648
25165824
37748736
75497472
150994944
75497472
37748736
75497472
150994944
75497472
37748736
18874368
28311552
56623104
28311552
56623104
84934656
56623104
28311552
42467328
84934656
56623104
37748736
18874368
9437184
4718592
2359296
4718592
9437184
18874368
37748736
18874368
37748736
75497472
150994944
75497472
150994944
75497472
37748736
75497472
37748736
75497472
150994944
301989888
603979776
301989888
150994944
75497472
150994944
100663296
201326592
402653184
805306368
402653184
805306368
402653184
805306368
402653184
805306368
610612729
805306368
402653184
201326592
100663296
150994944
301989888
603979776
301989888
150994944
301989888
150994944
301989888
150994944
301989888
150994944
301989888
603979776
207959545
811939321
717908978
435817949
871635898
743271789
871635898
435817949
871635898
247757263
831838180
415919090
831838180
663676353
327352699
663676353
327352699
663676353
831838180
663676353
327352699
991029052
495514526
991029052
495514526
247757263
871635898
435817949
717908978
623878635
415919090
831838180
663676353
327352699
654705398
309410789
618821578
309410789
618821578
237643149
618821578
928232367
946174277
892348547
784697087
892348547
946174277
919261412
459630706
229815353
459630706
973087142
946174277
973087142
459630706
919261412
838522817
919261412
838522817
919261412
459630706
919261412
838522817
919261412
838522817
677045627
354091247
677045627
354091247
708182494
416364981
708182494
416364981
832729962
665459917
832729962
555153308
110306609
220613218
110306609
555153308
277576654
138788327
425858887
851717774
425858887
712929447
856464727
712929447
856464727
712929447
425858887
712929447
856464727
928232367
856464727
784697087
892348547
838522817
677045627
354091247
677045627
838522817
892348547
784697087
856464727
712929447
856464727
712929447
425858887
851717774
425858887
851717774
425858887
712929447
425858887
851717774
277576654
138788327
277576654
138788327
277576654
138788327
425858887
712929447
425858887
712929447
856464727
928232367
964116187
309410789
654705398
309410789
618821578
237643149
475286298
950572596
475286298
237643149
618821578
309410789
654705398
327352699
663676353
831838180
663676353
831838180
663676353
327352699
663676353
831838180
663676353
327352699
663676353
831838180
663676353
327352699
663676353
327352699
654705398
327352699
654705398
309410789
618821578
237643149
475286298
237643149
618821578
237643149
618821578
237643149
618821578
309410789
654705398
982058097
991029052
982058097
991029052
982058097
964116187
946174277
892348547
784697087
892348547
946174277
892348547
784697087
569394167
138788327
851717774
703435541
851717774
277576654
555153308
110306609
220613218
330919827
661839654
323679301
661839654
992759481
661839654
323679301
647358602
294717197
589434394
294717197
647358602
764905737
529811467
764905737
529811467
59622927
529811467
764905737
19874309
509937158
673291441
836645724
557763816
115527625
231055250
115527625
557763816
115527625
557763816
115527625
231055250
115527625
231055250
346582875
19874309
39748618
19874309
509937158
254968579
627484293
813742150
406871075
703435541
406871075
703435541
406871075
813742150
406871075
703435541
277576654
555153308
277576654
555153308
110306609
220613218
441226436
220613218
441226436
254968579
627484293
813742150
406871075
703435541
802290363
604580719
209161431
604580719
209161431
418322862
209161431
418322862
836645724
673291441
346582875
693165750
346582875
693165750
39748618
19874309
509937158
254968579
509937158
254968579
836645724
254968579
882452872
764905737
509937158
254968579
627484293
254968579
441226436
882452872
764905737
529811467
764905737
882452872
764905737
647358602
294717197
59622927
294717197
589434394
178868781
589434394
294717197
589434394
294717197
589434394
178868781
357737562
178868781
119245854
59622927
119245854
178868781
357737562
715475124
357737562
178868781
589434394
884151591
768303175
536606343
73212679
146425358
73212679
146425358
73212679
146425358
292850716
439276074
219638037
146425358
292850716
861900482
146425358
73212679
536606343
768303175
884151591
942075799
971037903
942075799
971037903
985518955
971037903
294717197
942075799
884151591
768303175
826227383
913113695
956556851
913113695
956556851
971037903
942075799
884151591
768303175
536606343
768303175
536606343
768303175
536606343
73212679
146425358
292850716
585701432
171402857
585701432
292850716
146425358
219638037
829457059
658914111
829457059
914728533
957364270
436046398
872092796
744185585
829457059
914728533
957364270
478682135
739341071
478682135
652454759
304909511
609819022
304909511
609819022
73212679
146425358
73212679
146425358
73212679
715475124
357737562
178868781
589434394
294717197
589434394
294717197
589434394
178868781
589434394
294717197
589434394
294717197
589434394
884151591
942075799
971037903
942075799
913113695
869670539
739341071
478682135
652454759
826227383
768303175
884151591
768303175
826227383
913113695
826227383
913113695
956556851
913113695
956556851
978278429
956556851
978278429
956556851
978278429
956556851
942075799
913113695
956556851
913113695
942075799
971037903
985518955
989139218
494569609
241854410
120927205
241854410
494569609
989139218
978278429
956556851
913113695
826227383
913113695
956556851
913113695
826227383
913113695
956556851
978278429
971037903
985518955
978278429
985518955
992759481
985518955
989139218
494569609
989139218
494569609
989139218
978278429
956556851
913113695
956556851
913113695
826227383
652454759
826227383
913113695
826227383
652454759
478682135
739341071
869670539
934835273
967417640
483708820
241854410
483708820
967417640
934835273
869670539
934835273
967417640
483708820
241854410
483708820
967417640
934835273
967417640
978278429
956556851
978278429
956556851
913113695
826227383
739341071
826227383
913113695
826227383
913113695
826227383
913113695
826227383
652454759
304909511
957364270
478682135
739341071
869670539
739341071
869670539
804505805
902252906
451126453
902252906
804505805
609011603
804505805
902252906
451126453
902252906
451126453
725563230
451126453
902252906
934835273
967417640
978278429
956556851
913113695
956556851
934835273
967417640
934835273
967417640
483708820
241854410
989139218
494569609
747284808
494569609
747284808
373642404
747284808
498189872
249094936
498189872
249094936
498189872
996379744
498189872
996379744
498189872
249094936
124547468
93410601
186821202
93410601
546705304
273352652
546705304
273352652
136676326
205014489
410028978
205014489
410028978
205014489
136676326
273352652
546705304
273352652
546705304
273352652
546705304
273352652
136676326
68338163
136676326
273352652
546705304
273352652
136676326
273352652
546705304
93410601
546705304
93410601
546705304
93410601
546705304
93410601
546705304
93410601
186821202
93410601
546705304
93410601
186821202
93410601
640115905
280231803
640115905
280231803
560463606
120927205
747284808
494569609
989139218
494569609
747284808
494569609
989139218
494569609
989139218
985518955
992759481
996379744
992759481
996379744
498189872
996379744
992759481
323679301
647358602
985518955
992759481
985518955
992759481
985518955
992759481
996379744
992759481
985518955
992759481
985518955
978278429
956556851
913113695
956556851
913113695
956556851
942075799
913113695
956556851
913113695
956556851
978278429
956556851
913113695
934835273
869670539
934835273
869670539
934835273
869670539
934835273
956556851
978278429
956556851
934835273
956556851
934835273
869670539
934835273
967417640
934835273
869670539
739341071
